Checking savers/floaters.c ...
savers/floaters.c:317:18: style: Parameter 'start_point' can be declared as pointer to const [constParameterPointer]
path_new (Point *start_point,
                 ^
savers/floaters.c:318:18: style: Parameter 'start_control_point' can be declared as pointer to const [constParameterPointer]
          Point *start_control_point,
                 ^
savers/floaters.c:319:18: style: Parameter 'end_control_point' can be declared as pointer to const [constParameterPointer]
          Point *end_control_point,
                 ^
savers/floaters.c:320:18: style: Parameter 'end_point' can be declared as pointer to const [constParameterPointer]
          Point *end_point,
                 ^
savers/floaters.c:363:40: style: Parameter 'position' can be declared as pointer to const [constParameterPointer]
                          Point       *position,
                                       ^
savers/floaters.c:398:57: style: Parameter 'screen_saver' can be declared as pointer to const [constParameterPointer]
screen_saver_floater_is_off_canvas (ScreenSaver        *screen_saver,
                                                        ^
savers/floaters.c:399:57: style: Parameter 'floater' can be declared as pointer to const [constParameterPointer]
                                    ScreenSaverFloater *floater)
                                                        ^
savers/floaters.c:434:60: style: Parameter 'floater' can be declared as pointer to const [constParameterPointer]
                                       ScreenSaverFloater *floater,
                                                           ^
savers/floaters.c:494:63: style: Parameter 'screen_saver' can be declared as pointer to const [constParameterPointer]
screen_saver_floater_get_angle_from_time (ScreenSaver        *screen_saver,
                                                              ^
savers/floaters.c:509:29: style: Parameter 'floater' can be declared as pointer to const [constParameterPointer]
        ScreenSaverFloater *floater,
                            ^
savers/floaters.c:534:29: style: Parameter 'floater' can be declared as pointer to const [constParameterPointer]
        ScreenSaverFloater *floater,
                            ^
savers/floaters.c:553:29: style: Parameter 'floater' can be declared as pointer to const [constParameterPointer]
        ScreenSaverFloater *floater,
                            ^
savers/floaters.c:951:51: style: Parameter 'screen_saver' can be declared as pointer to const [constParameterPointer]
screen_saver_get_updates_per_second (ScreenSaver *screen_saver)
                                                  ^
savers/floaters.c:957:50: style: Parameter 'screen_saver' can be declared as pointer to const [constParameterPointer]
screen_saver_get_frames_per_second (ScreenSaver *screen_saver)
                                                 ^
savers/floaters.c:985:47: style: Parameter 'allocation' can be declared as pointer to const. However it seems that 'screen_saver_on_size_allocate' is a callback function, if 'allocation' is declared with const you might also need to cast function pointer(s). [constParameterCallback]
                               CtkAllocation *allocation)
                                              ^
savers/floaters.c:853:40: note: You might need to cast the function pointer here
                           G_CALLBACK (screen_saver_on_size_allocate),
                                       ^
savers/floaters.c:985:47: note: Parameter 'allocation' can be declared as pointer to const
                               CtkAllocation *allocation)
                                              ^
savers/floaters.c:999:39: style: Parameter 'a' can be declared as pointer to const. However it seems that 'compare_floaters' is a callback function, if 'a' is declared with const you might also need to cast function pointer(s). [constParameterCallback]
compare_floaters (ScreenSaverFloater *a,
                                      ^
savers/floaters.c:1020:54: note: You might need to cast the function pointer here
                                       (GCompareFunc)compare_floaters);
                                                     ^
savers/floaters.c:999:39: note: Parameter 'a' can be declared as pointer to const
compare_floaters (ScreenSaverFloater *a,
                                      ^
savers/floaters.c:1000:39: style: Parameter 'b' can be declared as pointer to const. However it seems that 'compare_floaters' is a callback function, if 'b' is declared with const you might also need to cast function pointer(s). [constParameterCallback]
                  ScreenSaverFloater *b)
                                      ^
savers/floaters.c:1020:54: note: You might need to cast the function pointer here
                                       (GCompareFunc)compare_floaters);
                                                     ^
savers/floaters.c:1000:39: note: Parameter 'b' can be declared as pointer to const
                  ScreenSaverFloater *b)
                                      ^
1/37 files checked 6% done
Checking savers/gs-theme-engine.c ...
savers/gs-theme-engine.c:43:1: error: There is an unknown macro here somewhere. Configuration is required. If G_DEFINE_ABSTRACT_TYPE_WITH_PRIVATE is a macro then please configure it. [unknownMacro]
G_DEFINE_ABSTRACT_TYPE_WITH_PRIVATE (GSThemeEngine, gs_theme_engine, CTK_TYPE_DRAWING_AREA)
^
Checking savers/gs-theme-engine.c: G_HAVE_GNUC_VARARGS...
Checking savers/gs-theme-engine.c: G_HAVE_ISO_VARARGS...
2/37 files checked 7% done
Checking savers/gs-theme-window.c ...
savers/gs-theme-window.c:45:1: error: There is an unknown macro here somewhere. Configuration is required. If G_DEFINE_TYPE is a macro then please configure it. [unknownMacro]
G_DEFINE_TYPE (GSThemeWindow, gs_theme_window, CTK_TYPE_WINDOW)
^
3/37 files checked 8% done
Checking savers/gste-slide.c ...
savers/gste-slide.c:90:1: error: There is an unknown macro here somewhere. Configuration is required. If G_DEFINE_TYPE_WITH_PRIVATE is a macro then please configure it. [unknownMacro]
G_DEFINE_TYPE_WITH_PRIVATE (GSTESlideshow, gste_slide, GS_TYPE_THEME_ENGINE)
^
Checking savers/gste-slide.c: G_HAVE_GNUC_VARARGS...
Checking savers/gste-slide.c: G_HAVE_ISO_VARARGS...
4/37 files checked 12% done
Checking savers/gste-squares.c ...
savers/gste-squares.c:58:1: error: There is an unknown macro here somewhere. Configuration is required. If G_DEFINE_TYPE_WITH_PRIVATE is a macro then please configure it. [unknownMacro]
G_DEFINE_TYPE_WITH_PRIVATE (GSTEPopsquares, gste_squares, GS_TYPE_THEME_ENGINE)
^
Checking savers/gste-squares.c: G_HAVE_GNUC_VARARGS...
Checking savers/gste-squares.c: G_HAVE_ISO_VARARGS...
5/37 files checked 14% done
Checking savers/slide.c ...
savers/slide.c:0:0: information: Limiting analysis of branches. Use --check-level=exhaustive to analyze all branches. [normalCheckLevelMaxBranches]

^
Checking savers/slide.c: G_HAVE_GNUC_VARARGS...
Checking savers/slide.c: G_HAVE_ISO_VARARGS...
6/37 files checked 15% done
Checking savers/squares.c ...
Checking savers/squares.c: G_HAVE_GNUC_VARARGS...
Checking savers/squares.c: G_HAVE_ISO_VARARGS...
7/37 files checked 15% done
Checking savers/xdg-user-dir-lookup.c ...
savers/xdg-user-dir-lookup.c:0:0: information: Limiting analysis of branches. Use --check-level=exhaustive to analyze all branches. [normalCheckLevelMaxBranches]

^
savers/xdg-user-dir-lookup.c:38:8: style: Variable 'home_dir' can be declared as pointer to const [constVariablePointer]
 char *home_dir, *config_home, *config_file;
       ^
savers/xdg-user-dir-lookup.c:38:19: style: Variable 'config_home' can be declared as pointer to const [constVariablePointer]
 char *home_dir, *config_home, *config_file;
                  ^
Checking savers/xdg-user-dir-lookup.c: STANDALONE...
savers/xdg-user-dir-lookup.c:164:18: error: Allocation with xdg_user_dir_lookup, printf doesn't release it. [leakNoVarFunctionCall]
 printf ("%s\n", xdg_user_dir_lookup (argv[1]));
                 ^
8/37 files checked 15% done
Checking src/cafe-screensaver-command.c ...
src/cafe-screensaver-command.c:289:4: error: Common realloc mistake: 'buffer' nulled but not freed upon failure [memleakOnRealloc]
   buffer = realloc (buffer, sizeof (char *) * (count + 8));
   ^
src/cafe-screensaver-command.c:311:3: error: Common realloc mistake: 'buffer' nulled but not freed upon failure [memleakOnRealloc]
  buffer = realloc (buffer, sizeof (char *) * (count + 1));
  ^
src/cafe-screensaver-command.c:428:9: style: Variable 'reply' is assigned a value that is never used. [unreadVariable]
  reply = screensaver_send_message_void (connection, "Lock", FALSE);
        ^
src/cafe-screensaver-command.c:433:9: style: Variable 'reply' is assigned a value that is never used. [unreadVariable]
  reply = screensaver_send_message_void (connection, "Unlock", FALSE);
        ^
src/cafe-screensaver-command.c:438:9: style: Variable 'reply' is assigned a value that is never used. [unreadVariable]
  reply = screensaver_send_message_void (connection, "Cycle", FALSE);
        ^
src/cafe-screensaver-command.c:443:9: style: Variable 'reply' is assigned a value that is never used. [unreadVariable]
  reply = screensaver_send_message_void (connection, "SimulateUserActivity", FALSE);
        ^
Checking src/cafe-screensaver-command.c: ENABLE_NLS...
Checking src/cafe-screensaver-command.c: ENABLE_NLS;HAVE_BIND_TEXTDOMAIN_CODESET...
9/37 files checked 18% done
Checking src/cafe-screensaver-dialog.c ...
src/cafe-screensaver-dialog.c:0:0: information: Limiting analysis of branches. Use --check-level=exhaustive to analyze all branches. [normalCheckLevelMaxBranches]

^
src/cafe-screensaver-dialog.c:315:37: style: Parameter 'plug' can be declared as pointer to const. However it seems that 'response_cb' is a callback function, if 'plug' is declared with const you might also need to cast function pointer(s). [constParameterCallback]
static void response_cb(GSLockPlug* plug, gint response_id)
                                    ^
src/cafe-screensaver-dialog.c:407:64: note: You might need to cast the function pointer here
 g_signal_connect(GS_LOCK_PLUG(widget), "response", G_CALLBACK(response_cb), NULL);
                                                               ^
src/cafe-screensaver-dialog.c:315:37: note: Parameter 'plug' can be declared as pointer to const
static void response_cb(GSLockPlug* plug, gint response_id)
                                    ^
Checking src/cafe-screensaver-dialog.c: ENABLE_NLS...
Checking src/cafe-screensaver-dialog.c: ENABLE_NLS;HAVE_BIND_TEXTDOMAIN_CODESET...
Checking src/cafe-screensaver-dialog.c: ENABLE_PROFILING...
Checking src/cafe-screensaver-dialog.c: ENABLE_PROFILING;G_HAVE_GNUC_VARARGS...
Checking src/cafe-screensaver-dialog.c: ENABLE_PROFILING;G_HAVE_ISO_VARARGS...
Checking src/cafe-screensaver-dialog.c: NO_LOCKING...
Checking src/cafe-screensaver-dialog.c: __APPLE__...
Checking src/cafe-screensaver-dialog.c: __GNUC__...
Checking src/cafe-screensaver-dialog.c: __STDC_VERSION__...
10/37 files checked 20% done
Checking src/cafe-screensaver-gl-helper.c ...
Checking src/cafe-screensaver-gl-helper.c: ENABLE_NLS...
Checking src/cafe-screensaver-gl-helper.c: ENABLE_NLS;HAVE_BIND_TEXTDOMAIN_CODESET...
11/37 files checked 21% done
Checking src/cafe-screensaver-preferences.c ...
src/cafe-screensaver-preferences.c:0:0: information: Limiting analysis of branches. Use --check-level=exhaustive to analyze all branches. [normalCheckLevelMaxBranches]

^
src/cafe-screensaver-preferences.c:582:28: style: Parameter 'id_a' can be declared as pointer to const [constParameterPointer]
                     char *id_a,
                           ^
src/cafe-screensaver-preferences.c:583:28: style: Parameter 'id_b' can be declared as pointer to const [constParameterPointer]
                     char *id_b)
                           ^
src/cafe-screensaver-preferences.c:826:33: style: Parameter 'widget' can be declared as pointer to const. However it seems that 'drag_motion_cb' is a callback function, if 'widget' is declared with const you might also need to cast function pointer(s). [constParameterCallback]
drag_motion_cb (CtkWidget      *widget,
                                ^
src/cafe-screensaver-preferences.c:1671:32: note: You might need to cast the function pointer here
                   G_CALLBACK (drag_motion_cb), NULL);
                               ^
src/cafe-screensaver-preferences.c:826:33: note: Parameter 'widget' can be declared as pointer to const
drag_motion_cb (CtkWidget      *widget,
                                ^
src/cafe-screensaver-preferences.c:827:33: style: Parameter 'context' can be declared as pointer to const. However it seems that 'drag_motion_cb' is a callback function, if 'context' is declared with const you might also need to cast function pointer(s). [constParameterCallback]
                CdkDragContext *context,
                                ^
src/cafe-screensaver-preferences.c:1671:32: note: You might need to cast the function pointer here
                   G_CALLBACK (drag_motion_cb), NULL);
                               ^
src/cafe-screensaver-preferences.c:827:33: note: Parameter 'context' can be declared as pointer to const
                CdkDragContext *context,
                                ^
src/cafe-screensaver-preferences.c:1315:8: style: Variable 'suid' is assigned a value that is never used. [unreadVariable]
  suid = ruid = getuid ();
       ^
src/cafe-screensaver-preferences.c:1316:8: style: Variable 'sgid' is assigned a value that is never used. [unreadVariable]
  sgid = rgid = getgid ();
       ^
src/cafe-screensaver-preferences.c:1316:15: style: Variable 'rgid' is assigned a value that is never used. [unreadVariable]
  sgid = rgid = getgid ();
              ^
src/cafe-screensaver-preferences.c:1317:8: style: Variable 'euid' is assigned a value that is never used. [unreadVariable]
  euid = geteuid ();
       ^
src/cafe-screensaver-preferences.c:1318:8: style: Variable 'egid' is assigned a value that is never used. [unreadVariable]
  egid = getegid ();
       ^
Checking src/cafe-screensaver-preferences.c: ENABLE_NLS...
Checking src/cafe-screensaver-preferences.c: ENABLE_NLS;HAVE_BIND_TEXTDOMAIN_CODESET...
Checking src/cafe-screensaver-preferences.c: ENABLE_PROFILING...
Checking src/cafe-screensaver-preferences.c: ENABLE_PROFILING;G_HAVE_GNUC_VARARGS...
Checking src/cafe-screensaver-preferences.c: ENABLE_PROFILING;G_HAVE_ISO_VARARGS...
Checking src/cafe-screensaver-preferences.c: HAVE_GETRESUID...
Checking src/cafe-screensaver-preferences.c: __GNUC__...
Checking src/cafe-screensaver-preferences.c: __STDC_VERSION__...
12/37 files checked 28% done
Checking src/cafe-screensaver.c ...
Checking src/cafe-screensaver.c: ENABLE_NLS...
Checking src/cafe-screensaver.c: ENABLE_NLS;HAVE_BIND_TEXTDOMAIN_CODESET...
Checking src/cafe-screensaver.c: ENABLE_PROFILING...
Checking src/cafe-screensaver.c: ENABLE_PROFILING;G_HAVE_GNUC_VARARGS...
Checking src/cafe-screensaver.c: ENABLE_PROFILING;G_HAVE_ISO_VARARGS...
Checking src/cafe-screensaver.c: __GNUC__...
Checking src/cafe-screensaver.c: __STDC_VERSION__...
13/37 files checked 28% done
Checking src/copy-theme-dialog.c ...
src/copy-theme-dialog.c:82:1: error: There is an unknown macro here somewhere. Configuration is required. If G_DEFINE_TYPE_WITH_PRIVATE is a macro then please configure it. [unknownMacro]
G_DEFINE_TYPE_WITH_PRIVATE (CopyThemeDialog, copy_theme_dialog, CTK_TYPE_DIALOG)
^
14/37 files checked 31% done
Checking src/gs-auth-bsdauth.c ...
src/gs-auth-bsdauth.c:83:6: error: Uninitialized variable: password [legacyUninitvar]
 if (password == NULL) {
     ^
Checking src/gs-auth-bsdauth.c: HAVE_SIGACTION...
Checking src/gs-auth-bsdauth.c: HAVE_UNISTD_H...
15/37 files checked 31% done
Checking src/gs-auth-helper.c ...
Checking src/gs-auth-helper.c: HAVE_SIGACTION...
Checking src/gs-auth-helper.c: HAVE_UNISTD_H...
16/37 files checked 32% done
Checking src/gs-auth-pam.c ...
src/gs-auth-pam.c:0:0: information: Limiting analysis of branches. Use --check-level=exhaustive to analyze all branches. [normalCheckLevelMaxBranches]

^
src/gs-auth-pam.c:410:14: style: Variable 'status' is reassigned a value before the old one has been used. [redundantAssignment]
 if ((status = pam_start (service, username, conv, &pam_handle)) != PAM_SUCCESS)
             ^
src/gs-auth-pam.c:405:9: note: status is assigned
 status = -1;
        ^
src/gs-auth-pam.c:410:14: note: status is overwritten
 if ((status = pam_start (service, username, conv, &pam_handle)) != PAM_SUCCESS)
             ^
src/gs-auth-pam.c:454:6: style: Variable 'ret' is reassigned a value before the old one has been used. [redundantAssignment]
 ret = TRUE;
     ^
src/gs-auth-pam.c:407:6: note: ret is assigned
 ret = TRUE;
     ^
src/gs-auth-pam.c:454:6: note: ret is overwritten
 ret = TRUE;
     ^
src/gs-auth-pam.c:723:21: style: Variable 'pwent' can be declared as pointer to const [constVariablePointer]
 struct passwd     *pwent;
                    ^
src/gs-auth-pam.c:280:6: style: Variable 'res' is assigned a value that is never used. [unreadVariable]
 res = TRUE;
     ^
src/gs-auth-pam.c:697:12: style: Variable 'watch_id' is assigned a value that is never used. [unreadVariable]
  watch_id = 0;
           ^
Checking src/gs-auth-pam.c: HAVE_PAM_FAIL_DELAY...
Checking src/gs-auth-pam.c: HAVE_SIGACTION...
Checking src/gs-auth-pam.c: HAVE_UNISTD_H...
Checking src/gs-auth-pam.c: PAM_STRERROR_TWO_ARGS...
17/37 files checked 35% done
Checking src/gs-auth-pwent.c ...
src/gs-auth-pwent.c:233:8: style: Variable 's' can be declared as pointer to const [constVariablePointer]
 char *s = NULL;  /* note that on some systems, crypt() may return null */
       ^
Checking src/gs-auth-pwent.c: HAVE_ADJUNCT_PASSWD...
Checking src/gs-auth-pwent.c: HAVE_BSDAUTH;HAVE_PAM...
Checking src/gs-auth-pwent.c: HAVE_CRYPT_H...
Checking src/gs-auth-pwent.c: HAVE_ENHANCED_PASSWD...
Checking src/gs-auth-pwent.c: HAVE_HPUX_PASSWD...
Checking src/gs-auth-pwent.c: HAVE_SHADOW_PASSWD...
Checking src/gs-auth-pwent.c: HAVE_UNISTD_H...
Checking src/gs-auth-pwent.c: __bsdi__...
18/37 files checked 36% done
Checking src/gs-debug.c ...
src/gs-debug.c:135:10: style: The scope of the variable 'args' can be reduced. [variableScope]
 va_list args;
         ^
Checking src/gs-debug.c: ENABLE_PROFILING...
Checking src/gs-debug.c: ENABLE_PROFILING;G_HAVE_GNUC_VARARGS...
Checking src/gs-debug.c: ENABLE_PROFILING;G_HAVE_ISO_VARARGS...
Checking src/gs-debug.c: __GNUC__...
Checking src/gs-debug.c: __STDC_VERSION__...
19/37 files checked 37% done
Checking src/gs-fade.c ...
src/gs-fade.c:120:1: error: There is an unknown macro here somewhere. Configuration is required. If G_DEFINE_TYPE_WITH_PRIVATE is a macro then please configure it. [unknownMacro]
G_DEFINE_TYPE_WITH_PRIVATE (GSFade, gs_fade, G_TYPE_OBJECT)
^
Checking src/gs-fade.c: ENABLE_PROFILING...
Checking src/gs-fade.c: ENABLE_PROFILING;G_HAVE_GNUC_VARARGS...
Checking src/gs-fade.c: ENABLE_PROFILING;G_HAVE_ISO_VARARGS...
Checking src/gs-fade.c: HAVE_UNISTD_H...
Checking src/gs-fade.c: HAVE_XF86VMODE_GAMMA...
Checking src/gs-fade.c: HAVE_XF86VMODE_GAMMA;HAVE_XF86VMODE_GAMMA_RAMP...
Checking src/gs-fade.c: __GNUC__...
Checking src/gs-fade.c: __STDC_VERSION__...
20/37 files checked 40% done
Checking src/gs-grab-x11.c ...
src/gs-grab-x11.c:50:1: error: There is an unknown macro here somewhere. Configuration is required. If G_DEFINE_TYPE_WITH_PRIVATE is a macro then please configure it. [unknownMacro]
G_DEFINE_TYPE_WITH_PRIVATE (GSGrab, gs_grab, G_TYPE_OBJECT)
^
Checking src/gs-grab-x11.c: ENABLE_PROFILING...
Checking src/gs-grab-x11.c: ENABLE_PROFILING;G_HAVE_GNUC_VARARGS...
Checking src/gs-grab-x11.c: ENABLE_PROFILING;G_HAVE_ISO_VARARGS...
Checking src/gs-grab-x11.c: __GNUC__...
Checking src/gs-grab-x11.c: __STDC_VERSION__...
21/37 files checked 42% done
Checking src/gs-job.c ...
src/gs-job.c:69:1: error: There is an unknown macro here somewhere. Configuration is required. If G_DEFINE_TYPE_WITH_PRIVATE is a macro then please configure it. [unknownMacro]
G_DEFINE_TYPE_WITH_PRIVATE (GSJob, gs_job, G_TYPE_OBJECT)
^
Checking src/gs-job.c: ENABLE_PROFILING...
Checking src/gs-job.c: ENABLE_PROFILING;G_HAVE_GNUC_VARARGS...
Checking src/gs-job.c: ENABLE_PROFILING;G_HAVE_ISO_VARARGS...
Checking src/gs-job.c: HAVE_SETPRIORITY;PRIO_PROCESS...
Checking src/gs-job.c: HAVE_SIGACTION...
Checking src/gs-job.c: __GNUC__...
Checking src/gs-job.c: __STDC_VERSION__...
22/37 files checked 44% done
Checking src/gs-listener-dbus.c ...
src/gs-listener-dbus.c:149:1: error: There is an unknown macro here somewhere. Configuration is required. If G_DEFINE_TYPE_WITH_PRIVATE is a macro then please configure it. [unknownMacro]
G_DEFINE_TYPE_WITH_PRIVATE (GSListener, gs_listener, G_TYPE_OBJECT)
^
Checking src/gs-listener-dbus.c: ENABLE_PROFILING...
Checking src/gs-listener-dbus.c: ENABLE_PROFILING;G_HAVE_GNUC_VARARGS...
Checking src/gs-listener-dbus.c: ENABLE_PROFILING;G_HAVE_ISO_VARARGS...
Checking src/gs-listener-dbus.c: WITH_CONSOLE_KIT...
Checking src/gs-listener-dbus.c: WITH_SYSTEMD...
Checking src/gs-listener-dbus.c: __GNUC__...
Checking src/gs-listener-dbus.c: __STDC_VERSION__...
23/37 files checked 56% done
Checking src/gs-lock-plug.c ...
src/gs-lock-plug.c:154:1: error: There is an unknown macro here somewhere. Configuration is required. If G_DEFINE_TYPE_WITH_PRIVATE is a macro then please configure it. [unknownMacro]
G_DEFINE_TYPE_WITH_PRIVATE (GSLockPlug, gs_lock_plug, CTK_TYPE_PLUG)
^
Checking src/gs-lock-plug.c: CTK_CHECK_VERSION=0...
Checking src/gs-lock-plug.c: ENABLE_PROFILING...
Checking src/gs-lock-plug.c: ENABLE_PROFILING;G_HAVE_GNUC_VARARGS...
Checking src/gs-lock-plug.c: ENABLE_PROFILING;G_HAVE_ISO_VARARGS...
Checking src/gs-lock-plug.c: WITH_KBD_LAYOUT_INDICATOR...
Checking src/gs-lock-plug.c: WITH_LIBNOTIFY...
Checking src/gs-lock-plug.c: __GNUC__...
Checking src/gs-lock-plug.c: __STDC_VERSION__...
24/37 files checked 66% done
Checking src/gs-manager.c ...
src/gs-manager.c:119:1: error: There is an unknown macro here somewhere. Configuration is required. If G_DEFINE_TYPE_WITH_PRIVATE is a macro then please configure it. [unknownMacro]
G_DEFINE_TYPE_WITH_PRIVATE (GSManager, gs_manager, G_TYPE_OBJECT)
^
Checking src/gs-manager.c: ENABLE_PROFILING...
Checking src/gs-manager.c: ENABLE_PROFILING;G_HAVE_GNUC_VARARGS...
Checking src/gs-manager.c: ENABLE_PROFILING;G_HAVE_ISO_VARARGS...
Checking src/gs-manager.c: __GNUC__...
Checking src/gs-manager.c: __STDC_VERSION__...
25/37 files checked 74% done
Checking src/gs-monitor.c ...
src/gs-monitor.c:60:1: error: There is an unknown macro here somewhere. Configuration is required. If G_DEFINE_TYPE_WITH_PRIVATE is a macro then please configure it. [unknownMacro]
G_DEFINE_TYPE_WITH_PRIVATE (GSMonitor, gs_monitor, G_TYPE_OBJECT)
^
Checking src/gs-monitor.c: ENABLE_PROFILING...
Checking src/gs-monitor.c: ENABLE_PROFILING;G_HAVE_GNUC_VARARGS...
Checking src/gs-monitor.c: ENABLE_PROFILING;G_HAVE_ISO_VARARGS...
Checking src/gs-monitor.c: __GNUC__...
Checking src/gs-monitor.c: __STDC_VERSION__...
26/37 files checked 77% done
Checking src/gs-prefs.c ...
src/gs-prefs.c:78:1: error: There is an unknown macro here somewhere. Configuration is required. If G_DEFINE_TYPE_WITH_PRIVATE is a macro then please configure it. [unknownMacro]
G_DEFINE_TYPE_WITH_PRIVATE (GSPrefs, gs_prefs, G_TYPE_OBJECT)
^
27/37 files checked 79% done
Checking src/gs-theme-manager.c ...
src/gs-theme-manager.c:54:1: error: There is an unknown macro here somewhere. Configuration is required. If G_DEFINE_TYPE_WITH_PRIVATE is a macro then please configure it. [unknownMacro]
G_DEFINE_TYPE_WITH_PRIVATE (GSThemeManager, gs_theme_manager, G_TYPE_OBJECT)
^
Checking src/gs-theme-manager.c: ENABLE_PROFILING...
Checking src/gs-theme-manager.c: ENABLE_PROFILING;G_HAVE_GNUC_VARARGS...
Checking src/gs-theme-manager.c: ENABLE_PROFILING;G_HAVE_ISO_VARARGS...
Checking src/gs-theme-manager.c: HAVE_UNISTD_H...
Checking src/gs-theme-manager.c: XSCREENSAVER_HACK_DIR...
Checking src/gs-theme-manager.c: __GNUC__...
Checking src/gs-theme-manager.c: __STDC_VERSION__...
28/37 files checked 81% done
Checking src/gs-visual-gl.c ...
src/gs-visual-gl.c:41:48: style: Parameter 'display' can be declared as pointer to const [constParameterPointer]
gs_visual_gl_get_best_for_display (CdkDisplay *display)
                                               ^
Checking src/gs-visual-gl.c: ENABLE_PROFILING...
Checking src/gs-visual-gl.c: ENABLE_PROFILING;G_HAVE_GNUC_VARARGS...
Checking src/gs-visual-gl.c: ENABLE_PROFILING;G_HAVE_ISO_VARARGS...
Checking src/gs-visual-gl.c: HAVE_LIBGL...
Checking src/gs-visual-gl.c: __GNUC__...
Checking src/gs-visual-gl.c: __STDC_VERSION__...
29/37 files checked 81% done
Checking src/gs-watcher-x11.c ...
src/gs-watcher-x11.c:77:1: error: There is an unknown macro here somewhere. Configuration is required. If G_DEFINE_TYPE_WITH_PRIVATE is a macro then please configure it. [unknownMacro]
G_DEFINE_TYPE_WITH_PRIVATE (GSWatcher, gs_watcher, G_TYPE_OBJECT)
^
Checking src/gs-watcher-x11.c: ENABLE_PROFILING...
Checking src/gs-watcher-x11.c: ENABLE_PROFILING;G_HAVE_GNUC_VARARGS...
Checking src/gs-watcher-x11.c: ENABLE_PROFILING;G_HAVE_ISO_VARARGS...
Checking src/gs-watcher-x11.c: __GNUC__...
Checking src/gs-watcher-x11.c: __STDC_VERSION__...
30/37 files checked 84% done
Checking src/gs-window-x11.c ...
src/gs-window-x11.c:141:1: error: There is an unknown macro here somewhere. Configuration is required. If G_DEFINE_TYPE_WITH_PRIVATE is a macro then please configure it. [unknownMacro]
G_DEFINE_TYPE_WITH_PRIVATE (GSWindow, gs_window, CTK_TYPE_WINDOW)
^
Checking src/gs-window-x11.c: ENABLE_PROFILING...
Checking src/gs-window-x11.c: ENABLE_PROFILING;G_HAVE_GNUC_VARARGS...
Checking src/gs-window-x11.c: ENABLE_PROFILING;G_HAVE_ISO_VARARGS...
Checking src/gs-window-x11.c: HAVE_SHAPE_EXT...
Checking src/gs-window-x11.c: HAVE_SIGACTION...
Checking src/gs-window-x11.c: __GNUC__...
Checking src/gs-window-x11.c: __STDC_VERSION__...
31/37 files checked 95% done
Checking src/setuid.c ...
src/setuid.c:0:0: information: Limiting analysis of branches. Use --check-level=exhaustive to analyze all branches. [normalCheckLevelMaxBranches]

^
Checking src/setuid.c: HAVE_BSDAUTH...
src/setuid.c:213:18: style: Variable 'authg' can be declared as pointer to const [constVariablePointer]
   struct group *authg = getgrnam("auth");
                 ^
32/37 files checked 96% done
Checking src/subprocs.c ...
Checking src/subprocs.c: HAVE_SIGACTION...
Checking src/subprocs.c: SIGCHLD;SIGCLD...
Checking src/subprocs.c: VMS...
src/subprocs.c:161:47: style: Parameter 'si' can be declared as pointer to const [constParameterPointer]
static void await_dying_children (saver_info *si)
                                              ^
33/37 files checked 97% done
Checking src/test-fade.c ...
src/test-fade.c:91:6: style: Condition 'error' is always false [knownConditionTrueFalse]
 if (error)
     ^
src/test-fade.c:80:18: note: Assignment 'error=NULL', assigned value is 0
 GError *error = NULL;
                 ^
src/test-fade.c:91:6: note: Condition 'error' is always false
 if (error)
     ^
Checking src/test-fade.c: ENABLE_NLS...
Checking src/test-fade.c: ENABLE_NLS;HAVE_BIND_TEXTDOMAIN_CODESET...
Checking src/test-fade.c: ENABLE_PROFILING...
Checking src/test-fade.c: ENABLE_PROFILING;G_HAVE_GNUC_VARARGS...
Checking src/test-fade.c: ENABLE_PROFILING;G_HAVE_ISO_VARARGS...
Checking src/test-fade.c: HAVE_XF86VMODE_GAMMA...
Checking src/test-fade.c: __GNUC__...
Checking src/test-fade.c: __STDC_VERSION__...
34/37 files checked 97% done
Checking src/test-passwd.c ...
src/test-passwd.c:0:0: information: Limiting analysis of branches. Use --check-level=exhaustive to analyze all branches. [normalCheckLevelMaxBranches]

^
Checking src/test-passwd.c: ENABLE_NLS...
Checking src/test-passwd.c: ENABLE_NLS;HAVE_BIND_TEXTDOMAIN_CODESET...
Checking src/test-passwd.c: NO_LOCKING...
Checking src/test-passwd.c: __APPLE__...
35/37 files checked 98% done
Checking src/test-watcher.c ...
Checking src/test-watcher.c: ENABLE_NLS...
Checking src/test-watcher.c: ENABLE_NLS;HAVE_BIND_TEXTDOMAIN_CODESET...
Checking src/test-watcher.c: ENABLE_PROFILING...
Checking src/test-watcher.c: ENABLE_PROFILING;G_HAVE_GNUC_VARARGS...
Checking src/test-watcher.c: ENABLE_PROFILING;G_HAVE_ISO_VARARGS...
Checking src/test-watcher.c: __GNUC__...
Checking src/test-watcher.c: __STDC_VERSION__...
36/37 files checked 99% done
Checking src/test-window.c ...
src/test-window.c:45:33: style: Parameter 'window' can be declared as pointer to const. However it seems that 'window_dialog_up_cb' is a callback function, if 'window' is declared with const you might also need to cast function pointer(s). [constParameterCallback]
window_dialog_up_cb (GSWindow  *window,
                                ^
src/test-window.c:112:39: note: You might need to cast the function pointer here
                          G_CALLBACK (window_dialog_up_cb), data, 0);
                                      ^
src/test-window.c:45:33: note: Parameter 'window' can be declared as pointer to const
window_dialog_up_cb (GSWindow  *window,
                                ^
src/test-window.c:51:35: style: Parameter 'window' can be declared as pointer to const. However it seems that 'window_dialog_down_cb' is a callback function, if 'window' is declared with const you might also need to cast function pointer(s). [constParameterCallback]
window_dialog_down_cb (GSWindow  *window,
                                  ^
src/test-window.c:114:39: note: You might need to cast the function pointer here
                          G_CALLBACK (window_dialog_down_cb), data, 0);
                                      ^
src/test-window.c:51:35: note: Parameter 'window' can be declared as pointer to const
window_dialog_down_cb (GSWindow  *window,
                                  ^
Checking src/test-window.c: ENABLE_NLS...
Checking src/test-window.c: ENABLE_NLS;HAVE_BIND_TEXTDOMAIN_CODESET...
Checking src/test-window.c: ENABLE_PROFILING...
Checking src/test-window.c: ENABLE_PROFILING;G_HAVE_GNUC_VARARGS...
Checking src/test-window.c: ENABLE_PROFILING;G_HAVE_ISO_VARARGS...
Checking src/test-window.c: __GNUC__...
Checking src/test-window.c: __STDC_VERSION__...
37/37 files checked 100% done
nofile:0:0: information: Active checkers: There was critical errors (use --checkers-report=<filename> to see details) [checkersReport]

/usr/bin/cafe-autogen
checking for autoreconf >= 2.53...
  testing autoreconf... found 2.72
checking for pkg-config >= 0.14.0...
  testing pkg-config... found 1.8.1
Checking for required M4 macros...
Checking for forbidden M4 macros...
Processing ./configure.ac
Running autoreconf...
autoreconf: export WARNINGS=no-portability
autoreconf: Entering directory '.'
autoreconf: running: autopoint --force
Copying file ABOUT-NLS
Copying file config.rpath
Copying file m4/codeset.m4
Copying file m4/extern-inline.m4
Copying file m4/fcntl-o.m4
Copying file m4/gettext.m4
Copying file m4/glibc2.m4
Copying file m4/glibc21.m4
Copying file m4/iconv.m4
Copying file m4/intdiv0.m4
Copying file m4/intl.m4
Copying file m4/intldir.m4
Copying file m4/intlmacosx.m4
Copying file m4/intmax.m4
Copying file m4/inttypes-pri.m4
Copying file m4/inttypes_h.m4
Copying file m4/lcmessage.m4
Copying file m4/lib-ld.m4
Copying file m4/lib-link.m4
Copying file m4/lib-prefix.m4
Copying file m4/lock.m4
Copying file m4/longlong.m4
Copying file m4/nls.m4
Copying file m4/po.m4
Copying file m4/printf-posix.m4
Copying file m4/progtest.m4
Copying file m4/size_max.m4
Copying file m4/stdint_h.m4
Copying file m4/threadlib.m4
Copying file m4/uintmax_t.m4
Copying file m4/visibility.m4
Copying file m4/wchar_t.m4
Copying file m4/wint_t.m4
Copying file m4/xsize.m4
Copying file po/Makefile.in.in
Copying file po/Makevars.template
Copying file po/Rules-quot
Copying file po/boldquot.sed
Copying file po/en@boldquot.header
Copying file po/en@quot.header
Copying file po/insert-header.sin
Copying file po/quot.sed
Copying file po/remove-potcdate.sin
autoreconf: running: aclocal --force -I m4 ${ACLOCAL_FLAGS}
autoreconf: configure.ac: tracing
autoreconf: running: libtoolize --copy --force
libtoolize: putting auxiliary files in '.'.
libtoolize: copying file './ltmain.sh'
libtoolize: putting macros in AC_CONFIG_MACRO_DIRS, 'm4'.
libtoolize: copying file 'm4/libtool.m4'
libtoolize: copying file 'm4/ltoptions.m4'
libtoolize: copying file 'm4/ltsugar.m4'
libtoolize: copying file 'm4/ltversion.m4'
libtoolize: copying file 'm4/lt~obsolete.m4'
autoreconf: configure.ac: not using Intltool
autoreconf: configure.ac: not using Gtkdoc
autoreconf: running: aclocal --force -I m4 ${ACLOCAL_FLAGS}
autoreconf: running: /usr/bin/autoconf --force
autoreconf: running: /usr/bin/autoheader --force
autoreconf: running: automake --add-missing --copy --force-missing
configure.ac:18: installing './compile'
configure.ac:22: installing './config.guess'
configure.ac:22: installing './config.sub'
configure.ac:11: installing './install-sh'
configure.ac:11: installing './missing'
Makefile.am: installing './INSTALL'
savers/Makefile.am:42: warning: '%'-style pattern rules are a GNU make extension
savers/Makefile.am: installing './depcomp'
src/Makefile.am:226: warning: shell $(GLIB_COMPILE_RESOURCES: non-POSIX variable name
src/Makefile.am:226: (probably a GNU make extension)
autoreconf: Leaving directory '.'
Skipping configure process.
scan-build: Using '/usr/lib/llvm-16/bin/clang' for static analysis
checking for a BSD-compatible install... /usr/bin/install -c
checking whether build environment is sane... yes
checking for a race-free mkdir -p... /usr/bin/mkdir -p
checking for gawk... no
checking for mawk... mawk
checking whether make sets $(MAKE)... yes
checking whether make supports nested variables... yes
checking whether make supports nested variables... (cached) yes
checking whether to enable maintainer-specific portions of Makefiles... no
checking whether to enable debugging... no
checking whether make supports the include directive... yes (GNU style)
checking for gcc... /usr/share/clang/scan-build-16/bin/../libexec/ccc-analyzer
checking whether the C compiler works... yes
checking for C compiler default output file name... a.out
checking for suffix of executables... 
checking whether we are cross compiling... no
checking for suffix of object files... o
checking whether the compiler supports GNU C... yes
checking whether /usr/share/clang/scan-build-16/bin/../libexec/ccc-analyzer accepts -g... yes
checking for /usr/share/clang/scan-build-16/bin/../libexec/ccc-analyzer option to enable C11 features... none needed
checking whether /usr/share/clang/scan-build-16/bin/../libexec/ccc-analyzer understands -c and -o together... rm: cannot remove 'conftest.plist': Is a directory
yes
checking dependency style of /usr/share/clang/scan-build-16/bin/../libexec/ccc-analyzer... gcc3
checking whether C compiler accepts -Werror=unknown-warning-option... no
checking whether C compiler accepts -Wall... yes
checking whether C compiler accepts -Wmissing-prototypes... yes
checking whether C compiler accepts -Wbad-function-cast... yes
checking whether C compiler accepts -Wcast-align... yes
checking whether C compiler accepts -Wextra... yes
checking whether C compiler accepts -Wformat-nonliteral... yes
checking whether C compiler accepts -Wmissing-declarations... yes
checking whether C compiler accepts -Wmissing-field-initializers... yes
checking whether C compiler accepts -Wnested-externs... yes
checking whether C compiler accepts -Wpointer-arith... yes
checking whether C compiler accepts -Wredundant-decls... yes
checking whether C compiler accepts -Wshadow... yes
checking whether C compiler accepts -Wstrict-prototypes... yes
checking whether C compiler accepts -Wunused-macros... yes
checking whether C compiler accepts -Werror=format-security... yes
checking flags to pass to the C compiler /usr/share/clang/scan-build-16/bin/../libexec/ccc-analyzer... -Wall -Wmissing-prototypes -Wbad-function-cast -Wcast-align -Wextra -Wformat-nonliteral -Wmissing-declarations -Wmissing-field-initializers -Wnested-externs -Wpointer-arith -Wredundant-decls -Wshadow -Wstrict-prototypes -Wunused-macros -Werror=format-security
checking for gcc... (cached) /usr/share/clang/scan-build-16/bin/../libexec/ccc-analyzer
checking whether the compiler supports GNU C... (cached) yes
checking whether /usr/share/clang/scan-build-16/bin/../libexec/ccc-analyzer accepts -g... (cached) yes
checking for /usr/share/clang/scan-build-16/bin/../libexec/ccc-analyzer option to enable C11 features... (cached) none needed
checking whether /usr/share/clang/scan-build-16/bin/../libexec/ccc-analyzer understands -c and -o together... (cached) yes
checking dependency style of /usr/share/clang/scan-build-16/bin/../libexec/ccc-analyzer... (cached) gcc3
checking build system type... x86_64-pc-linux-gnu
checking host system type... x86_64-pc-linux-gnu
checking how to print strings... printf
checking for a sed that does not truncate output... /usr/bin/sed
checking for grep that handles long lines and -e... /usr/bin/grep
checking for egrep... /usr/bin/grep -E
checking for fgrep... /usr/bin/grep -F
checking for ld used by /usr/share/clang/scan-build-16/bin/../libexec/ccc-analyzer... /usr/bin/ld
checking if the linker (/usr/bin/ld) is GNU ld... yes
checking for BSD- or MS-compatible name lister (nm)... /usr/bin/nm -B
checking the name lister (/usr/bin/nm -B) interface... rm: cannot remove 'conftest.plist': Is a directory
BSD nm
checking whether ln -s works... yes
checking the maximum length of command line arguments... 3145728
checking how to convert x86_64-pc-linux-gnu file names to x86_64-pc-linux-gnu format... func_convert_file_noop
checking how to convert x86_64-pc-linux-gnu file names to toolchain format... func_convert_file_noop
checking for /usr/bin/ld option to reload object files... -r
checking for file... file
checking for objdump... objdump
checking how to recognize dependent libraries... pass_all
checking for dlltool... no
checking how to associate runtime and link libraries... printf %s\n
checking for ar... ar
checking for archiver @FILE support... rm: cannot remove 'conftest.plist': Is a directory
@
checking for strip... strip
checking for ranlib... ranlib
checking command to parse /usr/bin/nm -B output from /usr/share/clang/scan-build-16/bin/../libexec/ccc-analyzer object... rm: cannot remove 'conftest.plist': Is a directory
ok
checking for sysroot... no
checking for a working dd... /usr/bin/dd
checking how to truncate binary pipes... /usr/bin/dd bs=4096 count=1
checking for mt... no
checking if : is a manifest tool... no
checking for stdio.h... yes
checking for stdlib.h... yes
checking for string.h... yes
checking for inttypes.h... yes
checking for stdint.h... yes
checking for strings.h... yes
checking for sys/stat.h... yes
checking for sys/types.h... yes
checking for unistd.h... yes
checking for dlfcn.h... yes
checking for objdir... .libs
checking if /usr/share/clang/scan-build-16/bin/../libexec/ccc-analyzer supports -fno-rtti -fno-exceptions... no
checking for /usr/share/clang/scan-build-16/bin/../libexec/ccc-analyzer option to produce PIC... -fPIC -DPIC
checking if /usr/share/clang/scan-build-16/bin/../libexec/ccc-analyzer PIC flag -fPIC -DPIC works... yes
checking if /usr/share/clang/scan-build-16/bin/../libexec/ccc-analyzer static flag -static works... yes
checking if /usr/share/clang/scan-build-16/bin/../libexec/ccc-analyzer supports -c -o file.o... yes
checking if /usr/share/clang/scan-build-16/bin/../libexec/ccc-analyzer supports -c -o file.o... (cached) yes
checking whether the /usr/share/clang/scan-build-16/bin/../libexec/ccc-analyzer linker (/usr/bin/ld -m elf_x86_64) supports shared libraries... yes
checking whether -lc should be explicitly linked in... no
checking dynamic linker characteristics... GNU/Linux ld.so
checking how to hardcode library paths into programs... immediate
checking whether stripping libraries is possible... yes
checking if libtool supports shared libraries... yes
checking whether to build shared libraries... yes
checking whether to build static libraries... yes
checking whether NLS is requested... yes
checking for msgfmt... /usr/bin/msgfmt
checking for gmsgfmt... /usr/bin/msgfmt
checking for xgettext... /usr/bin/xgettext
checking for msgmerge... /usr/bin/msgmerge
checking for ld used by /usr/share/clang/scan-build-16/bin/../libexec/ccc-analyzer... /usr/bin/ld -m elf_x86_64
checking if the linker (/usr/bin/ld -m elf_x86_64) is GNU ld... yes
checking for shared library run path origin... done
checking how to run the C preprocessor... /usr/share/clang/scan-build-16/bin/../libexec/ccc-analyzer -E
checking for egrep -e... (cached) /usr/bin/grep -E
checking for CFPreferencesCopyAppValue... no
checking for CFLocaleCopyCurrent... no
checking for GNU gettext in libc... yes
checking whether to use NLS... yes
checking where the gettext function comes from... libc
checking for pkg-config... /usr/bin/pkg-config
checking pkg-config is at least version 0.16... yes
checking for unistd.h... (cached) yes
checking for crypt.h... yes
checking for sys/select.h... yes
checking for select... yes
checking for fcntl... yes
checking for uname... yes
checking for nice... yes
checking for setpriority... yes
checking for getcwd... yes
checking for getwd... yes
checking for putenv... yes
checking for sbrk... yes
checking for sigaction... yes
checking for syslog... yes
checking for realpath... yes
checking for setrlimit... yes
checking for getresuid... yes
checking for uid_t... yes
checking for gid_t... yes
checking for setresuid... yes
checking for setenv... yes
checking for unsetenv... yes
checking for clearenv... yes
checking for x11 >= 1.0
        xscrnsaver
        ctk+-3.0 >= 3.22.0
        dbus-glib-1 >= 0.30
        gio-2.0 >= 2.50.0
        cafe-desktop-2.0 >= 1.17.0
        libcafe-menu >= 1.21.0... yes
checking for gio-2.0 >= 2.50.0
        gthread-2.0
        ctk+-3.0 >= 3.22.0
        cafe-desktop-2.0 >= 1.17.0... yes
checking for gio-2.0 >= 2.50.0
        ctk+-3.0 >= 3.22.0
        cafe-desktop-2.0 >= 1.17.0
        libcafe-menu >= 1.21.0... yes
checking for gobject-2.0 >= 2.50.0
        dbus-glib-1 >= 0.30... yes
checking for X... libraries , headers 
checking for gethostbyname... yes
checking for connect... yes
checking for remove... yes
checking for shmat... yes
checking for IceConnectionNumber in -lICE... yes
checking for glib-genmarshal... /usr/bin/glib-genmarshal
checking for glib-compile-resources... /usr/bin/glib-compile-resources
checking for xmllint... /usr/bin/xmllint
checking for gthread-2.0 ctk+-3.0 >= 3.22.0 gobject-2.0 >= 2.50.0... yes
checking for ctk+-3.0 >= 3.22.0... yes
checking for xmlto... /usr/bin/xmlto
checking whether to build DocBook documentation... yes
checking for X11/extensions/shape.h... yes
checking for X11/extensions/scrnsaver.h... yes
checking for XScreenSaverRegister in -lXext... no
checking for XScreenSaverRegister in -lXExExt... no
checking for XScreenSaverRegister in -lXss... yes
checking for X11/extensions/xf86vmode.h... yes
checking for XF86VidModeSetGamma in -lXxf86vm... yes
checking for XF86VidModeSetGammaRamp in -lXxf86vm... yes
checking whether to use xscreensaver hacks configuration... no
checking for location of xscreensaver hack executables... no
configure: WARNING: could not find directory containing xscreensaver hacks
checking for GL/gl.h... yes
checking for GL/glx.h... yes
checking for glXChooseVisual in -lGL... yes
checking for pam_start in -lpam... yes
checking for sigtimedwait in -lc... yes
checking how to call pam_strerror... two arguments
checking for Sun-style shadow passwords... no
checking for DEC-style shadow passwords... no
checking for HP-style shadow passwords... no
checking for FreeBSD-style shadow passwords... no
checking for generic shadow passwords... yes
checking for getspnam in -lc... yes
checking for crypt in -lc... no
checking for crypt in -lcrypt... yes
checking for libsystemd... yes
checking for libcafekbdui >= 1.17.0... yes
checking for libnotify > 0.7.0... yes
checking that generated files are newer than configure... done
configure: creating ./config.status
config.status: creating Makefile
config.status: creating po/Makefile.in
config.status: creating src/Makefile
config.status: creating src/cafe-screensaver.desktop.in
config.status: creating data/Makefile
config.status: creating data/cafe-screensavers.menu
config.status: creating data/cafe-screensaver.pc
config.status: creating data/org.cafe.ScreenSaver.service
config.status: creating data/images/Makefile
config.status: creating data/images/space/Makefile
config.status: creating savers/Makefile
config.status: creating doc/Makefile
config.status: creating doc/cafe-screensaver.xml
config.status: creating config.h
config.status: executing depfiles commands
config.status: executing libtool commands
config.status: executing po-directories commands
config.status: creating po/POTFILES
config.status: creating po/Makefile

                    cafe-screensaver 1.25.0
                    ========================

        prefix:                   /usr
        exec_prefix:              ${prefix}
        libdir:                   /usr/lib
        bindir:                   /usr/bin
        sysconfdir:               /usr/etc
        localstatedir:            /usr/var
        datadir:                  ${prefix}/share
        PAM prefix:               /usr/etc
        source code location:     .
        compiler:                 /usr/share/clang/scan-build-16/bin/../libexec/ccc-analyzer
        cflags:                   -Wall -Wmissing-prototypes -Wbad-function-cast -Wcast-align -Wextra -Wformat-nonliteral -Wmissing-declarations -Wmissing-field-initializers -Wnested-externs -Wpointer-arith -Wredundant-decls -Wshadow -Wstrict-prototypes -Wunused-macros -Werror=format-security
        Warning flags:            -Wall -Wmissing-prototypes -Wbad-function-cast -Wcast-align -Wextra -Wformat-nonliteral -Wmissing-declarations -Wmissing-field-initializers -Wnested-externs -Wpointer-arith -Wredundant-decls -Wshadow -Wstrict-prototypes -Wunused-macros -Werror=format-security
        Base libs:                -lX11 -lXss -ldbus-glib-1 -ldbus-1 -lcafe-desktop-2 -lctk-3 -lcdk-3 -lpangocairo-1.0 -lpango-1.0 -lharfbuzz -latk-1.0 -lcairo-gobject -lcairo -lgdk_pixbuf-2.0 -lstartup-notification-1 -lcafe-menu -lgio-2.0 -lgobject-2.0 -lglib-2.0 
        Extension libs:             -lSM -lICE -lXext -lX11  -lXss -lXxf86vm
        Maintainer mode:          no
        Docs enabled:             no

        GL:                       yes

        Screen locking enabled:   yes
        Show keyboard indicator:  yes
        systemd support:          yes
        elogind support:          no
        ConsoleKit support:       yes
        libnotify support:        yes
        PAM support:              yes
        bsd_auth(3) support:      no
        Have shadow passwords:    yes
        Have adjunct shadow:      no
        Have enhanced shadow:     no
        Have HPUX shadow:         no
        Have password helper:     no
        Authentication scheme:    pam
        Need setuid dialog:       no


scan-build: Analysis run complete.
scan-build: Removing directory '/tmp/scan-build-2024-09-01-000357-48689-1' because it contains no reports.
scan-build: No bugs found.
scan-build: Using '/usr/lib/llvm-16/bin/clang' for static analysis
make  all-recursive
make[1]: Entering directory '/rootdir'
Making all in po
make[2]: Entering directory '/rootdir/po'
make cafe-screensaver.pot-update
make[3]: Entering directory '/rootdir/po'
sed -e '/^#/d' remove-potcdate.sin > t-remove-potcdate.sed
mv t-remove-potcdate.sed remove-potcdate.sed
package_gnu=""; \
test -n "$package_gnu" || { \
  if { if (LC_ALL=C find --version) 2>/dev/null | grep GNU >/dev/null; then \
	 LC_ALL=C find -L .. -maxdepth 1 -type f \
		       -size -10000000c -exec grep 'GNU cafe-screensaver' \
		       /dev/null '{}' ';' 2>/dev/null; \
       else \
	 LC_ALL=C grep 'GNU cafe-screensaver' ../* 2>/dev/null; \
       fi; \
     } | grep -v 'libtool:' >/dev/null; then \
     package_gnu=yes; \
   else \
     package_gnu=no; \
   fi; \
}; \
if test "$package_gnu" = "yes"; then \
  package_prefix='GNU '; \
else \
  package_prefix=''; \
fi; \
if test -n '' || test 'https://cafe-desktop.org/' = '@'PACKAGE_BUGREPORT'@'; then \
  msgid_bugs_address=''; \
else \
  msgid_bugs_address='https://cafe-desktop.org/'; \
fi; \
case `/usr/bin/xgettext --version | sed 1q | sed -e 's,^[^0-9]*,,'` in \
  '' | 0.[0-9] | 0.[0-9].* | 0.1[0-5] | 0.1[0-5].* | 0.16 | 0.16.[0-1]*) \
    /usr/bin/xgettext --default-domain=cafe-screensaver --directory=.. \
      --add-comments=TRANSLATORS: --from-code=UTF-8 --keyword=_ --keyword=N_ --keyword=C_:1c,2 --keyword=NC_:1c,2 --keyword=g_dngettext:2,3 --add-comments=Translators:  \
      --files-from=./POTFILES.in \
      --copyright-holder='CAFE Desktop Environment team' \
      --msgid-bugs-address="$msgid_bugs_address" \
    ;; \
  *) \
    /usr/bin/xgettext --default-domain=cafe-screensaver --directory=.. \
      --add-comments=TRANSLATORS: --from-code=UTF-8 --keyword=_ --keyword=N_ --keyword=C_:1c,2 --keyword=NC_:1c,2 --keyword=g_dngettext:2,3 --add-comments=Translators:  \
      --files-from=./POTFILES.in \
      --copyright-holder='CAFE Desktop Environment team' \
      --package-name="${package_prefix}cafe-screensaver" \
      --package-version='1.25.0' \
      --msgid-bugs-address="$msgid_bugs_address" \
    ;; \
esac
Warning: program compiled against libxml 212 using older 209
test ! -f cafe-screensaver.po || { \
  if test -f ./cafe-screensaver.pot-header; then \
    sed -e '1,/^#$/d' < cafe-screensaver.po > cafe-screensaver.1po && \
    cat ./cafe-screensaver.pot-header cafe-screensaver.1po > cafe-screensaver.po; \
    rm -f cafe-screensaver.1po; \
  fi; \
  if test -f ./cafe-screensaver.pot; then \
    sed -f remove-potcdate.sed < ./cafe-screensaver.pot > cafe-screensaver.1po && \
    sed -f remove-potcdate.sed < cafe-screensaver.po > cafe-screensaver.2po && \
    if cmp cafe-screensaver.1po cafe-screensaver.2po >/dev/null 2>&1; then \
      rm -f cafe-screensaver.1po cafe-screensaver.2po cafe-screensaver.po; \
    else \
      rm -f cafe-screensaver.1po cafe-screensaver.2po ./cafe-screensaver.pot && \
      mv cafe-screensaver.po ./cafe-screensaver.pot; \
    fi; \
  else \
    mv cafe-screensaver.po ./cafe-screensaver.pot; \
  fi; \
}
make[3]: Leaving directory '/rootdir/po'
test ! -f ./cafe-screensaver.pot || \
  test -z "af.gmo am.gmo ar.gmo as.gmo ast.gmo az.gmo be.gmo bg.gmo bn.gmo bn_IN.gmo br.gmo bs.gmo ca.gmo ca@valencia.gmo cmn.gmo crh.gmo cs.gmo cy.gmo da.gmo de.gmo dz.gmo el.gmo en_AU.gmo en_CA.gmo en_GB.gmo eo.gmo es.gmo es_AR.gmo es_CO.gmo es_MX.gmo et.gmo eu.gmo fa.gmo fi.gmo fr.gmo fr_CA.gmo frp.gmo fur.gmo fy.gmo ga.gmo gl.gmo gu.gmo he.gmo hi.gmo hr.gmo hu.gmo hy.gmo ia.gmo id.gmo ie.gmo is.gmo it.gmo ja.gmo ka.gmo kab.gmo kk.gmo kn.gmo ko.gmo ku.gmo ku_IQ.gmo ky.gmo lt.gmo lv.gmo mai.gmo mg.gmo mk.gmo ml.gmo mn.gmo mr.gmo ms.gmo nb.gmo nds.gmo ne.gmo nl.gmo nn.gmo oc.gmo or.gmo pa.gmo pl.gmo ps.gmo pt.gmo pt_BR.gmo ro.gmo ru.gmo rw.gmo si.gmo sk.gmo sl.gmo sq.gmo sr.gmo sr@latin.gmo sv.gmo ta.gmo te.gmo th.gmo tr.gmo ug.gmo uk.gmo ur.gmo uz.gmo vi.gmo wa.gmo xh.gmo zh_CN.gmo zh_HK.gmo zh_TW.gmo zu.gmo" || make af.gmo am.gmo ar.gmo as.gmo ast.gmo az.gmo be.gmo bg.gmo bn.gmo bn_IN.gmo br.gmo bs.gmo ca.gmo ca@valencia.gmo cmn.gmo crh.gmo cs.gmo cy.gmo da.gmo de.gmo dz.gmo el.gmo en_AU.gmo en_CA.gmo en_GB.gmo eo.gmo es.gmo es_AR.gmo es_CO.gmo es_MX.gmo et.gmo eu.gmo fa.gmo fi.gmo fr.gmo fr_CA.gmo frp.gmo fur.gmo fy.gmo ga.gmo gl.gmo gu.gmo he.gmo hi.gmo hr.gmo hu.gmo hy.gmo ia.gmo id.gmo ie.gmo is.gmo it.gmo ja.gmo ka.gmo kab.gmo kk.gmo kn.gmo ko.gmo ku.gmo ku_IQ.gmo ky.gmo lt.gmo lv.gmo mai.gmo mg.gmo mk.gmo ml.gmo mn.gmo mr.gmo ms.gmo nb.gmo nds.gmo ne.gmo nl.gmo nn.gmo oc.gmo or.gmo pa.gmo pl.gmo ps.gmo pt.gmo pt_BR.gmo ro.gmo ru.gmo rw.gmo si.gmo sk.gmo sl.gmo sq.gmo sr.gmo sr@latin.gmo sv.gmo ta.gmo te.gmo th.gmo tr.gmo ug.gmo uk.gmo ur.gmo uz.gmo vi.gmo wa.gmo xh.gmo zh_CN.gmo zh_HK.gmo zh_TW.gmo zu.gmo
make[3]: Entering directory '/rootdir/po'
/usr/bin/msgmerge --update --quiet --lang=am am.po cafe-screensaver.pot
/usr/bin/msgmerge --update --quiet --lang=af af.po cafe-screensaver.pot
/usr/bin/msgmerge --update --quiet --lang=ar ar.po cafe-screensaver.pot
/usr/bin/msgmerge --update --quiet --lang=ast ast.po cafe-screensaver.pot
/usr/bin/msgmerge --update --quiet --lang=as as.po cafe-screensaver.pot
/usr/bin/msgmerge --update --quiet --lang=az az.po cafe-screensaver.pot
/usr/bin/msgmerge --update --quiet --lang=be be.po cafe-screensaver.pot
/usr/bin/msgmerge --update --quiet --lang=bg bg.po cafe-screensaver.pot
/usr/bin/msgmerge --update --quiet --lang=bn bn.po cafe-screensaver.pot
/usr/bin/msgmerge --update --quiet --lang=bn_IN bn_IN.po cafe-screensaver.pot
/usr/bin/msgmerge --update --quiet --lang=br br.po cafe-screensaver.pot
/usr/bin/msgmerge --update --quiet --lang=ca ca.po cafe-screensaver.pot
/usr/bin/msgmerge --update --quiet --lang=bs bs.po cafe-screensaver.pot
/usr/bin/msgmerge --update --quiet --lang=ca@valencia ca@valencia.po cafe-screensaver.pot
/usr/bin/msgmerge --update --quiet --lang=cmn cmn.po cafe-screensaver.pot
/usr/bin/msgmerge --update --quiet --lang=crh crh.po cafe-screensaver.pot
/usr/bin/msgmerge --update --quiet --lang=cy cy.po cafe-screensaver.pot
/usr/bin/msgmerge --update --quiet --lang=da da.po cafe-screensaver.pot
/usr/bin/msgmerge --update --quiet --lang=cs cs.po cafe-screensaver.pot
/usr/bin/msgmerge --update --quiet --lang=de de.po cafe-screensaver.pot
/usr/bin/msgmerge --update --quiet --lang=dz dz.po cafe-screensaver.pot
/usr/bin/msgmerge --update --quiet --lang=el el.po cafe-screensaver.pot
/usr/bin/msgmerge --update --quiet --lang=en_CA en_CA.po cafe-screensaver.pot
/usr/bin/msgmerge --update --quiet --lang=en_AU en_AU.po cafe-screensaver.pot
/usr/bin/msgmerge --update --quiet --lang=en_GB en_GB.po cafe-screensaver.pot
/usr/bin/msgmerge --update --quiet --lang=eo eo.po cafe-screensaver.pot
/usr/bin/msgmerge --update --quiet --lang=es es.po cafe-screensaver.pot
/usr/bin/msgmerge --update --quiet --lang=es_AR es_AR.po cafe-screensaver.pot
/usr/bin/msgmerge --update --quiet --lang=es_CO es_CO.po cafe-screensaver.pot
/usr/bin/msgmerge --update --quiet --lang=es_MX es_MX.po cafe-screensaver.pot
/usr/bin/msgmerge --update --quiet --lang=et et.po cafe-screensaver.pot
/usr/bin/msgmerge --update --quiet --lang=eu eu.po cafe-screensaver.pot
/usr/bin/msgmerge --update --quiet --lang=fi fi.po cafe-screensaver.pot
/usr/bin/msgmerge --update --quiet --lang=fa fa.po cafe-screensaver.pot
/usr/bin/msgmerge --update --quiet --lang=fr fr.po cafe-screensaver.pot
/usr/bin/msgmerge --update --quiet --lang=fr_CA fr_CA.po cafe-screensaver.pot
/usr/bin/msgmerge --update --quiet --lang=frp frp.po cafe-screensaver.pot
/usr/bin/msgmerge --update --quiet --lang=fur fur.po cafe-screensaver.pot
/usr/bin/msgmerge --update --quiet --lang=fy fy.po cafe-screensaver.pot
/usr/bin/msgmerge --update --quiet --lang=gl gl.po cafe-screensaver.pot
/usr/bin/msgmerge --update --quiet --lang=ga ga.po cafe-screensaver.pot
/usr/bin/msgmerge --update --quiet --lang=gu gu.po cafe-screensaver.pot
/usr/bin/msgmerge --update --quiet --lang=he he.po cafe-screensaver.pot
/usr/bin/msgmerge --update --quiet --lang=hi hi.po cafe-screensaver.pot
/usr/bin/msgmerge --update --quiet --lang=hu hu.po cafe-screensaver.pot
/usr/bin/msgmerge --update --quiet --lang=hr hr.po cafe-screensaver.pot
/usr/bin/msgmerge --update --quiet --lang=hy hy.po cafe-screensaver.pot
/usr/bin/msgmerge --update --quiet --lang=ia ia.po cafe-screensaver.pot
/usr/bin/msgmerge --update --quiet --lang=id id.po cafe-screensaver.pot
/usr/bin/msgmerge --update --quiet --lang=is is.po cafe-screensaver.pot
/usr/bin/msgmerge --update --quiet --lang=ie ie.po cafe-screensaver.pot
/usr/bin/msgmerge --update --quiet --lang=it it.po cafe-screensaver.pot
/usr/bin/msgmerge --update --quiet --lang=ja ja.po cafe-screensaver.pot
/usr/bin/msgmerge --update --quiet --lang=ka ka.po cafe-screensaver.pot
/usr/bin/msgmerge --update --quiet --lang=kab kab.po cafe-screensaver.pot
/usr/bin/msgmerge --update --quiet --lang=kk kk.po cafe-screensaver.pot
/usr/bin/msgmerge --update --quiet --lang=ko ko.po cafe-screensaver.pot
/usr/bin/msgmerge --update --quiet --lang=kn kn.po cafe-screensaver.pot
/usr/bin/msgmerge --update --quiet --lang=ku ku.po cafe-screensaver.pot
/usr/bin/msgmerge --update --quiet --lang=ku_IQ ku_IQ.po cafe-screensaver.pot
/usr/bin/msgmerge --update --quiet --lang=ky ky.po cafe-screensaver.pot
/usr/bin/msgmerge --update --quiet --lang=lv lv.po cafe-screensaver.pot
/usr/bin/msgmerge --update --quiet --lang=lt lt.po cafe-screensaver.pot
/usr/bin/msgmerge --update --quiet --lang=mai mai.po cafe-screensaver.pot
/usr/bin/msgmerge --update --quiet --lang=mg mg.po cafe-screensaver.pot
/usr/bin/msgmerge --update --quiet --lang=mk mk.po cafe-screensaver.pot
/usr/bin/msgmerge --update --quiet --lang=ml ml.po cafe-screensaver.pot
/usr/bin/msgmerge --update --quiet --lang=mr mr.po cafe-screensaver.pot
/usr/bin/msgmerge --update --quiet --lang=mn mn.po cafe-screensaver.pot
/usr/bin/msgmerge --update --quiet --lang=ms ms.po cafe-screensaver.pot
/usr/bin/msgmerge --update --quiet --lang=nb nb.po cafe-screensaver.pot
/usr/bin/msgmerge --update --quiet --lang=nds nds.po cafe-screensaver.pot
/usr/bin/msgmerge --update --quiet --lang=ne ne.po cafe-screensaver.pot
/usr/bin/msgmerge --update --quiet --lang=nl nl.po cafe-screensaver.pot
/usr/bin/msgmerge --update --quiet --lang=nn nn.po cafe-screensaver.pot
/usr/bin/msgmerge --update --quiet --lang=oc oc.po cafe-screensaver.pot
/usr/bin/msgmerge --update --quiet --lang=or or.po cafe-screensaver.pot
/usr/bin/msgmerge --update --quiet --lang=pa pa.po cafe-screensaver.pot
/usr/bin/msgmerge --update --quiet --lang=pl pl.po cafe-screensaver.pot
/usr/bin/msgmerge --update --quiet --lang=ps ps.po cafe-screensaver.pot
/usr/bin/msgmerge --update --quiet --lang=pt pt.po cafe-screensaver.pot
/usr/bin/msgmerge --update --quiet --lang=ro ro.po cafe-screensaver.pot
/usr/bin/msgmerge --update --quiet --lang=pt_BR pt_BR.po cafe-screensaver.pot
/usr/bin/msgmerge --update --quiet --lang=ru ru.po cafe-screensaver.pot
/usr/bin/msgmerge --update --quiet --lang=rw rw.po cafe-screensaver.pot
/usr/bin/msgmerge --update --quiet --lang=si si.po cafe-screensaver.pot
/usr/bin/msgmerge --update --quiet --lang=sk sk.po cafe-screensaver.pot
/usr/bin/msgmerge --update --quiet --lang=sl sl.po cafe-screensaver.pot
/usr/bin/msgmerge --update --quiet --lang=sq sq.po cafe-screensaver.pot
/usr/bin/msgmerge --update --quiet --lang=sr sr.po cafe-screensaver.pot
/usr/bin/msgmerge --update --quiet --lang=sr@latin sr@latin.po cafe-screensaver.pot
/usr/bin/msgmerge --update --quiet --lang=ta ta.po cafe-screensaver.pot
/usr/bin/msgmerge --update --quiet --lang=sv sv.po cafe-screensaver.pot
/usr/bin/msgmerge --update --quiet --lang=th th.po cafe-screensaver.pot
/usr/bin/msgmerge --update --quiet --lang=te te.po cafe-screensaver.pot
/usr/bin/msgmerge --update --quiet --lang=tr tr.po cafe-screensaver.pot
/usr/bin/msgmerge --update --quiet --lang=ug ug.po cafe-screensaver.pot
/usr/bin/msgmerge --update --quiet --lang=uk uk.po cafe-screensaver.pot
/usr/bin/msgmerge --update --quiet --lang=ur ur.po cafe-screensaver.pot
/usr/bin/msgmerge --update --quiet --lang=uz uz.po cafe-screensaver.pot
/usr/bin/msgmerge --update --quiet --lang=vi vi.po cafe-screensaver.pot
/usr/bin/msgmerge --update --quiet --lang=wa wa.po cafe-screensaver.pot
/usr/bin/msgmerge --update --quiet --lang=zh_CN zh_CN.po cafe-screensaver.pot
/usr/bin/msgmerge --update --quiet --lang=xh xh.po cafe-screensaver.pot
/usr/bin/msgmerge --update --quiet --lang=zh_TW zh_TW.po cafe-screensaver.pot
/usr/bin/msgmerge --update --quiet --lang=zh_HK zh_HK.po cafe-screensaver.pot
/usr/bin/msgmerge --update --quiet --lang=zu zu.po cafe-screensaver.pot
rm -f af.gmo && /usr/bin/msgfmt -c --statistics --verbose -o af.gmo af.po
rm -f am.gmo && /usr/bin/msgfmt -c --statistics --verbose -o am.gmo am.po
rm -f ar.gmo && /usr/bin/msgfmt -c --statistics --verbose -o ar.gmo ar.po
rm -f as.gmo && /usr/bin/msgfmt -c --statistics --verbose -o as.gmo as.po
af.po: 11 translated messages, 158 untranslated messages.
am.po: 71 translated messages, 98 untranslated messages.
as.po: 143 translated messages, 26 untranslated messages.
ar.po: 148 translated messages, 21 untranslated messages.
rm -f ast.gmo && /usr/bin/msgfmt -c --statistics --verbose -o ast.gmo ast.po
rm -f az.gmo && /usr/bin/msgfmt -c --statistics --verbose -o az.gmo az.po
rm -f be.gmo && /usr/bin/msgfmt -c --statistics --verbose -o be.gmo be.po
rm -f bn.gmo && /usr/bin/msgfmt -c --statistics --verbose -o bn.gmo bn.po
ast.po: 154 translated messages, 15 untranslated messages.
rm -f bg.gmo && /usr/bin/msgfmt -c --statistics --verbose -o bg.gmo bg.po
az.po: 4 translated messages, 165 untranslated messages.
be.po: 149 translated messages, 20 untranslated messages.
bn.po: 143 translated messages, 26 untranslated messages.
rm -f br.gmo && /usr/bin/msgfmt -c --statistics --verbose -o br.gmo br.po
rm -f bn_IN.gmo && /usr/bin/msgfmt -c --statistics --verbose -o bn_IN.gmo bn_IN.po
bg.po: 154 translated messages, 15 untranslated messages.
rm -f ca.gmo && /usr/bin/msgfmt -c --statistics --verbose -o ca.gmo ca.po
rm -f bs.gmo && /usr/bin/msgfmt -c --statistics --verbose -o bs.gmo bs.po
rm -f ca@valencia.gmo && /usr/bin/msgfmt -c --statistics --verbose -o ca@valencia.gmo ca@valencia.po
bn_IN.po: 143 translated messages, 26 untranslated messages.
ca.po: 165 translated messages, 4 untranslated messages.
ca@valencia.po: 154 translated messages, 15 untranslated messages.
bs.po: 10 translated messages, 159 untranslated messages.
br.po: 80 translated messages, 89 untranslated messages.
rm -f cmn.gmo && /usr/bin/msgfmt -c --statistics --verbose -o cmn.gmo cmn.po
rm -f cs.gmo && /usr/bin/msgfmt -c --statistics --verbose -o cs.gmo cs.po
rm -f crh.gmo && /usr/bin/msgfmt -c --statistics --verbose -o crh.gmo crh.po
rm -f cy.gmo && /usr/bin/msgfmt -c --statistics --verbose -o cy.gmo cy.po
rm -f da.gmo && /usr/bin/msgfmt -c --statistics --verbose -o da.gmo da.po
cmn.po: 119 translated messages, 50 untranslated messages.
cs.po: 165 translated messages, 4 untranslated messages.
cy.po: 83 translated messages, 86 untranslated messages.
crh.po: 143 translated messages, 26 untranslated messages.
da.po: 165 translated messages, 4 untranslated messages.
rm -f de.gmo && /usr/bin/msgfmt -c --statistics --verbose -o de.gmo de.po
rm -f dz.gmo && /usr/bin/msgfmt -c --statistics --verbose -o dz.gmo dz.po
rm -f el.gmo && /usr/bin/msgfmt -c --statistics --verbose -o el.gmo el.po
rm -f en_CA.gmo && /usr/bin/msgfmt -c --statistics --verbose -o en_CA.gmo en_CA.po
de.po: 155 translated messages, 14 untranslated messages.
el.po: 154 translated messages, 15 untranslated messages.
dz.po: 137 translated messages, 32 untranslated messages.
rm -f en_AU.gmo && /usr/bin/msgfmt -c --statistics --verbose -o en_AU.gmo en_AU.po
rm -f en_GB.gmo && /usr/bin/msgfmt -c --statistics --verbose -o en_GB.gmo en_GB.po
en_CA.po: 75 translated messages, 94 untranslated messages.
rm -f es.gmo && /usr/bin/msgfmt -c --statistics --verbose -o es.gmo es.po
rm -f eo.gmo && /usr/bin/msgfmt -c --statistics --verbose -o eo.gmo eo.po
en_AU.po: 154 translated messages, 15 untranslated messages.
en_GB.po: 154 translated messages, 15 untranslated messages.
es.po: 165 translated messages, 4 untranslated messages.
eo.po: 12 translated messages, 157 untranslated messages.
rm -f es_AR.gmo && /usr/bin/msgfmt -c --statistics --verbose -o es_AR.gmo es_AR.po
rm -f es_CO.gmo && /usr/bin/msgfmt -c --statistics --verbose -o es_CO.gmo es_CO.po
rm -f es_MX.gmo && /usr/bin/msgfmt -c --statistics --verbose -o es_MX.gmo es_MX.po
rm -f eu.gmo && /usr/bin/msgfmt -c --statistics --verbose -o eu.gmo eu.po
es_MX.po: 6 translated messageses_CO.po: 9 translated messages, 160 untranslated messages.
, 163 untranslated messages.
es_AR.po: 34 translated messages, 135 untranslated messages.
rm -f et.gmo && /usr/bin/msgfmt -c --statistics --verbose -o et.gmo et.po
rm -f fi.gmo && /usr/bin/msgfmt -c --statistics --verbose -o fi.gmo fi.po
eu.po: 143 translated messages, 26 untranslated messages.
rm -f fr.gmo && /usr/bin/msgfmt -c --statistics --verbose -o fr.gmo fr.po
rm -f fa.gmo && /usr/bin/msgfmt -c --statistics --verbose -o fa.gmo fa.po
et.po: 154 translated messages, 15 untranslated messages.
rm -f fr_CA.gmo && /usr/bin/msgfmt -c --statistics --verbose -o fr_CA.gmo fr_CA.po
fr.po: 158 translated messages, 11 untranslated messages.
rm -f frp.gmo && /usr/bin/msgfmt -c --statistics --verbose -o frp.gmo frp.po
fi.po: 143 translated messages, 26 untranslated messages.
fr_CA.po: 2 translated messages, 167 untranslated messages.
frp.po: 11 translated messages, 158 untranslated messages.
rm -f fur.gmo && /usr/bin/msgfmt -c --statistics --verbose -o fur.gmo fur.po
fa.po: 146 translated messages, 23 untranslated messages.
rm -f fy.gmo && /usr/bin/msgfmt -c --statistics --verbose -o fy.gmo fy.po
rm -f ga.gmo && /usr/bin/msgfmt -c --statistics --verbose -o ga.gmo ga.po
fur.po:8: warning: header field 'PO-Revision-Date' still has the initial default value
fur.po: 3 translated messages, 166 untranslated messages.
rm -f gu.gmo && /usr/bin/msgfmt -c --statistics --verbose -o gu.gmo gu.po
fy.po: 6 translated messages, 163 untranslated messages.
ga.po: 70 translated messages, 99 untranslated messages.
rm -f he.gmo && /usr/bin/msgfmt -c --statistics --verbose -o he.gmo he.po
rm -f gl.gmo && /usr/bin/msgfmt -c --statistics --verbose -o gl.gmo gl.po
rm -f hi.gmo && /usr/bin/msgfmt -c --statistics --verbose -o hi.gmo hi.po
gu.po: 143 translated messages, 26 untranslated messages.
rm -f hr.gmo && /usr/bin/msgfmt -c --statistics --verbose -o hr.gmo hr.po
gl.po: 165 translated messages, 4 untranslated messages.
he.po: rm -f hu.gmo && /usr/bin/msgfmt -c --statistics --verbose -o hu.gmo hu.po
143 translated messages, 26 untranslated messages.
hr.po: 155 translated messages, 14 untranslated messages.
hi.po: 148 translated messages, 21 untranslated messages.
rm -f hy.gmo && /usr/bin/msgfmt -c --statistics --verbose -o hy.gmo hy.po
rm -f ia.gmo && /usr/bin/msgfmt -c --statistics --verbose -o ia.gmo ia.po
rm -f id.gmo && /usr/bin/msgfmt -c --statistics --verbose -o id.gmo id.po
hu.po: 155 translated messages, 14 untranslated messages.
rm -f ie.gmo && /usr/bin/msgfmt -c --statistics --verbose -o ie.gmo ie.po
hy.po: 154 translated messages, 15 untranslated messages.
ia.po: 4 translated messages, 165 untranslated messages.
id.po: 165 translated messages, 4 untranslated messages.
ie.po: 14 translated messages, 155 untranslated messages.
rm -f it.gmo && /usr/bin/msgfmt -c --statistics --verbose -o it.gmo it.po
rm -f is.gmo && /usr/bin/msgfmt -c --statistics --verbose -o is.gmo is.po
rm -f ja.gmo && /usr/bin/msgfmt -c --statistics --verbose -o ja.gmo ja.po
rm -f ka.gmo && /usr/bin/msgfmt -c --statistics --verbose -o ka.gmo ka.po
rm -f kab.gmo && /usr/bin/msgfmt -c --statistics --verbose -o kab.gmo kab.po
it.po: 165 translated messages, 4 untranslated messages.
ka.po: 88 translated messages, 81 untranslated messages.
is.po: 155 translated messages, 14 untranslated messages.
ja.po: 154 translated messages, 15 untranslated messages.
rm -f kk.gmo && /usr/bin/msgfmt -c --statistics --verbose -o kk.gmo kk.po
rm -f ko.gmo && /usr/bin/msgfmt -c --statistics --verbose -o ko.gmo ko.po
rm -f kn.gmo && /usr/bin/msgfmt -c --statistics --verbose -o kn.gmo kn.po
kab.po: 5 translated messages, 164 untranslated messages.
kk.po: 65 translated messages, 104 untranslated messages.
rm -f ku.gmo && /usr/bin/msgfmt -c --statistics --verbose -o ku.gmo ku.po
kn.po: 143 translated messages, 26 untranslated messages.
ko.po: 155 translated messages, 14 untranslated messages.
ku.po: 88 translated messages, 81 untranslated messages.
rm -f ky.gmo && /usr/bin/msgfmt -c --statistics --verbose -o ky.gmo ky.po
rm -f ku_IQ.gmo && /usr/bin/msgfmt -c --statistics --verbose -o ku_IQ.gmo ku_IQ.po
rm -f lt.gmo && /usr/bin/msgfmt -c --statistics --verbose -o lt.gmo lt.po
rm -f lv.gmo && /usr/bin/msgfmt -c --statistics --verbose -o lv.gmo lv.po
ky.po: 25 translated messages, 144 untranslated messages.
rm -f mai.gmo && /usr/bin/msgfmt -c --statistics --verbose -o mai.gmo mai.po
ku_IQ.po: 19 translated messages, 150 untranslated messages.
lt.po: 165 translated messages, 4 untranslated messages.
rm -f mg.gmo && /usr/bin/msgfmt -c --statistics --verbose -o mg.gmo mg.po
mai.po: 120 translated messages, 49 untranslated messages.
lv.po: 143 translated messages, 26 untranslated messages.
rm -f mk.gmo && /usr/bin/msgfmt -c --statistics --verbose -o mk.gmo mk.po
rm -f ml.gmo && /usr/bin/msgfmt -c --statistics --verbose -o ml.gmo ml.po
rm -f mn.gmo && /usr/bin/msgfmt -c --statistics --verbose -o mn.gmo mn.po
mg.po: 111 translated messages, 58 untranslated messages.
rm -f mr.gmo && /usr/bin/msgfmt -c --statistics --verbose -o mr.gmo mr.po
mk.po: 139 translated messages, 30 untranslated messages.
ml.po: 143 translated messages, 26 untranslated messages.
rm -f ms.gmo && /usr/bin/msgfmt -c --statistics --verbose -o ms.gmo ms.po
mn.po: 112 translated messages, 57 untranslated messages.
mr.po: 143 translated messages, 26 untranslated messages.
rm -f nb.gmo && /usr/bin/msgfmt -c --statistics --verbose -o nb.gmo nb.po
rm -f nds.gmo && /usr/bin/msgfmt -c --statistics --verbose -o nds.gmo nds.po
ms.po: 165 translated messages, 4 untranslated messages.
rm -f nl.gmo && /usr/bin/msgfmt -c --statistics --verbose -o nl.gmo nl.po
nb.po: 165 translated messages, 4 untranslated messages.
rm -f nn.gmo && /usr/bin/msgfmt -c --statistics --verbose -o nn.gmo nn.po
rm -f ne.gmo && /usr/bin/msgfmt -c --statistics --verbose -o ne.gmo ne.po
nds.po: 150 translated messages, 19 untranslated messages.
nl.po: 165 translated messages, 4 untranslated messages.
nn.po: 139 translated messages, 30 untranslated messages.
ne.po: 135 translated messages, 34 untranslated messages.
rm -f or.gmo && /usr/bin/msgfmt -c --statistics --verbose -o or.gmo or.po
rm -f oc.gmo && /usr/bin/msgfmt -c --statistics --verbose -o oc.gmo oc.po
rm -f pa.gmo && /usr/bin/msgfmt -c --statistics --verbose -o pa.gmo pa.po
rm -f ps.gmo && /usr/bin/msgfmt -c --statistics --verbose -o ps.gmo ps.po
oc.po: 127 translated messages, 42 untranslated messages.
or.po: 143 translated messages, 26 untranslated messages.
rm -f pl.gmo && /usr/bin/msgfmt -c --statistics --verbose -o pl.gmo pl.po
pa.po: 143 translated messages, 26 untranslated messages.
ps.po: 98 translated messages, 71 untranslated messages.
rm -f pt.gmo && /usr/bin/msgfmt -c --statistics --verbose -o pt.gmo pt.po
rm -f pt_BR.gmo && /usr/bin/msgfmt -c --statistics --verbose -o pt_BR.gmo pt_BR.po
rm -f ru.gmo && /usr/bin/msgfmt -c --statistics --verbose -o ru.gmo ru.po
rm -f ro.gmo && /usr/bin/msgfmt -c --statistics --verbose -o ro.gmo ro.po
pl.po: 155 translated messages, 14 untranslated messages.
pt_BR.po: 154 translated messages, 15 untranslated messages.
pt.po: 162 translated messages, 7 untranslated messages.
ro.po: 150 translated messages, 19 untranslated messages.
ru.po: 162 translated messages, 7 untranslated messages.
rm -f rw.gmo && /usr/bin/msgfmt -c --statistics --verbose -o rw.gmo rw.po
rm -f sk.gmo && /usr/bin/msgfmt -c --statistics --verbose -o sk.gmo sk.po
rm -f si.gmo && /usr/bin/msgfmt -c --statistics --verbose -o si.gmo si.po
rm -f sl.gmo && /usr/bin/msgfmt -c --statistics --verbose -o sl.gmo sl.po
rm -f sq.gmo && /usr/bin/msgfmt -c --statistics --verbose -o sq.gmo sq.po
rw.po:8: warning: header field 'PO-Revision-Date' still has the initial default value
rw.po: 3 translated messages, 166 untranslated messages.
sk.po: 154 translated messages, 15 untranslated messages.
si.po: 102 translated messages, 67 untranslated messages.
sl.po: 155 translated messages, 14 untranslated messages.
sq.po: 78 translated messages, 91 untranslated messages.
rm -f sr.gmo && /usr/bin/msgfmt -c --statistics --verbose -o sr.gmo sr.po
rm -f sr@latin.gmo && /usr/bin/msgfmt -c --statistics --verbose -o sr@latin.gmo sr@latin.po
rm -f ta.gmo && /usr/bin/msgfmt -c --statistics --verbose -o ta.gmo ta.po
rm -f sv.gmo && /usr/bin/msgfmt -c --statistics --verbose -o sv.gmo sv.po
sr@latin.po: 143 translated messages, 26 untranslated messages.
sr.po: 165 translated messages, 4 untranslated messages.
rm -f te.gmo && /usr/bin/msgfmt -c --statistics --verbose -o te.gmo te.po
sv.po: 158 translated messages, 11 untranslated messages.
ta.po: 143 translated messages, 26 untranslated messages.
rm -f th.gmo && /usr/bin/msgfmt -c --statistics --verbose -o th.gmo th.po
rm -f tr.gmo && /usr/bin/msgfmt -c --statistics --verbose -o tr.gmo tr.po
te.po: 143 translated messages, 26 untranslated messages.
rm -f ug.gmo && /usr/bin/msgfmt -c --statistics --verbose -o ug.gmo ug.po
rm -f uk.gmo && /usr/bin/msgfmt -c --statistics --verbose -o uk.gmo uk.po
tr.po: 155 translated messages, 14 untranslated messages.
ug.po: 13 translated messages, 156 untranslated messages.
th.po: 154 translated messages, 15 untranslated messages.
rm -f ur.gmo && /usr/bin/msgfmt -c --statistics --verbose -o ur.gmo ur.po
rm -f uz.gmo && /usr/bin/msgfmt -c --statistics --verbose -o uz.gmo uz.po
rm -f vi.gmo && /usr/bin/msgfmt -c --statistics --verbose -o vi.gmo vi.po
uk.po: 158 translated messages, 11 untranslated messages.
rm -f wa.gmo && /usr/bin/msgfmt -c --statistics --verbose -o wa.gmo wa.po
ur.po: 114 translated messages, 55 untranslated messages.
vi.po: 154 translated messages, 15 untranslated messages.
wa.po: 4 translated messages, 165 untranslated messages.
uz.po: 44 translated messages, 125 untranslated messages.
rm -f zh_CN.gmo && /usr/bin/msgfmt -c --statistics --verbose -o zh_CN.gmo zh_CN.po
rm -f xh.gmo && /usr/bin/msgfmt -c --statistics --verbose -o xh.gmo xh.po
rm -f zh_HK.gmo && /usr/bin/msgfmt -c --statistics --verbose -o zh_HK.gmo zh_HK.po
rm -f zh_TW.gmo && /usr/bin/msgfmt -c --statistics --verbose -o zh_TW.gmo zh_TW.po
rm -f zu.gmo && /usr/bin/msgfmt -c --statistics --verbose -o zu.gmo zu.po
zh_CN.po: 155 translated messages, 14 untranslated messages.
xh.po: 7 translated messages, 162 untranslated messages.
zh_HK.po: 143 translated messages, 26 untranslated messages.
zu.po:8: warning: header field 'PO-Revision-Date' still has the initial default value
zu.po: 3 translated messages, 166 untranslated messages.
zh_TW.po: 162 translated messages, 7 untranslated messages.
make[3]: Leaving directory '/rootdir/po'
touch stamp-po
make[2]: Leaving directory '/rootdir/po'
Making all in src
make[2]: Entering directory '/rootdir/src'
Makefile:975: target '.deps/gs-auth-pam.Po' given more than once in the same rule
echo "#include \"gs-marshal.h\"" > gs-marshal.c && \
/usr/bin/glib-genmarshal gs-marshal.list --prefix=gs_marshal --body >> gs-marshal.c
/usr/bin/glib-genmarshal gs-marshal.list --prefix=gs_marshal --header > gs-marshal.h
INFO: Reading gs-marshal.list...
INFO: Reading gs-marshal.list...
make  all-am
make[3]: Entering directory '/rootdir/src'
Makefile:975: target '.deps/gs-auth-pam.Po' given more than once in the same rule
  CC       cafe-screensaver.o
  CC       gs-monitor.o
  CC       gs-watcher-x11.o
  CC       gs-listener-dbus.o
  CC       gs-manager.o
gs-listener-dbus.c:108:9: warning: 'GTimeVal' is deprecated: Use 'GDateTime' instead [-Wdeprecated-declarations]
  108 |         GTimeVal since;
      |         ^~~~~~~~
In file included from /usr/include/glib-2.0/glib/galloca.h:34,
                 from /usr/include/glib-2.0/glib.h:32,
                 from /usr/include/glib-2.0/glib/gi18n.h:23,
                 from gs-listener-dbus.c:30:
/usr/include/glib-2.0/glib/gtypes.h:580:8: note: declared here
  580 | struct _GTimeVal
      |        ^~~~~~~~~
gs-listener-dbus.c: In function 'gs_listener_unregister_handler':
gs-listener-dbus.c:174:49: warning: unused parameter 'connection' [-Wunused-parameter]
  174 | gs_listener_unregister_handler (DBusConnection *connection,
      |                                 ~~~~~~~~~~~~~~~~^~~~~~~~~~
gs-listener-dbus.c:175:49: warning: unused parameter 'data' [-Wunused-parameter]
  175 |                                 void           *data)
      |                                 ~~~~~~~~~~~~~~~~^~~~
gs-listener-dbus.c: In function 'list_ref_entry':
gs-listener-dbus.c:286:26: warning: unused parameter 'key' [-Wunused-parameter]
  286 | list_ref_entry (gpointer key,
      |                 ~~~~~~~~~^~~
gs-listener-dbus.c:288:26: warning: unused parameter 'user_data' [-Wunused-parameter]
  288 |                 gpointer user_data)
      |                 ~~~~~~~~~^~~~~~~~~
gs-listener-dbus.c: In function 'accumulate_ref_entry':
gs-listener-dbus.c:835:9: warning: 'g_time_val_to_iso8601' is deprecated: Use 'g_date_time_format' instead [-Wdeprecated-declarations]
  835 |         time = g_time_val_to_iso8601 (&entry->since);
      |         ^~~~
In file included from /usr/include/glib-2.0/glib.h:92:
/usr/include/glib-2.0/glib/gtimer.h:75:10: note: declared here
   75 | gchar*   g_time_val_to_iso8601   (GTimeVal    *time_) G_GNUC_MALLOC;
      |          ^~~~~~~~~~~~~~~~~~~~~
gs-listener-dbus.c:828:43: warning: unused parameter 'key' [-Wunused-parameter]
  828 | accumulate_ref_entry (gpointer            key,
      |                       ~~~~~~~~~~~~~~~~~~~~^~~
gs-listener-dbus.c: In function 'listener_add_ck_ref_entry':
gs-listener-dbus.c:908:9: warning: 'g_get_current_time' is deprecated: Use 'g_get_real_time' instead [-Wdeprecated-declarations]
  908 |         g_get_current_time (&entry->since);
      |         ^~~~~~~~~~~~~~~~~~
In file included from /usr/include/glib-2.0/glib/giochannel.h:35,
                 from /usr/include/glib-2.0/glib.h:56:
/usr/include/glib-2.0/glib/gmain.h:819:8: note: declared here
  819 | void   g_get_current_time                 (GTimeVal       *result);
      |        ^~~~~~~~~~~~~~~~~~
gs-listener-dbus.c:896:44: warning: unused parameter 'connection' [-Wunused-parameter]
  896 |                            DBusConnection *connection,
      |                            ~~~~~~~~~~~~~~~~^~~~~~~~~~
gs-listener-dbus.c: In function 'listener_dbus_add_ref_entry':
gs-listener-dbus.c:975:9: warning: 'g_get_current_time' is deprecated: Use 'g_get_real_time' instead [-Wdeprecated-declarations]
  975 |         g_get_current_time (&entry->since);
      |         ^~~~~~~~~~~~~~~~~~
/usr/include/glib-2.0/glib/gmain.h:819:8: note: declared here
  819 | void   g_get_current_time                 (GTimeVal       *result);
      |        ^~~~~~~~~~~~~~~~~~
gs-listener-dbus.c: In function 'do_introspect':
gs-listener-dbus.c:1351:32: warning: unused parameter 'local_interface' [-Wunused-parameter]
 1351 |                dbus_bool_t     local_interface)
      |                ~~~~~~~~~~~~~~~~^~~~~~~~~~~~~~~
gs-listener-dbus.c: In function 'listener_dbus_handle_system_message':
gs-listener-dbus.c:1684:54: warning: unused parameter 'local_interface' [-Wunused-parameter]
 1684 |                                      dbus_bool_t     local_interface)
      |                                      ~~~~~~~~~~~~~~~~^~~~~~~~~~~~~~~
gs-monitor.c: In function 'manager_activated_cb':
gs-monitor.c:69:45: warning: unused parameter 'manager' [-Wunused-parameter]
   69 | static void manager_activated_cb(GSManager* manager, GSMonitor* monitor)
      |                                  ~~~~~~~~~~~^~~~~~~
gs-monitor.c:69:65: warning: unused parameter 'monitor' [-Wunused-parameter]
   69 | static void manager_activated_cb(GSManager* manager, GSMonitor* monitor)
      |                                                      ~~~~~~~~~~~^~~~~~~
gs-monitor.c: In function 'manager_deactivated_cb':
gs-monitor.c:74:47: warning: unused parameter 'manager' [-Wunused-parameter]
   74 | static void manager_deactivated_cb(GSManager* manager, GSMonitor* monitor)
      |                                    ~~~~~~~~~~~^~~~~~~
gs-monitor.c: In function 'watcher_idle_cb':
gs-monitor.c:79:44: warning: unused parameter 'watcher' [-Wunused-parameter]
   79 | static gboolean watcher_idle_cb(GSWatcher* watcher, gboolean is_idle, GSMonitor* monitor)
      |                                 ~~~~~~~~~~~^~~~~~~
gs-monitor.c: In function 'watcher_idle_notice_cb':
gs-monitor.c:105:51: warning: unused parameter 'watcher' [-Wunused-parameter]
  105 | static gboolean watcher_idle_notice_cb(GSWatcher* watcher, gboolean in_effect, GSMonitor* monitor)
      |                                        ~~~~~~~~~~~^~~~~~~
gs-monitor.c: In function 'listener_lock_cb':
gs-monitor.c:203:42: warning: unused parameter 'listener' [-Wunused-parameter]
  203 | static void listener_lock_cb(GSListener* listener, GSMonitor* monitor)
      |                              ~~~~~~~~~~~~^~~~~~~~
gs-monitor.c: In function 'listener_quit_cb':
gs-monitor.c:216:42: warning: unused parameter 'listener' [-Wunused-parameter]
  216 | static void listener_quit_cb(GSListener* listener, GSMonitor* monitor)
      |                              ~~~~~~~~~~~~^~~~~~~~
gs-monitor.c: In function 'listener_cycle_cb':
gs-monitor.c:222:43: warning: unused parameter 'listener' [-Wunused-parameter]
  222 | static void listener_cycle_cb(GSListener* listener, GSMonitor* monitor)
      |                               ~~~~~~~~~~~~^~~~~~~~
gs-monitor.c: In function 'listener_show_message_cb':
gs-monitor.c:227:50: warning: unused parameter 'listener' [-Wunused-parameter]
  227 | static void listener_show_message_cb(GSListener* listener, const char* summary, const char* body, const char* icon, GSMonitor* monitor)
      |                                      ~~~~~~~~~~~~^~~~~~~~
gs-monitor.c: In function 'listener_active_changed_cb':
gs-monitor.c:232:56: warning: unused parameter 'listener' [-Wunused-parameter]
  232 | static gboolean listener_active_changed_cb(GSListener* listener, gboolean active, GSMonitor* monitor)
      |                                            ~~~~~~~~~~~~^~~~~~~~
gs-monitor.c: In function 'listener_throttle_changed_cb':
gs-monitor.c:266:54: warning: unused parameter 'listener' [-Wunused-parameter]
  266 | static void listener_throttle_changed_cb(GSListener* listener, gboolean throttled, GSMonitor* monitor)
      |                                          ~~~~~~~~~~~~^~~~~~~~
gs-monitor.c: In function 'listener_simulate_user_activity_cb':
gs-monitor.c:271:60: warning: unused parameter 'listener' [-Wunused-parameter]
  271 | static void listener_simulate_user_activity_cb(GSListener* listener, GSMonitor* monitor)
      |                                                ~~~~~~~~~~~~^~~~~~~~
gs-monitor.c: In function 'listener_prepare_for_sleep_cb':
gs-monitor.c:276:55: warning: unused parameter 'listener' [-Wunused-parameter]
  276 | static void listener_prepare_for_sleep_cb(GSListener* listener, gboolean prepare, GSMonitor* monitor)
      |                                           ~~~~~~~~~~~~^~~~~~~~
gs-monitor.c:276:74: warning: unused parameter 'prepare' [-Wunused-parameter]
  276 | static void listener_prepare_for_sleep_cb(GSListener* listener, gboolean prepare, GSMonitor* monitor)
      |                                                                 ~~~~~~~~~^~~~~~~
gs-monitor.c: In function '_gs_monitor_update_from_prefs':
gs-monitor.c:287:72: warning: unused parameter 'prefs' [-Wunused-parameter]
  287 | static void _gs_monitor_update_from_prefs(GSMonitor* monitor, GSPrefs* prefs)
      |                                                               ~~~~~~~~~^~~~~
gs-monitor.c: In function 'on_watcher_status_message_changed':
gs-monitor.c:369:79: warning: unused parameter 'pspec' [-Wunused-parameter]
  369 | static void on_watcher_status_message_changed(GSWatcher* watcher, GParamSpec* pspec, GSMonitor* monitor)
      |                                                                   ~~~~~~~~~~~~^~~~~
gs-listener-dbus.c: At top level:
gs-listener-dbus.c:63:9: warning: macro "SYSTEMD_LOGIND_SESSION_PATH" is not used [-Wunused-macros]
   63 | #define SYSTEMD_LOGIND_SESSION_PATH      "/org/freedesktop/login1/session"
      |         ^~~~~~~~~~~~~~~~~~~~~~~~~~~
gs-watcher-x11.c: In function 'on_presence_status_changed':
gs-watcher-x11.c:395:44: warning: unused parameter 'presence_proxy' [-Wunused-parameter]
  395 | on_presence_status_changed (DBusGProxy    *presence_proxy,
      |                             ~~~~~~~~~~~~~~~^~~~~~~~~~~~~~
gs-watcher-x11.c: In function 'on_presence_status_text_changed':
gs-watcher-x11.c:403:49: warning: unused parameter 'presence_proxy' [-Wunused-parameter]
  403 | on_presence_status_text_changed (DBusGProxy    *presence_proxy,
      |                                  ~~~~~~~~~~~~~~~^~~~~~~~~~~~~~
gs-watcher-x11.c: In function 'disable_builtin_screensaver':
gs-watcher-x11.c:581:41: warning: unused parameter 'watcher' [-Wunused-parameter]
  581 | disable_builtin_screensaver (GSWatcher *watcher,
      |                              ~~~~~~~~~~~^~~~~~~
gs-manager.c: In function 'suspend_job':
gs-manager.c:349:25: warning: unused parameter 'window' [-Wunused-parameter]
  349 | suspend_job (GSWindow  *window,
      |              ~~~~~~~~~~~^~~~~~
gs-manager.c:351:25: warning: unused parameter 'manager' [-Wunused-parameter]
  351 |              GSManager *manager)
      |              ~~~~~~~~~~~^~~~~~~
gs-manager.c: In function 'free_themes':
gs-manager.c:390:57: warning: cast between incompatible function types from 'void (*)(void *)' to 'void (*)(void *, void *)' [-Wcast-function-type]
  390 |                 g_slist_foreach (manager->priv->themes, (GFunc)g_free, NULL);
      |                                                         ^
gs-manager.c: In function 'on_bg_changed':
gs-manager.c:1029:26: warning: unused parameter 'bg' [-Wunused-parameter]
 1029 | on_bg_changed (CafeBG   *bg,
      |                ~~~~~~~~~~^~
gs-manager.c:1030:27: warning: unused parameter 'manager' [-Wunused-parameter]
 1030 |                GSManager *manager)
      |                ~~~~~~~~~~~^~~~~~~
gs-manager.c: In function 'window_deactivated_cb':
gs-manager.c:1093:35: warning: unused parameter 'window' [-Wunused-parameter]
 1093 | window_deactivated_cb (GSWindow  *window,
      |                        ~~~~~~~~~~~^~~~~~
gs-manager.c: In function 'window_map_event_cb':
gs-manager.c:1241:33: warning: unused parameter 'event' [-Wunused-parameter]
 1241 |                      CdkEvent  *event,
      |                      ~~~~~~~~~~~^~~~~
gs-manager.c: In function 'window_map_cb':
gs-manager.c:1254:27: warning: unused parameter 'window' [-Wunused-parameter]
 1254 | window_map_cb (GSWindow  *window,
      |                ~~~~~~~~~~~^~~~~~
gs-manager.c:1255:27: warning: unused parameter 'manager' [-Wunused-parameter]
 1255 |                GSManager *manager)
      |                ~~~~~~~~~~~^~~~~~~
gs-manager.c: In function 'window_unmap_cb':
gs-manager.c:1261:29: warning: unused parameter 'window' [-Wunused-parameter]
 1261 | window_unmap_cb (GSWindow  *window,
      |                  ~~~~~~~~~~~^~~~~~
gs-manager.c:1262:29: warning: unused parameter 'manager' [-Wunused-parameter]
 1262 |                  GSManager *manager)
      |                  ~~~~~~~~~~~^~~~~~~
gs-manager.c: In function 'window_obscured_cb':
gs-manager.c:1370:33: warning: unused parameter 'pspec' [-Wunused-parameter]
 1370 |                     GParamSpec *pspec,
      |                     ~~~~~~~~~~~~^~~~~
gs-manager.c: In function 'window_dialog_up_changed_cb':
gs-manager.c:1461:42: warning: unused parameter 'pspec' [-Wunused-parameter]
 1461 |                              GParamSpec *pspec,
      |                              ~~~~~~~~~~~~^~~~~
gs-manager.c: In function 'window_activity_cb':
gs-manager.c:1479:32: warning: unused parameter 'window' [-Wunused-parameter]
 1479 | window_activity_cb (GSWindow  *window,
      |                     ~~~~~~~~~~~^~~~~~
gs-manager.c: In function 'fade_done_cb':
gs-manager.c:1796:26: warning: unused parameter 'fade' [-Wunused-parameter]
 1796 | fade_done_cb (GSFade    *fade,
      |               ~~~~~~~~~~~^~~~
  CC       gs-window-x11.o
gs-watcher-x11.c:466:4: warning: Value stored to 'status' is never read [deadcode.DeadStores]
                        status = 0;
                        ^        ~
gs-watcher-x11.c:595:2: warning: Value stored to 'desired_server_timeout' is never read [deadcode.DeadStores]
        desired_server_timeout  = current_server_timeout;
        ^                         ~~~~~~~~~~~~~~~~~~~~~~
gs-watcher-x11.c:596:2: warning: Value stored to 'desired_server_interval' is never read [deadcode.DeadStores]
        desired_server_interval = current_server_interval;
        ^                         ~~~~~~~~~~~~~~~~~~~~~~~
gs-watcher-x11.c:598:2: warning: Value stored to 'desired_allow_exp' is never read [deadcode.DeadStores]
        desired_allow_exp       = current_allow_exp;
        ^                         ~~~~~~~~~~~~~~~~~
4 warnings generated.
  CC       gs-prefs.o
  CC       gs-theme-manager.o
gs-prefs.c: In function 'gs_prefs_set_property':
gs-prefs.c:83:44: warning: unused parameter 'value' [-Wunused-parameter]
   83 |                        const GValue       *value,
      |                        ~~~~~~~~~~~~~~~~~~~~^~~~~
gs-prefs.c: In function 'gs_prefs_get_property':
gs-prefs.c:97:44: warning: unused parameter 'value' [-Wunused-parameter]
   97 |                        GValue             *value,
      |                        ~~~~~~~~~~~~~~~~~~~~^~~~~
gs-prefs.c: In function '_gs_prefs_set_themes':
gs-prefs.c:205:49: warning: cast between incompatible function types from 'void (*)(void *)' to 'void (*)(void *, void *)' [-Wcast-function-type]
  205 |                 g_slist_foreach (prefs->themes, (GFunc)g_free, NULL);
      |                                                 ^
gs-prefs.c: In function 'gs_prefs_finalize':
gs-prefs.c:603:49: warning: cast between incompatible function types from 'void (*)(void *)' to 'void (*)(void *, void *)' [-Wcast-function-type]
  603 |                 g_slist_foreach (prefs->themes, (GFunc)g_free, NULL);
      |                                                 ^
gs-theme-manager.c: In function 'theme_prepend_entry':
gs-theme-manager.c:316:39: warning: unused parameter 'filename' [-Wunused-parameter]
  316 |                      const char      *filename)
      |                      ~~~~~~~~~~~~~~~~~^~~~~~~~
gs-window-x11.c: In function 'monitor_geometry_notify':
gs-window-x11.c:365:38: warning: unused parameter 'monitor' [-Wunused-parameter]
  365 | monitor_geometry_notify (CdkMonitor *monitor,
      |                          ~~~~~~~~~~~~^~~~~~~
gs-window-x11.c:366:38: warning: unused parameter 'pspec' [-Wunused-parameter]
  366 |                          GParamSpec *pspec,
      |                          ~~~~~~~~~~~~^~~~~
gs-window-x11.c: In function 'gs_window_move_resize_window':
gs-window-x11.c:379:20: warning: variable 'widget' set but not used [-Wunused-but-set-variable]
  379 |         CtkWidget *widget;
      |                    ^~~~~~
gs-window-x11.c: In function 'xevent_filter':
gs-window-x11.c:758:27: warning: unused parameter 'event' [-Wunused-parameter]
  758 |                CdkEvent  *event,
      |                ~~~~~~~~~~~^~~~~
gs-window-x11.c: In function 'error_watch':
gs-window-x11.c:1005:28: warning: unused parameter 'data' [-Wunused-parameter]
 1005 |              gpointer      data)
      |              ~~~~~~~~~~~~~~^~~~
gs-window-x11.c: In function 'lock_plug_added':
gs-window-x11.c:1144:29: warning: unused parameter 'window' [-Wunused-parameter]
 1144 |                  GSWindow  *window)
      |                  ~~~~~~~~~~~^~~~~~
gs-window-x11.c: In function 'keyboard_plug_added':
gs-window-x11.c:1162:33: warning: unused parameter 'window' [-Wunused-parameter]
 1162 |                      GSWindow  *window)
      |                      ~~~~~~~~~~~^~~~~~
gs-window-x11.c: In function 'lock_socket_show':
gs-window-x11.c:1221:30: warning: unused parameter 'widget' [-Wunused-parameter]
 1221 | lock_socket_show (CtkWidget *widget,
      |                   ~~~~~~~~~~~^~~~~~
gs-window-x11.c: In function 'gs_window_real_button_press_event':
gs-window-x11.c:2150:52: warning: unused parameter 'event' [-Wunused-parameter]
 2150 |                                    CdkEventButton *event)
      |                                    ~~~~~~~~~~~~~~~~^~~~~
gs-window-x11.c: In function 'gs_window_real_scroll_event':
gs-window-x11.c:2162:46: warning: unused parameter 'event' [-Wunused-parameter]
 2162 |                              CdkEventScroll *event)
      |                              ~~~~~~~~~~~~~~~~^~~~~
gs-window-x11.c: In function 'gs_window_real_grab_broken':
gs-window-x11.c:2240:49: warning: unused parameter 'widget' [-Wunused-parameter]
 2240 | gs_window_real_grab_broken (CtkWidget          *widget,
      |                             ~~~~~~~~~~~~~~~~~~~~^~~~~~
gs-window-x11.c: In function 'on_drawing_area_draw':
gs-window-x11.c:2438:34: warning: unused parameter 'widget' [-Wunused-parameter]
 2438 | on_drawing_area_draw (CtkWidget *widget,
      |                       ~~~~~~~~~~~^~~~~~
  CC       gs-job.o
gs-job.c: In function 'nice_process':
gs-job.c:232:19: warning: unused parameter 'pid' [-Wunused-parameter]
  232 | nice_process (int pid,
      |               ~~~~^~~
gs-job.c: In function 'get_env_vars':
gs-job.c:280:23: warning: comparison of integer expressions of different signedness: 'int' and 'long unsigned int' [-Wsign-compare]
  280 |         for (i = 0; i < G_N_ELEMENTS (allowed_env_vars); i++)
      |                       ^
gs-job.c: In function 'spawn_on_widget':
gs-job.c:348:23: warning: comparison of integer expressions of different signedness: 'int' and 'guint' {aka 'unsigned int'} [-Wsign-compare]
  348 |         for (i = 0; i < env->len; i++)
      |                       ^
  CC       gs-debug.o
  CC       subprocs.o
  CC       gs-grab-x11.o
  CC       gs-fade.o
gs-grab-x11.c: In function 'xorg_lock_smasher_set_active':
gs-grab-x11.c:79:40: warning: unused parameter 'grab' [-Wunused-parameter]
   79 | xorg_lock_smasher_set_active (GSGrab  *grab,
      |                               ~~~~~~~~~^~~~
gs-grab-x11.c:80:40: warning: unused parameter 'active' [-Wunused-parameter]
   80 |                               gboolean active)
      |                               ~~~~~~~~~^~~~~~
gs-grab-x11.c: In function 'prepare_window_grab_cb':
gs-grab-x11.c:85:36: warning: unused parameter 'seat' [-Wunused-parameter]
   85 | prepare_window_grab_cb (CdkSeat   *seat,
      |                         ~~~~~~~~~~~^~~~
gs-grab-x11.c:87:36: warning: unused parameter 'user_data' [-Wunused-parameter]
   87 |                         gpointer   user_data)
      |                         ~~~~~~~~~~~^~~~~~~~~
  CC       gs-marshal.o
gs-fade.c: In function 'ignore_all_errors_ehandler':
gs-fade.c:135:42: warning: unused parameter 'dpy' [-Wunused-parameter]
  135 | ignore_all_errors_ehandler (Display     *dpy,
      |                             ~~~~~~~~~~~~~^~~
gs-fade.c:136:42: warning: unused parameter 'error' [-Wunused-parameter]
  136 |                             XErrorEvent *error)
      |                             ~~~~~~~~~~~~~^~~~~
gs-marshal.c: In function 'gs_marshal_BOOLEAN__VOID':
gs-marshal.c:55:41: warning: unused parameter 'n_param_values' [-Wunused-parameter]
   55 |                           guint         n_param_values,
      |                           ~~~~~~~~~~~~~~^~~~~~~~~~~~~~
gs-marshal.c: In function 'gs_marshal_BOOLEAN__INT':
gs-marshal.c:92:40: warning: unused parameter 'n_param_values' [-Wunused-parameter]
   92 |                          guint         n_param_values,
      |                          ~~~~~~~~~~~~~~^~~~~~~~~~~~~~
gs-marshal.c: In function 'gs_marshal_BOOLEAN__BOOLEAN':
gs-marshal.c:131:44: warning: unused parameter 'n_param_values' [-Wunused-parameter]
  131 |                              guint         n_param_values,
      |                              ~~~~~~~~~~~~~~^~~~~~~~~~~~~~
gs-marshal.c: In function 'gs_marshal_VOID__STRING_STRING_STRING':
gs-marshal.c:170:54: warning: unused parameter 'n_param_values' [-Wunused-parameter]
  170 |                                        guint         n_param_values,
      |                                        ~~~~~~~~~~~~~~^~~~~~~~~~~~~~
gs-marshal.c: At top level:
gs-marshal.c:31:9: warning: macro "g_marshal_value_peek_char" is not used [-Wunused-macros]
   31 | #define g_marshal_value_peek_char(v)     (v)->data[0].v_int
      |         ^~~~~~~~~~~~~~~~~~~~~~~~~
gs-marshal.c:46:9: warning: macro "g_marshal_value_peek_pointer" is not used [-Wunused-macros]
   46 | #define g_marshal_value_peek_pointer(v)  (v)->data[0].v_pointer
      |         ^~~~~~~~~~~~~~~~~~~~~~~~~~~~
gs-marshal.c:48:9: warning: macro "g_marshal_value_peek_variant" is not used [-Wunused-macros]
   48 | #define g_marshal_value_peek_variant(v)  (v)->data[0].v_pointer
      |         ^~~~~~~~~~~~~~~~~~~~~~~~~~~~
gs-marshal.c:38:9: warning: macro "g_marshal_value_peek_uint64" is not used [-Wunused-macros]
   38 | #define g_marshal_value_peek_uint64(v)   (v)->data[0].v_uint64
      |         ^~~~~~~~~~~~~~~~~~~~~~~~~~~
gs-marshal.c:36:9: warning: macro "g_marshal_value_peek_ulong" is not used [-Wunused-macros]
   36 | #define g_marshal_value_peek_ulong(v)    (v)->data[0].v_ulong
      |         ^~~~~~~~~~~~~~~~~~~~~~~~~~
gs-marshal.c:37:9: warning: macro "g_marshal_value_peek_int64" is not used [-Wunused-macros]
   37 | #define g_marshal_value_peek_int64(v)    (v)->data[0].v_int64
      |         ^~~~~~~~~~~~~~~~~~~~~~~~~~
gs-marshal.c:34:9: warning: macro "g_marshal_value_peek_uint" is not used [-Wunused-macros]
   34 | #define g_marshal_value_peek_uint(v)     (v)->data[0].v_uint
      |         ^~~~~~~~~~~~~~~~~~~~~~~~~
gs-marshal.c:39:9: warning: macro "g_marshal_value_peek_enum" is not used [-Wunused-macros]
   39 | #define g_marshal_value_peek_enum(v)     (v)->data[0].v_long
      |         ^~~~~~~~~~~~~~~~~~~~~~~~~
gs-marshal.c:32:9: warning: macro "g_marshal_value_peek_uchar" is not used [-Wunused-macros]
   32 | #define g_marshal_value_peek_uchar(v)    (v)->data[0].v_uint
      |         ^~~~~~~~~~~~~~~~~~~~~~~~~~
gs-marshal.c:42:9: warning: macro "g_marshal_value_peek_double" is not used [-Wunused-macros]
   42 | #define g_marshal_value_peek_double(v)   (v)->data[0].v_double
      |         ^~~~~~~~~~~~~~~~~~~~~~~~~~~
gs-marshal.c:35:9: warning: macro "g_marshal_value_peek_long" is not used [-Wunused-macros]
   35 | #define g_marshal_value_peek_long(v)     (v)->data[0].v_long
      |         ^~~~~~~~~~~~~~~~~~~~~~~~~
gs-marshal.c:47:9: warning: macro "g_marshal_value_peek_object" is not used [-Wunused-macros]
   47 | #define g_marshal_value_peek_object(v)   (v)->data[0].v_pointer
      |         ^~~~~~~~~~~~~~~~~~~~~~~~~~~
gs-marshal.c:45:9: warning: macro "g_marshal_value_peek_boxed" is not used [-Wunused-macros]
   45 | #define g_marshal_value_peek_boxed(v)    (v)->data[0].v_pointer
      |         ^~~~~~~~~~~~~~~~~~~~~~~~~~
gs-marshal.c:41:9: warning: macro "g_marshal_value_peek_float" is not used [-Wunused-macros]
   41 | #define g_marshal_value_peek_float(v)    (v)->data[0].v_float
      |         ^~~~~~~~~~~~~~~~~~~~~~~~~~
gs-marshal.c:44:9: warning: macro "g_marshal_value_peek_param" is not used [-Wunused-macros]
   44 | #define g_marshal_value_peek_param(v)    (v)->data[0].v_pointer
      |         ^~~~~~~~~~~~~~~~~~~~~~~~~~
gs-marshal.c:40:9: warning: macro "g_marshal_value_peek_flags" is not used [-Wunused-macros]
   40 | #define g_marshal_value_peek_flags(v)    (v)->data[0].v_ulong
      |         ^~~~~~~~~~~~~~~~~~~~~~~~~~
  CC       cafe-screensaver-command.o
cafe-screensaver-command.c:31:9: warning: macro "DBUS_API_SUBJECT_TO_CHANGE" is not used [-Wunused-macros]
   31 | #define DBUS_API_SUBJECT_TO_CHANGE
      |         ^~~~~~~~~~~~~~~~~~~~~~~~~~
  CC       cafe-screensaver-preferences.o
cafe-screensaver-preferences.c: In function 'get_all_theme_ids':
cafe-screensaver-preferences.c:193:36: warning: declaration of 'theme_manager' shadows a global declaration [-Wshadow]
  193 | get_all_theme_ids (GSThemeManager *theme_manager)
      |                    ~~~~~~~~~~~~~~~~^~~~~~~~~~~~~
cafe-screensaver-preferences.c:87:24: note: shadowed declaration is here
   87 | static GSThemeManager *theme_manager = NULL;
      |                        ^~~~~~~~~~~~~
cafe-screensaver-preferences.c: At top level:
cafe-screensaver-preferences.c:286:1: warning: function declaration isn't a prototype [-Wstrict-prototypes]
  286 | config_get_lock_disabled ()
      | ^~~~~~~~~~~~~~~~~~~~~~~~
cafe-screensaver-preferences.c: In function 'job_set_theme':
cafe-screensaver-preferences.c:298:28: warning: declaration of 'job' shadows a global declaration [-Wshadow]
  298 | job_set_theme (GSJob      *job,
      |                ~~~~~~~~~~~~^~~
cafe-screensaver-preferences.c:88:24: note: shadowed declaration is here
   88 | static GSJob          *job = NULL;
      |                        ^~~
cafe-screensaver-preferences.c: In function 'preview_on_draw':
cafe-screensaver-preferences.c:321:29: warning: unused parameter 'widget' [-Wunused-parameter]
  321 | preview_on_draw (CtkWidget *widget,
      |                  ~~~~~~~~~~~^~~~~~
cafe-screensaver-preferences.c:323:29: warning: unused parameter 'data' [-Wunused-parameter]
  323 |                  gpointer   data)
      |                  ~~~~~~~~~~~^~~~
cafe-screensaver-preferences.c: In function 'activate_delay_value_changed_cb':
cafe-screensaver-preferences.c:571:44: warning: unused parameter 'user_data' [-Wunused-parameter]
  571 |                                  gpointer  user_data)
      |                                  ~~~~~~~~~~^~~~~~~~~
cafe-screensaver-preferences.c: In function 'compare_theme':
cafe-screensaver-preferences.c:636:31: warning: unused parameter 'user_data' [-Wunused-parameter]
  636 |                 gpointer      user_data)
      |                 ~~~~~~~~~~~~~~^~~~~~~~~
cafe-screensaver-preferences.c: In function 'theme_copy_complete_cb':
cafe-screensaver-preferences.c:798:53: warning: unused parameter 'user_data' [-Wunused-parameter]
  798 | theme_copy_complete_cb (CtkWidget *dialog, gpointer user_data)
      |                                            ~~~~~~~~~^~~~~~~~~
cafe-screensaver-preferences.c: In function 'theme_installer_run':
cafe-screensaver-preferences.c:810:32: warning: cast between incompatible function types from 'void (*)(void *)' to 'void (*)(void *, void *)' [-Wcast-function-type]
  810 |         g_list_foreach (files, (GFunc) (g_object_unref), NULL);
      |                                ^
cafe-screensaver-preferences.c: In function 'drag_motion_cb':
cafe-screensaver-preferences.c:826:33: warning: unused parameter 'widget' [-Wunused-parameter]
  826 | drag_motion_cb (CtkWidget      *widget,
      |                 ~~~~~~~~~~~~~~~~^~~~~~
cafe-screensaver-preferences.c:827:33: warning: unused parameter 'context' [-Wunused-parameter]
  827 |                 CdkDragContext *context,
      |                 ~~~~~~~~~~~~~~~~^~~~~~~
cafe-screensaver-preferences.c:828:33: warning: unused parameter 'x' [-Wunused-parameter]
  828 |                 int             x,
      |                 ~~~~~~~~~~~~~~~~^
cafe-screensaver-preferences.c:829:33: warning: unused parameter 'y' [-Wunused-parameter]
  829 |                 int             y,
      |                 ~~~~~~~~~~~~~~~~^
cafe-screensaver-preferences.c:830:33: warning: unused parameter 'time' [-Wunused-parameter]
  830 |                 guint           time,
      |                 ~~~~~~~~~~~~~~~~^~~~
cafe-screensaver-preferences.c:831:33: warning: unused parameter 'data' [-Wunused-parameter]
  831 |                 gpointer        data)
      |                 ~~~~~~~~~~~~~~~~^~~~
cafe-screensaver-preferences.c: In function 'drag_leave_cb':
cafe-screensaver-preferences.c:839:32: warning: unused parameter 'context' [-Wunused-parameter]
  839 |                CdkDragContext *context,
      |                ~~~~~~~~~~~~~~~~^~~~~~~
cafe-screensaver-preferences.c:840:32: warning: unused parameter 'time' [-Wunused-parameter]
  840 |                guint           time,
      |                ~~~~~~~~~~~~~~~~^~~~
cafe-screensaver-preferences.c:841:32: warning: unused parameter 'data' [-Wunused-parameter]
  841 |                gpointer        data)
      |                ~~~~~~~~~~~~~~~~^~~~
cafe-screensaver-preferences.c: In function 'drag_data_received_cb':
cafe-screensaver-preferences.c:908:42: warning: unused parameter 'widget' [-Wunused-parameter]
  908 | drag_data_received_cb (CtkWidget        *widget,
      |                        ~~~~~~~~~~~~~~~~~~^~~~~~
cafe-screensaver-preferences.c:909:42: warning: unused parameter 'context' [-Wunused-parameter]
  909 |                        CdkDragContext   *context,
      |                        ~~~~~~~~~~~~~~~~~~^~~~~~~
cafe-screensaver-preferences.c:910:42: warning: unused parameter 'x' [-Wunused-parameter]
  910 |                        int               x,
      |                        ~~~~~~~~~~~~~~~~~~^
cafe-screensaver-preferences.c:911:42: warning: unused parameter 'y' [-Wunused-parameter]
  911 |                        int               y,
      |                        ~~~~~~~~~~~~~~~~~~^
cafe-screensaver-preferences.c:914:42: warning: unused parameter 'time' [-Wunused-parameter]
  914 |                        guint             time,
      |                        ~~~~~~~~~~~~~~~~~~^~~~
cafe-screensaver-preferences.c:915:42: warning: unused parameter 'data' [-Wunused-parameter]
  915 |                        gpointer          data)
      |                        ~~~~~~~~~~~~~~~~~~^~~~
cafe-screensaver-preferences.c: In function 'time_to_string_text':
cafe-screensaver-preferences.c:969:115: warning: comparison of integer expressions of different signedness: 'size_t' {aka 'long unsigned int'} and 'int' [-Wsign-compare]
  969 |                                                                                 "%d minutes", n), n), NULL)) - 2) > len_minutes)
      |                                                                                                                   ^
cafe-screensaver-preferences.c:977:115: warning: comparison of integer expressions of different signedness: 'size_t' {aka 'long unsigned int'} and 'int' [-Wsign-compare]
  977 |                                                                                 "%d minutes", n), n), NULL)) - 3) > len_minutes)
      |                                                                                                                   ^
cafe-screensaver-preferences.c:985:99: warning: comparison of integer expressions of different signedness: 'size_t' {aka 'long unsigned int'} and 'int' [-Wsign-compare]
  985 |                                                                 "%d minutes", 1), 1), NULL)) - 2) > len_minutes)
      |                                                                                                   ^
cafe-screensaver-preferences.c:1026:64: warning: comparison of integer expressions of different signedness: 'size_t' {aka 'long unsigned int'} and 'int' [-Wsign-compare]
 1026 |                                         while (strlen (string) != (len_minutes + inc_len + 3))
      |                                                                ^~
cafe-screensaver-preferences.c:1034:64: warning: comparison of integer expressions of different signedness: 'size_t' {aka 'long unsigned int'} and 'int' [-Wsign-compare]
 1034 |                                         while (strlen (string) != (len_minutes + inc_len))
      |                                                                ^~
cafe-screensaver-preferences.c:1044:56: warning: comparison of integer expressions of different signedness: 'size_t' {aka 'long unsigned int'} and 'int' [-Wsign-compare]
 1044 |                                 while (strlen (string) != (len_minutes + inc_len - 1))
      |                                                        ^~
cafe-screensaver-preferences.c: In function 'format_value_callback_time':
cafe-screensaver-preferences.c:1068:39: warning: unused parameter 'scale' [-Wunused-parameter]
 1068 | format_value_callback_time (CtkScale *scale,
      |                             ~~~~~~~~~~^~~~~
cafe-screensaver-preferences.c: In function 'lock_checkbox_toggled':
cafe-screensaver-preferences.c:1078:58: warning: unused parameter 'user_data' [-Wunused-parameter]
 1078 | lock_checkbox_toggled (CtkToggleButton *button, gpointer user_data)
      |                                                 ~~~~~~~~~^~~~~~~~~
cafe-screensaver-preferences.c: In function 'enabled_checkbox_toggled':
cafe-screensaver-preferences.c:1084:61: warning: unused parameter 'user_data' [-Wunused-parameter]
 1084 | enabled_checkbox_toggled (CtkToggleButton *button, gpointer user_data)
      |                                                    ~~~~~~~~~^~~~~~~~~
cafe-screensaver-preferences.c: In function 'picture_filename_changed':
cafe-screensaver-preferences.c:1090:66: warning: unused parameter 'user_data' [-Wunused-parameter]
 1090 | picture_filename_changed (CtkFileChooserButton *button, gpointer user_data)
      |                                                         ~~~~~~~~~^~~~~~~~~
cafe-screensaver-preferences.c: In function 'key_changed_cb':
cafe-screensaver-preferences.c:1161:65: warning: unused parameter 'data' [-Wunused-parameter]
 1161 | key_changed_cb (GSettings *settings, const gchar *key, gpointer data)
      |                                                        ~~~~~~~~~^~~~
cafe-screensaver-preferences.c: In function 'fullscreen_preview_previous_cb':
cafe-screensaver-preferences.c:1209:44: warning: unused parameter 'fullscreen_preview_window' [-Wunused-parameter]
 1209 | fullscreen_preview_previous_cb (CtkWidget *fullscreen_preview_window,
      |                                 ~~~~~~~~~~~^~~~~~~~~~~~~~~~~~~~~~~~~
cafe-screensaver-preferences.c:1210:44: warning: unused parameter 'user_data' [-Wunused-parameter]
 1210 |                                 gpointer   user_data)
      |                                 ~~~~~~~~~~~^~~~~~~~~
cafe-screensaver-preferences.c: In function 'fullscreen_preview_next_cb':
cafe-screensaver-preferences.c:1221:40: warning: unused parameter 'fullscreen_preview_window' [-Wunused-parameter]
 1221 | fullscreen_preview_next_cb (CtkWidget *fullscreen_preview_window,
      |                             ~~~~~~~~~~~^~~~~~~~~~~~~~~~~~~~~~~~~
cafe-screensaver-preferences.c:1222:40: warning: unused parameter 'user_data' [-Wunused-parameter]
 1222 |                             gpointer   user_data)
      |                             ~~~~~~~~~~~^~~~~~~~~
cafe-screensaver-preferences.c: In function 'fullscreen_preview_cancelled_cb':
cafe-screensaver-preferences.c:1233:45: warning: unused parameter 'button' [-Wunused-parameter]
 1233 | fullscreen_preview_cancelled_cb (CtkWidget *button,
      |                                  ~~~~~~~~~~~^~~~~~
cafe-screensaver-preferences.c:1234:45: warning: unused parameter 'user_data' [-Wunused-parameter]
 1234 |                                  gpointer   user_data)
      |                                  ~~~~~~~~~~~^~~~~~~~~
cafe-screensaver-preferences.c: In function 'fullscreen_preview_start_cb':
cafe-screensaver-preferences.c:1257:41: warning: unused parameter 'widget' [-Wunused-parameter]
 1257 | fullscreen_preview_start_cb (CtkWidget *widget,
      |                              ~~~~~~~~~~~^~~~~~
cafe-screensaver-preferences.c:1258:41: warning: unused parameter 'user_data' [-Wunused-parameter]
 1258 |                              gpointer   user_data)
      |                              ~~~~~~~~~~~^~~~~~~~~
cafe-screensaver-preferences.c: In function 'setup_treeview_idle':
cafe-screensaver-preferences.c:1494:31: warning: unused parameter 'data' [-Wunused-parameter]
 1494 | setup_treeview_idle (gpointer data)
      |                      ~~~~~~~~~^~~~
cafe-screensaver-preferences.c: At top level:
cafe-screensaver-preferences.c:61:9: warning: macro "KEY_CYCLE_DELAY" is not used [-Wunused-macros]
   61 | #define KEY_CYCLE_DELAY "cycle-delay"
      |         ^~~~~~~~~~~~~~~
cafe-screensaver-preferences.c:60:9: warning: macro "KEY_LOCK_DELAY" is not used [-Wunused-macros]
   60 | #define KEY_LOCK_DELAY "lock-delay"
      |         ^~~~~~~~~~~~~~
  CC       copy-theme-dialog.o
cafe-screensaver-command.c:326:2: warning: Potential leak of memory pointed to by 'buffer' [unix.Malloc]
        g_debug ("%s %d : error allocating memory\n", __FILE__, __LINE__);
        ^~~~~~~
cafe-screensaver-command.c:338:3: warning: Value stored to 'reply' is never read [deadcode.DeadStores]
                reply = screensaver_send_message_void (connection, "Quit", FALSE);
                ^       ~~~~~~~~~~~~~~~~~~~~~~~~~~~~~~~~~~~~~~~~~~~~~~~~~~~~~~~~~
cafe-screensaver-command.c:428:3: warning: Value stored to 'reply' is never read [deadcode.DeadStores]
                reply = screensaver_send_message_void (connection, "Lock", FALSE);
                ^       ~~~~~~~~~~~~~~~~~~~~~~~~~~~~~~~~~~~~~~~~~~~~~~~~~~~~~~~~~
cafe-screensaver-command.c:433:3: warning: Value stored to 'reply' is never read [deadcode.DeadStores]
                reply = screensaver_send_message_void (connection, "Unlock", FALSE);
                ^       ~~~~~~~~~~~~~~~~~~~~~~~~~~~~~~~~~~~~~~~~~~~~~~~~~~~~~~~~~~~
cafe-screensaver-command.c:438:3: warning: Value stored to 'reply' is never read [deadcode.DeadStores]
                reply = screensaver_send_message_void (connection, "Cycle", FALSE);
                ^       ~~~~~~~~~~~~~~~~~~~~~~~~~~~~~~~~~~~~~~~~~~~~~~~~~~~~~~~~~~
cafe-screensaver-command.c:443:3: warning: Value stored to 'reply' is never read [deadcode.DeadStores]
                reply = screensaver_send_message_void (connection, "SimulateUserActivity", FALSE);
                ^       ~~~~~~~~~~~~~~~~~~~~~~~~~~~~~~~~~~~~~~~~~~~~~~~~~~~~~~~~~~~~~~~~~~~~~~~~~
cafe-screensaver-command.c:527:3: warning: This statement is never executed [alpha.deadcode.UnreachableCode]
                g_print ("%s %s\n", argv [0], VERSION);
                ^~~~~~~
7 warnings generated.
  GEN      cafe-screensaver-preferences-resources.c
  CC       cafe-screensaver-dialog.o
copy-theme-dialog.c: In function 'copy_theme_dialog_finalize':
copy-theme-dialog.c:437:48: warning: cast between incompatible function types from 'void (*)(void *)' to 'void (*)(void *, void *)' [-Wcast-function-type]
  437 |         g_slist_foreach (dlg->priv->all_files, (GFunc) (g_object_unref), NULL);
      |                                                ^
copy-theme-dialog.c:439:52: warning: cast between incompatible function types from 'void (*)(void *)' to 'void (*)(void *, void *)' [-Wcast-function-type]
  439 |         g_slist_foreach (dlg->priv->all_basenames, (GFunc) (g_free), NULL);
      |                                                    ^
copy-theme-dialog.c: In function 'copy_theme_dialog_response':
copy-theme-dialog.c:457:53: warning: unused parameter 'response_id' [-Wunused-parameter]
  457 | copy_theme_dialog_response (CtkDialog *dialog, gint response_id)
      |                                                ~~~~~^~~~~~~~~~~
cafe-screensaver-dialog.c: In function 'response_cb':
cafe-screensaver-dialog.c:315:37: warning: unused parameter 'plug' [-Wunused-parameter]
  315 | static void response_cb(GSLockPlug* plug, gint response_id)
      |                         ~~~~~~~~~~~~^~~~
cafe-screensaver-dialog.c: In function 'quit_timeout_cb':
cafe-screensaver-dialog.c:330:42: warning: unused parameter 'data' [-Wunused-parameter]
  330 | static gboolean quit_timeout_cb(gpointer data)
      |                                 ~~~~~~~~~^~~~
cafe-screensaver-dialog.c: In function 'auth_check_idle':
cafe-screensaver-dialog.c:348:28: warning: cast between incompatible function types from 'gboolean (*)(void)' {aka 'int (*)(void)'} to 'gboolean (*)(void *)' {aka 'int (*)(void *)'} [-Wcast-function-type]
  348 |                 g_idle_add((GSourceFunc) quit_response_ok, NULL);
      |                            ^
cafe-screensaver-dialog.c:366:36: warning: cast between incompatible function types from 'gboolean (*)(void)' {aka 'int (*)(void)'} to 'gboolean (*)(void *)' {aka 'int (*)(void *)'} [-Wcast-function-type]
  366 |                         g_idle_add((GSourceFunc) response_request_quit, NULL);
      |                                    ^
cafe-screensaver-dialog.c: In function 'show_cb':
cafe-screensaver-dialog.c:374:49: warning: unused parameter 'data' [-Wunused-parameter]
  374 | static void show_cb(CtkWidget* widget, gpointer data)
      |                                        ~~~~~~~~~^~~~
cafe-screensaver-dialog.c: In function 'privileged_initialization':
cafe-screensaver-dialog.c:428:76: warning: declaration of 'verbose' shadows a global declaration [-Wshadow]
  428 | static gboolean privileged_initialization(int* argc, char** argv, gboolean verbose)
      |                                                                   ~~~~~~~~~^~~~~~~
cafe-screensaver-dialog.c:48:17: note: shadowed declaration is here
   48 | static gboolean verbose = FALSE;
      |                 ^~~~~~~
cafe-screensaver-dialog.c:428:48: warning: unused parameter 'argc' [-Wunused-parameter]
  428 | static gboolean privileged_initialization(int* argc, char** argv, gboolean verbose)
      |                                           ~~~~~^~~~
cafe-screensaver-dialog.c:428:61: warning: unused parameter 'argv' [-Wunused-parameter]
  428 | static gboolean privileged_initialization(int* argc, char** argv, gboolean verbose)
      |                                                      ~~~~~~~^~~~
cafe-screensaver-dialog.c: In function 'lock_initialization':
cafe-screensaver-dialog.c:470:93: warning: declaration of 'verbose' shadows a global declaration [-Wshadow]
  470 | static gboolean lock_initialization (int* argc, char** argv, char** nolock_reason, gboolean verbose)
      |                                                                                    ~~~~~~~~~^~~~~~~
cafe-screensaver-dialog.c:48:17: note: shadowed declaration is here
   48 | static gboolean verbose = FALSE;
      |                 ^~~~~~~
cafe-screensaver-dialog.c:470:43: warning: unused parameter 'argc' [-Wunused-parameter]
  470 | static gboolean lock_initialization (int* argc, char** argv, char** nolock_reason, gboolean verbose)
      |                                      ~~~~~^~~~
cafe-screensaver-dialog.c:470:56: warning: unused parameter 'argv' [-Wunused-parameter]
  470 | static gboolean lock_initialization (int* argc, char** argv, char** nolock_reason, gboolean verbose)
      |                                                 ~~~~~~~^~~~
cafe-screensaver-dialog.c:470:93: warning: unused parameter 'verbose' [-Wunused-parameter]
  470 | static gboolean lock_initialization (int* argc, char** argv, char** nolock_reason, gboolean verbose)
      |                                                                                    ~~~~~~~~~^~~~~~~
cafe-screensaver-dialog.c: In function 'main':
cafe-screensaver-dialog.c:598:20: warning: cast between incompatible function types from 'gboolean (*)(void)' {aka 'int (*)(void)'} to 'gboolean (*)(void *)' {aka 'int (*)(void *)'} [-Wcast-function-type]
  598 |         g_idle_add((GSourceFunc) popup_dialog_idle, NULL);
      |                    ^
  CC       gs-lock-plug.o
gs-window-x11.c:382:2: warning: Value stored to 'widget' is never read [deadcode.DeadStores]
        widget = CTK_WIDGET (window);
        ^        ~~~~~~~~~~~~~~~~~~~
gs-window-x11.c:1027:4: warning: Value stored to 'finished' is never read [deadcode.DeadStores]
                        finished = TRUE;
                        ^          ~~~~
gs-window-x11.c:1130:2: warning: Value stored to 'id' is never read [deadcode.DeadStores]
        id = g_io_add_watch (channel,
        ^    ~~~~~~~~~~~~~~~~~~~~~~~~
gs-window-x11.c:1363:4: warning: Value stored to 'finished' is never read [deadcode.DeadStores]
                        finished = TRUE;
                        ^          ~~~~
gs-window-x11.c:1631:4: warning: Value stored to 'finished' is never read [deadcode.DeadStores]
                        finished = TRUE;
                        ^          ~~~~
5 warnings generated.
cafe-screensaver-dialog.c:580:3: warning: This statement is never executed [alpha.deadcode.UnreachableCode]
                g_print("%s %s\n", argv[0], VERSION);
                ^~~~~~~
1 warning generated.
  CC       setuid.o
  CC       gs-auth-pam.o
  CC       cafe-screensaver-gl-helper.o
gs-lock-plug.c: In function 'do_user_switch':
gs-lock-plug.c:202:29: warning: unused parameter 'plug' [-Wunused-parameter]
  202 | do_user_switch (GSLockPlug *plug)
      |                 ~~~~~~~~~~~~^~~~
gs-lock-plug.c: In function 'run_unmap_handler':
gs-lock-plug.c:513:32: warning: unused parameter 'plug' [-Wunused-parameter]
  513 | run_unmap_handler (GSLockPlug *plug,
      |                    ~~~~~~~~~~~~^~~~
gs-lock-plug.c: In function 'run_response_handler':
gs-lock-plug.c:522:35: warning: unused parameter 'plug' [-Wunused-parameter]
  522 | run_response_handler (GSLockPlug *plug,
      |                       ~~~~~~~~~~~~^~~~
gs-lock-plug.c: In function 'run_delete_handler':
gs-lock-plug.c:536:33: warning: unused parameter 'plug' [-Wunused-parameter]
  536 | run_delete_handler (GSLockPlug *plug,
      |                     ~~~~~~~~~~~~^~~~
gs-lock-plug.c:537:34: warning: unused parameter 'event' [-Wunused-parameter]
  537 |                     CdkEventAny *event,
      |                     ~~~~~~~~~~~~~^~~~~
gs-lock-plug.c: In function 'run_destroy_handler':
gs-lock-plug.c:548:34: warning: unused parameter 'plug' [-Wunused-parameter]
  548 | run_destroy_handler (GSLockPlug *plug,
      |                      ~~~~~~~~~~~~^~~~
gs-lock-plug.c: In function 'run_keymap_handler':
gs-lock-plug.c:558:32: warning: unused parameter 'keymap' [-Wunused-parameter]
  558 | run_keymap_handler (CdkKeymap *keymap,
      |                     ~~~~~~~~~~~^~~~~~
gs-lock-plug.c: In function 'take_note':
gs-lock-plug.c:1351:24: warning: unused parameter 'button' [-Wunused-parameter]
 1351 | take_note (CtkButton  *button,
      |            ~~~~~~~~~~~~^~~~~~
gs-lock-plug.c: In function 'submit_note':
gs-lock-plug.c:1363:26: warning: unused parameter 'button' [-Wunused-parameter]
 1363 | submit_note (CtkButton  *button,
      |              ~~~~~~~~~~~~^~~~~~
gs-lock-plug.c: In function 'cancel_note':
gs-lock-plug.c:1400:26: warning: unused parameter 'button' [-Wunused-parameter]
 1400 | cancel_note (CtkButton  *button,
      |              ~~~~~~~~~~~~^~~~~~
gs-lock-plug.c: In function 'logout_button_clicked':
gs-lock-plug.c:1418:36: warning: unused parameter 'button' [-Wunused-parameter]
 1418 | logout_button_clicked (CtkButton  *button,
      |                        ~~~~~~~~~~~~^~~~~~
gs-lock-plug.c: In function 'entry_button_press':
gs-lock-plug.c:1545:37: warning: unused parameter 'widget' [-Wunused-parameter]
 1545 | entry_button_press (CtkWidget      *widget,
      |                     ~~~~~~~~~~~~~~~~^~~~~~
gs-lock-plug.c: In function 'entry_key_press':
gs-lock-plug.c:1557:31: warning: unused parameter 'widget' [-Wunused-parameter]
 1557 | entry_key_press (CtkWidget   *widget,
      |                  ~~~~~~~~~~~~~^~~~~~
gs-lock-plug.c: In function 'gs_lock_plug_add_button':
gs-lock-plug.c:1584:39: warning: unused parameter 'plug' [-Wunused-parameter]
 1584 | gs_lock_plug_add_button (GSLockPlug  *plug,
      |                          ~~~~~~~~~~~~~^~~~
gs-lock-plug.c: In function 'unlock_button_clicked':
gs-lock-plug.c:1933:36: warning: unused parameter 'button' [-Wunused-parameter]
 1933 | unlock_button_clicked (CtkButton  *button,
      |                        ~~~~~~~~~~~~^~~~~~
gs-lock-plug.c: In function 'cancel_button_clicked':
gs-lock-plug.c:1940:36: warning: unused parameter 'button' [-Wunused-parameter]
 1940 | cancel_button_clicked (CtkButton  *button,
      |                        ~~~~~~~~~~~~^~~~~~
gs-lock-plug.c: In function 'switch_user_button_clicked':
gs-lock-plug.c:1947:41: warning: unused parameter 'button' [-Wunused-parameter]
 1947 | switch_user_button_clicked (CtkButton  *button,
      |                             ~~~~~~~~~~~~^~~~~~
gs-lock-plug.c: In function 'get_dialog_theme_name':
gs-lock-plug.c:1964:36: warning: unused parameter 'plug' [-Wunused-parameter]
 1964 | get_dialog_theme_name (GSLockPlug *plug)
      |                        ~~~~~~~~~~~~^~~~
gs-lock-plug.c: In function 'delete_handler':
gs-lock-plug.c:2087:30: warning: unused parameter 'event' [-Wunused-parameter]
 2087 |                 CdkEventAny *event,
      |                 ~~~~~~~~~~~~~^~~~~
gs-lock-plug.c:2088:30: warning: unused parameter 'data' [-Wunused-parameter]
 2088 |                 gpointer     data)
      |                 ~~~~~~~~~~~~~^~~~
gs-lock-plug.c: In function 'gs_lock_plug_init':
gs-lock-plug.c:2147:69: warning: cast between incompatible function types from 'void (*)(GSLockPlug *)' to 'gboolean (*)(void *)' {aka 'int (*)(void *)'} [-Wcast-function-type]
 2147 |         plug->priv->datetime_timeout_id = g_timeout_add_seconds (1, (GSourceFunc) date_time_update, plug);
      |                                                                     ^
gs-auth-pam.c: In function 'auth_message_handler':
gs-auth-pam.c:159:42: warning: unused parameter 'data' [-Wunused-parameter]
  159 |                       gpointer           data)
      |                       ~~~~~~~~~~~~~~~~~~~^~~~
gs-auth-pam.c: In function 'gs_auth_loop_quit':
gs-auth-pam.c:609:33: warning: unused parameter 'source' [-Wunused-parameter]
  609 | gs_auth_loop_quit (GIOChannel  *source,
      |                    ~~~~~~~~~~~~~^~~~~~
gs-auth-pam.c:610:33: warning: unused parameter 'condition' [-Wunused-parameter]
  610 |                    GIOCondition condition,
      |                    ~~~~~~~~~~~~~^~~~~~~~~
gs-auth-pam.c: In function 'gs_auth_pam_verify_user':
gs-auth-pam.c:667:37: warning: cast between incompatible function types from 'int (*)(int)' to 'void * (*)(void *)' [-Wcast-function-type]
  667 |                                     (GThreadFunc) gs_auth_thread_func,
      |                                     ^
In file included from /usr/include/glib-2.0/glib/gtypes.h:34,
                 from /usr/include/glib-2.0/glib/galloca.h:34,
                 from /usr/include/glib-2.0/glib.h:32,
                 from gs-auth-pam.c:42:
/usr/lib/x86_64-linux-gnu/glib-2.0/include/glibconfig.h:103:42: warning: cast from function call of type 'gpointer' {aka 'void *'} to non-matching type 'long int' [-Wbad-function-cast]
  103 | #define GPOINTER_TO_INT(p)      ((gint)  (glong) (p))
      |                                          ^
gs-auth-pam.c:691:23: note: in expansion of macro 'GPOINTER_TO_INT'
  691 |         auth_status = GPOINTER_TO_INT (g_thread_join (auth_thread));
      |                       ^~~~~~~~~~~~~~~
gs-auth-pam.c:619:40: warning: unused parameter 'handle' [-Wunused-parameter]
  619 | gs_auth_pam_verify_user (pam_handle_t *handle,
      |                          ~~~~~~~~~~~~~~^~~~~~
gs-lock-plug.c: At top level:
gs-lock-plug.c:75:9: warning: macro "FACE_ICON_SIZE" is not used [-Wunused-macros]
   75 | #define FACE_ICON_SIZE 48
      |         ^~~~~~~~~~~~~~
  CC       gs-visual-gl.o
gs-visual-gl.c: In function 'gs_visual_gl_get_best_for_display':
gs-visual-gl.c:85:23: warning: comparison of integer expressions of different signedness: 'int' and 'long unsigned int' [-Wsign-compare]
   85 |         for (i = 0; i < G_N_ELEMENTS (attrs); i++)
      |                       ^
  CC       test-fade.o
  CC       test-passwd.o
test-passwd.c: In function 'auth_message_handler':
test-passwd.c:194:42: warning: unused parameter 'data' [-Wunused-parameter]
  194 |                       gpointer           data)
      |                       ~~~~~~~~~~~~~~~~~~~^~~~
  CC       test-watcher.o
test-fade.c:93:3: warning: This statement is never executed [alpha.deadcode.UnreachableCode]
                fprintf (stderr, "%s\n", error->message);
                ^~~~~~~
1 warning generated.
  CC       test-window.o
test-watcher.c: In function 'watcher_idle_cb':
test-watcher.c:35:29: warning: unused parameter 'watcher' [-Wunused-parameter]
   35 | watcher_idle_cb (GSWatcher *watcher,
      |                  ~~~~~~~~~~~^~~~~~~
test-watcher.c:37:29: warning: unused parameter 'data' [-Wunused-parameter]
   37 |                  gpointer   data)
      |                  ~~~~~~~~~~~^~~~
test-watcher.c: In function 'watcher_idle_notice_cb':
test-watcher.c:46:36: warning: unused parameter 'watcher' [-Wunused-parameter]
   46 | watcher_idle_notice_cb (GSWatcher *watcher,
      |                         ~~~~~~~~~~~^~~~~~~
test-watcher.c:48:36: warning: unused parameter 'data' [-Wunused-parameter]
   48 |                         gpointer   data)
      |                         ~~~~~~~~~~~^~~~
  GEN      cafe-screensaver.desktop
test-window.c: In function 'window_deactivated_cb':
test-window.c:39:35: warning: unused parameter 'data' [-Wunused-parameter]
   39 |                        gpointer   data)
      |                        ~~~~~~~~~~~^~~~
test-window.c: In function 'window_dialog_up_cb':
test-window.c:45:33: warning: unused parameter 'window' [-Wunused-parameter]
   45 | window_dialog_up_cb (GSWindow  *window,
      |                      ~~~~~~~~~~~^~~~~~
test-window.c:46:33: warning: unused parameter 'data' [-Wunused-parameter]
   46 |                      gpointer   data)
      |                      ~~~~~~~~~~~^~~~
test-window.c: In function 'window_dialog_down_cb':
test-window.c:51:35: warning: unused parameter 'window' [-Wunused-parameter]
   51 | window_dialog_down_cb (GSWindow  *window,
      |                        ~~~~~~~~~~~^~~~~~
test-window.c:52:35: warning: unused parameter 'data' [-Wunused-parameter]
   52 |                        gpointer   data)
      |                        ~~~~~~~~~~~^~~~
test-window.c: In function 'window_show_cb':
test-window.c:58:28: warning: unused parameter 'data' [-Wunused-parameter]
   58 |                 gpointer   data)
      |                 ~~~~~~~~~~~^~~~
test-window.c: In function 'window_activity_cb':
test-window.c:69:32: warning: unused parameter 'data' [-Wunused-parameter]
   69 |                     gpointer   data)
      |                     ~~~~~~~~~~~^~~~
test-window.c: In function 'window_destroyed_cb':
test-window.c:91:33: warning: unused parameter 'data' [-Wunused-parameter]
   91 |                      gpointer   data)
      |                      ~~~~~~~~~~~^~~~
  CCLD     cafe-screensaver
gs-auth-pam.c:280:2: warning: Value stored to 'res' is never read [deadcode.DeadStores]
        res = TRUE;
        ^     ~~~~
gs-auth-pam.c:405:2: warning: Value stored to 'status' is never read [deadcode.DeadStores]
        status = -1;
        ^        ~~
gs-auth-pam.c:407:2: warning: Value stored to 'ret' is never read [deadcode.DeadStores]
        ret = TRUE;
        ^     ~~~~
gs-auth-pam.c:697:3: warning: Value stored to 'watch_id' is never read [deadcode.DeadStores]
                watch_id = 0;
                ^          ~
4 warnings generated.
  CCLD     cafe-screensaver-command
  CC       cafe-screensaver-preferences-resources.o
  CCLD     cafe-screensaver-gl-helper
  CCLD     test-fade
cafe-screensaver-preferences-resources.c:214:9: warning: macro "__G_CONSTRUCTOR_H__" is not used [-Wunused-macros]
  214 | #define __G_CONSTRUCTOR_H__
      |         ^~~~~~~~~~~~~~~~~~~
  CCLD     test-passwd
  CCLD     test-watcher
  CCLD     test-window
  CCLD     cafe-screensaver-dialog
  CCLD     cafe-screensaver-preferences
make[3]: Leaving directory '/rootdir/src'
make[2]: Leaving directory '/rootdir/src'
Making all in savers
make[2]: Entering directory '/rootdir/savers'
echo "#include \"gs-theme-engine-marshal.h\"" > gs-theme-engine-marshal.c && \
/usr/bin/glib-genmarshal gs-theme-engine-marshal.list --prefix=gs_theme_engine_marshal --body >> gs-theme-engine-marshal.c
/usr/bin/glib-genmarshal gs-theme-engine-marshal.list --prefix=gs_theme_engine_marshal --header > gs-theme-engine-marshal.h
INFO: Reading gs-theme-engine-marshal.list...
INFO: Reading gs-theme-engine-marshal.list...
make  all-am
make[3]: Entering directory '/rootdir/savers'
  CC       floaters.o
  CC       libgs_theme_engine_a-gs-theme-window.o
  CC       libgs_theme_engine_a-gs-theme-engine-marshal.o
  CC       libgs_theme_engine_a-gs-theme-engine.o
  CC       gste-squares.o
gs-theme-engine-marshal.c:31:9: warning: macro "g_marshal_value_peek_char" is not used [-Wunused-macros]
   31 | #define g_marshal_value_peek_char(v)     (v)->data[0].v_int
      |         ^~~~~~~~~~~~~~~~~~~~~~~~~
gs-theme-engine-marshal.c:43:9: warning: macro "g_marshal_value_peek_string" is not used [-Wunused-macros]
   43 | #define g_marshal_value_peek_string(v)   (v)->data[0].v_pointer
      |         ^~~~~~~~~~~~~~~~~~~~~~~~~~~
gs-theme-engine-marshal.c:46:9: warning: macro "g_marshal_value_peek_pointer" is not used [-Wunused-macros]
   46 | #define g_marshal_value_peek_pointer(v)  (v)->data[0].v_pointer
      |         ^~~~~~~~~~~~~~~~~~~~~~~~~~~~
gs-theme-engine-marshal.c:48:9: warning: macro "g_marshal_value_peek_variant" is not used [-Wunused-macros]
   48 | #define g_marshal_value_peek_variant(v)  (v)->data[0].v_pointer
      |         ^~~~~~~~~~~~~~~~~~~~~~~~~~~~
gs-theme-engine-marshal.c:38:9: warning: macro "g_marshal_value_peek_uint64" is not used [-Wunused-macros]
   38 | #define g_marshal_value_peek_uint64(v)   (v)->data[0].v_uint64
      |         ^~~~~~~~~~~~~~~~~~~~~~~~~~~
gs-theme-engine-marshal.c:36:9: warning: macro "g_marshal_value_peek_ulong" is not used [-Wunused-macros]
   36 | #define g_marshal_value_peek_ulong(v)    (v)->data[0].v_ulong
      |         ^~~~~~~~~~~~~~~~~~~~~~~~~~
gs-theme-engine-marshal.c:37:9: warning: macro "g_marshal_value_peek_int64" is not used [-Wunused-macros]
   37 | #define g_marshal_value_peek_int64(v)    (v)->data[0].v_int64
      |         ^~~~~~~~~~~~~~~~~~~~~~~~~~
gs-theme-engine-marshal.c:34:9: warning: macro "g_marshal_value_peek_uint" is not used [-Wunused-macros]
   34 | #define g_marshal_value_peek_uint(v)     (v)->data[0].v_uint
      |         ^~~~~~~~~~~~~~~~~~~~~~~~~
gs-theme-engine-marshal.c:39:9: warning: macro "g_marshal_value_peek_enum" is not used [-Wunused-macros]
   39 | #define g_marshal_value_peek_enum(v)     (v)->data[0].v_long
      |         ^~~~~~~~~~~~~~~~~~~~~~~~~
gs-theme-engine-marshal.c:30:9: warning: macro "g_marshal_value_peek_boolean" is not used [-Wunused-macros]
   30 | #define g_marshal_value_peek_boolean(v)  (v)->data[0].v_int
      |         ^~~~~~~~~~~~~~~~~~~~~~~~~~~~
gs-theme-engine-marshal.c:33:9: warning: macro "g_marshal_value_peek_int" is not used [-Wunused-macros]
   33 | #define g_marshal_value_peek_int(v)      (v)->data[0].v_int
      |         ^~~~~~~~~~~~~~~~~~~~~~~~
gs-theme-engine-marshal.c:32:9: warning: macro "g_marshal_value_peek_uchar" is not used [-Wunused-macros]
   32 | #define g_marshal_value_peek_uchar(v)    (v)->data[0].v_uint
      |         ^~~~~~~~~~~~~~~~~~~~~~~~~~
gs-theme-engine-marshal.c:42:9: warning: macro "g_marshal_value_peek_double" is not used [-Wunused-macros]
   42 | #define g_marshal_value_peek_double(v)   (v)->data[0].v_double
      |         ^~~~~~~~~~~~~~~~~~~~~~~~~~~
gs-theme-engine-marshal.c:35:9: warning: macro "g_marshal_value_peek_long" is not used [-Wunused-macros]
   35 | #define g_marshal_value_peek_long(v)     (v)->data[0].v_long
      |         ^~~~~~~~~~~~~~~~~~~~~~~~~
gs-theme-engine-marshal.c:47:9: warning: macro "g_marshal_value_peek_object" is not used [-Wunused-macros]
   47 | #define g_marshal_value_peek_object(v)   (v)->data[0].v_pointer
      |         ^~~~~~~~~~~~~~~~~~~~~~~~~~~
gs-theme-engine-marshal.c:41:9: warning: macro "g_marshal_value_peek_float" is not used [-Wunused-macros]
   41 | #define g_marshal_value_peek_float(v)    (v)->data[0].v_float
      |         ^~~~~~~~~~~~~~~~~~~~~~~~~~
gs-theme-engine-marshal.c:44:9: warning: macro "g_marshal_value_peek_param" is not used [-Wunused-macros]
   44 | #define g_marshal_value_peek_param(v)    (v)->data[0].v_pointer
      |         ^~~~~~~~~~~~~~~~~~~~~~~~~~
gs-theme-engine-marshal.c:40:9: warning: macro "g_marshal_value_peek_flags" is not used [-Wunused-macros]
   40 | #define g_marshal_value_peek_flags(v)    (v)->data[0].v_ulong
      |         ^~~~~~~~~~~~~~~~~~~~~~~~~~
gs-theme-engine.c: In function 'gs_theme_engine_set_property':
gs-theme-engine.c:77:51: warning: unused parameter 'value' [-Wunused-parameter]
   77 |                               const GValue       *value,
      |                               ~~~~~~~~~~~~~~~~~~~~^~~~~
gs-theme-engine.c: In function 'gs_theme_engine_get_property':
gs-theme-engine.c:93:51: warning: unused parameter 'value' [-Wunused-parameter]
   93 |                               GValue             *value,
      |                               ~~~~~~~~~~~~~~~~~~~~^~~~~
gs-theme-engine.c: In function 'gs_theme_engine_real_draw':
gs-theme-engine.c:107:39: warning: unused parameter 'widget' [-Wunused-parameter]
  107 | gs_theme_engine_real_draw (CtkWidget *widget,
      |                            ~~~~~~~~~~~^~~~~~
  CC       squares.o
gs-theme-window.c: In function 'gs_theme_window_finalize':
gs-theme-window.c:74:24: warning: declaration of 'parent_class' shadows a global declaration [-Wshadow]
   74 |         GObjectClass  *parent_class;
      |                        ^~~~~~~~~~~~
gs-theme-window.c:43:24: note: shadowed declaration is here
   43 | static GObjectClass   *parent_class = NULL;
      |                        ^~~~~~~~~~~~
gs-theme-window.c: In function 'gs_theme_window_real_realize':
gs-theme-window.c:136:33: warning: declaration of 'parent_class' shadows a global declaration [-Wshadow]
  136 |                 CtkWidgetClass *parent_class;
      |                                 ^~~~~~~~~~~~
gs-theme-window.c:43:24: note: shadowed declaration is here
   43 | static GObjectClass   *parent_class = NULL;
      |                        ^~~~~~~~~~~~
gs-theme-window.c:146:9: warning: 'ctk_style_context_set_background' is deprecated: Use 'ctk_render_background' instead [-Wdeprecated-declarations]
  146 |         ctk_style_context_set_background (ctk_widget_get_style_context (widget),
      |         ^~~~~~~~~~~~~~~~~~~~~~~~~~~~~~~~
In file included from /usr/include/ctk-3.0/ctk/ctkicontheme.h:27,
                 from /usr/include/ctk-3.0/ctk/ctk.h:135,
                 from gs-theme-window.c:36:
/usr/include/ctk-3.0/ctk/ctkstylecontext.h:1224:6: note: declared here
 1224 | void ctk_style_context_set_background       (CtkStyleContext *context,
      |      ^~~~~~~~~~~~~~~~~~~~~~~~~~~~~~~~
gste-squares.c: In function 'gste_squares_set_property':
gste-squares.c:321:51: warning: unused parameter 'value' [-Wunused-parameter]
  321 |                               const GValue       *value,
      |                               ~~~~~~~~~~~~~~~~~~~~^~~~~
gste-squares.c: In function 'gste_squares_get_property':
gste-squares.c:337:51: warning: unused parameter 'value' [-Wunused-parameter]
  337 |                               GValue             *value,
      |                               ~~~~~~~~~~~~~~~~~~~~^~~~~
floaters.c: In function 'screen_saver_floater_new':
floaters.c:362:40: warning: unused parameter 'screen_saver' [-Wunused-parameter]
  362 | screen_saver_floater_new (ScreenSaver *screen_saver,
      |                           ~~~~~~~~~~~~~^~~~~~~~~~~~
floaters.c: In function 'screen_saver_floater_free':
floaters.c:386:48: warning: unused parameter 'screen_saver' [-Wunused-parameter]
  386 | screen_saver_floater_free (ScreenSaver        *screen_saver,
      |                            ~~~~~~~~~~~~~~~~~~~~^~~~~~~~~~~~
floaters.c: In function 'screen_saver_floater_should_come_on_screen':
floaters.c:420:14: warning: using integer absolute value function 'abs' when argument is of floating-point type 'double' [-Wabsolute-value]
  420 |         if ((abs (performance_ratio - .5) >= G_MINDOUBLE) &&
      |              ^~~
floaters.c: In function 'screen_saver_floater_should_bubble_up':
floaters.c:433:60: warning: unused parameter 'screen_saver' [-Wunused-parameter]
  433 | screen_saver_floater_should_bubble_up (ScreenSaver        *screen_saver,
      |                                        ~~~~~~~~~~~~~~~~~~~~^~~~~~~~~~~~
floaters.c: In function 'screen_saver_floater_get_position_from_time':
floaters.c:459:66: warning: unused parameter 'screen_saver' [-Wunused-parameter]
  459 | screen_saver_floater_get_position_from_time (ScreenSaver        *screen_saver,
      |                                              ~~~~~~~~~~~~~~~~~~~~^~~~~~~~~~~~
floaters.c: In function 'screen_saver_floater_get_scale_from_time':
floaters.c:480:63: warning: unused parameter 'screen_saver' [-Wunused-parameter]
  480 | screen_saver_floater_get_scale_from_time (ScreenSaver        *screen_saver,
      |                                           ~~~~~~~~~~~~~~~~~~~~^~~~~~~~~~~~
floaters.c: In function 'screen_saver_floater_get_angle_from_time':
floaters.c:494:63: warning: unused parameter 'screen_saver' [-Wunused-parameter]
  494 | screen_saver_floater_get_angle_from_time (ScreenSaver        *screen_saver,
      |                                           ~~~~~~~~~~~~~~~~~~~~^~~~~~~~~~~~
floaters.c: In function 'screen_saver_floater_create_path_to_random_point':
floaters.c:552:71: warning: unused parameter 'screen_saver' [-Wunused-parameter]
  552 | screen_saver_floater_create_path_to_random_point (ScreenSaver        *screen_saver,
      |                                                   ~~~~~~~~~~~~~~~~~~~~^~~~~~~~~~~~
floaters.c: In function 'screen_saver_floater_create_path':
floaters.c:585:13: warning: using integer absolute value function 'abs' when argument is of floating-point type 'gdouble' {aka 'double'} [-Wabsolute-value]
  585 |         if (abs (performance_ratio) <= G_MINDOUBLE)
      |             ^~~
floaters.c: In function 'screen_saver_floater_do_draw':
floaters.c:735:51: warning: using integer absolute value function 'abs' when argument is of floating-point type 'gdouble' {aka 'double'} [-Wabsolute-value]
  735 |         if (screen_saver->should_do_rotations && (abs (floater->angle) > G_MINDOUBLE))
      |                                                   ^~~
floaters.c: In function 'screen_saver_new':
floaters.c:839:36: warning: declaration of 'max_floater_count' shadows a global declaration [-Wshadow]
  839 |                   gint             max_floater_count,
      |                   ~~~~~~~~~~~~~~~~~^~~~~~~~~~~~~~~~~
floaters.c:80:13: note: shadowed declaration is here
   80 | static gint max_floater_count = FLOATER_DEFAULT_COUNT;
      |             ^~~~~~~~~~~~~~~~~
floaters.c:840:36: warning: declaration of 'should_do_rotations' shadows a global declaration [-Wshadow]
  840 |                   gboolean         should_do_rotations,
      |                   ~~~~~~~~~~~~~~~~~^~~~~~~~~~~~~~~~~~~
floaters.c:78:17: note: shadowed declaration is here
   78 | static gboolean should_do_rotations = FALSE;
      |                 ^~~~~~~~~~~~~~~~~~~
floaters.c:841:36: warning: declaration of 'should_show_paths' shadows a global declaration [-Wshadow]
  841 |                   gboolean         should_show_paths)
      |                   ~~~~~~~~~~~~~~~~~^~~~~~~~~~~~~~~~~
floaters.c:77:17: note: shadowed declaration is here
   77 | static gboolean should_show_paths = FALSE;
      |                 ^~~~~~~~~~~~~~~~~
floaters.c: In function 'screen_saver_get_timestamp':
floaters.c:916:9: warning: 'GTimeVal' is deprecated: Use 'GDateTime' instead [-Wdeprecated-declarations]
  916 |         GTimeVal now = { 0L, /* zero-filled */ };
      |         ^~~~~~~~
In file included from /usr/include/glib-2.0/glib/galloca.h:34,
                 from /usr/include/glib-2.0/glib.h:32,
                 from floaters.c:34:
/usr/include/glib-2.0/glib/gtypes.h:580:8: note: declared here
  580 | struct _GTimeVal
      |        ^~~~~~~~~
floaters.c:918:9: warning: 'g_get_current_time' is deprecated: Use 'g_get_real_time' instead [-Wdeprecated-declarations]
  918 |         g_get_current_time (&now);
      |         ^~~~~~~~~~~~~~~~~~
In file included from /usr/include/glib-2.0/glib/giochannel.h:35,
                 from /usr/include/glib-2.0/glib.h:56:
/usr/include/glib-2.0/glib/gmain.h:819:8: note: declared here
  819 | void   g_get_current_time                 (GTimeVal       *result);
      |        ^~~~~~~~~~~~~~~~~~
floaters.c:912:42: warning: unused parameter 'screen_saver' [-Wunused-parameter]
  912 | screen_saver_get_timestamp (ScreenSaver *screen_saver)
      |                             ~~~~~~~~~~~~~^~~~~~~~~~~~
floaters.c: In function 'compare_floaters':
floaters.c:1004:18: warning: using integer absolute value function 'abs' when argument is of floating-point type 'gdouble' {aka 'double'} [-Wabsolute-value]
 1004 |         else if (abs (a->scale - b->scale) <= G_MINDOUBLE)
      |                  ^~~
floaters.c: In function 'screen_saver_do_update_stats':
floaters.c:1136:13: warning: using integer absolute value function 'abs' when argument is of floating-point type 'gdouble' {aka 'double'} [-Wabsolute-value]
 1136 |         if (abs (last_calculated_stats_time) <= G_MINDOUBLE)
      |             ^~~
floaters.c: In function 'main':
floaters.c:1226:17: warning: 'ctk_window_parse_geometry' is deprecated [-Wdeprecated-declarations]
 1226 |                 || !ctk_window_parse_geometry (CTK_WINDOW (window), geometry))
      |                 ^~
In file included from /usr/include/ctk-3.0/ctk/ctkdialog.h:32,
                 from /usr/include/ctk-3.0/ctk/ctkaboutdialog.h:30,
                 from /usr/include/ctk-3.0/ctk/ctk.h:31,
                 from floaters.c:38:
/usr/include/ctk-3.0/ctk/ctkwindow.h:443:10: note: declared here
  443 | gboolean ctk_window_parse_geometry   (CtkWindow   *window,
      |          ^~~~~~~~~~~~~~~~~~~~~~~~~
  CC       gste-slide.o
  CC       xdg-user-dir-lookup.o
  CC       slide.o
gste-squares.c:231:3: warning: Value stored to 'wanted' is never read [deadcode.DeadStores]
                wanted = (wanted / 2) + 1;
                ^        ~~~~~~~~~~~~~~~~
1 warning generated.
xdg-user-dir-lookup.c:91:10: warning: Out of bound memory access (accessed memory precedes memory block) [alpha.security.ArrayBoundV2]
                while (*p == ' ' || *p == '\t')
                       ^~
1 warning generated.
  AR       libgs-theme-engine.a
ar: `u' modifier ignored since `D' is the default (see `U')
  GEN      space-slide.desktop
  GEN      foot-floaters.desktop
  GEN      gnome-floaters.desktop
  GEN      personal-slide.desktop
  GEN      squares.desktop
  CCLD     squares
  CCLD     floaters
  CCLD     slide
make[3]: Leaving directory '/rootdir/savers'
make[2]: Leaving directory '/rootdir/savers'
Making all in data
make[2]: Entering directory '/rootdir/data'
Making all in images
make[3]: Entering directory '/rootdir/data/images'
Making all in space
make[4]: Entering directory '/rootdir/data/images/space'
  GEN      background-1.xml
  GEN      space.xml
Warning: program compiled against libxml 212 using older 209
make[4]: Leaving directory '/rootdir/data/images/space'
make[4]: Entering directory '/rootdir/data/images'
make[4]: Nothing to be done for 'all-am'.
make[4]: Leaving directory '/rootdir/data/images'
make[3]: Leaving directory '/rootdir/data/images'
make[3]: Entering directory '/rootdir/data'
  GEN      cafe-screensaver-preferences.desktop
  GEN      cafe-screensaver.directory
  GEN      org.cafe.screensaver.gschema.xml
  GEN      org.cafe.screensaver.gschema.valid
make[3]: Leaving directory '/rootdir/data'
make[2]: Leaving directory '/rootdir/data'
Making all in doc
make[2]: Entering directory '/rootdir/doc'
make[2]: Nothing to be done for 'all'.
make[2]: Leaving directory '/rootdir/doc'
make[2]: Entering directory '/rootdir'
make[2]: Leaving directory '/rootdir'
make[1]: Leaving directory '/rootdir'
scan-build: Analysis run complete.
scan-build: 23 bugs found.
scan-build: Run 'scan-view /rootdir/html-report/2024-09-01-000413-52285-1' to examine bug reports.
Making check in po
make[1]: Entering directory '/rootdir/po'
make[1]: Nothing to be done for 'check'.
make[1]: Leaving directory '/rootdir/po'
Making check in src
make[1]: Entering directory '/rootdir/src'
Makefile:975: target '.deps/gs-auth-pam.Po' given more than once in the same rule
make  check-am
make[2]: Entering directory '/rootdir/src'
Makefile:975: target '.deps/gs-auth-pam.Po' given more than once in the same rule
make[2]: Nothing to be done for 'check-am'.
make[2]: Leaving directory '/rootdir/src'
make[1]: Leaving directory '/rootdir/src'
Making check in savers
make[1]: Entering directory '/rootdir/savers'
make  check-am
make[2]: Entering directory '/rootdir/savers'
make[2]: Nothing to be done for 'check-am'.
make[2]: Leaving directory '/rootdir/savers'
make[1]: Leaving directory '/rootdir/savers'
Making check in data
make[1]: Entering directory '/rootdir/data'
Making check in images
make[2]: Entering directory '/rootdir/data/images'
Making check in space
make[3]: Entering directory '/rootdir/data/images/space'
make[3]: Nothing to be done for 'check'.
make[3]: Leaving directory '/rootdir/data/images/space'
make[3]: Entering directory '/rootdir/data/images'
make[3]: Nothing to be done for 'check-am'.
make[3]: Leaving directory '/rootdir/data/images'
make[2]: Leaving directory '/rootdir/data/images'
make[2]: Entering directory '/rootdir/data'
make[2]: Nothing to be done for 'check-am'.
make[2]: Leaving directory '/rootdir/data'
make[1]: Leaving directory '/rootdir/data'
Making check in doc
make[1]: Entering directory '/rootdir/doc'
make[1]: Nothing to be done for 'check'.
make[1]: Leaving directory '/rootdir/doc'
make[1]: Entering directory '/rootdir'
make[1]: Leaving directory '/rootdir'
Listing... 0%Listing... 0%Listing... 0%              adduser/testing,now 3.137 all [installed,automatic]
adwaita-icon-theme/testing,now 46.0-1 all [installed,automatic]
alsa-topology-conf/testing,now 1.2.5.1-3 all [installed,automatic]
alsa-ucm-conf/testing,now 1.2.12-1 all [installed,automatic]
apt/now 2.9.7 amd64 [installed,upgradable to: 2.9.8]
aptitude-common/testing,now 0.8.13-6.1 all [installed,automatic]
aptitude/testing,now 0.8.13-6.1 amd64 [installed]
at-spi2-common/testing,now 2.53.1-2 all [installed,automatic]
at-spi2-core/testing,now 2.53.1-2 amd64 [installed,automatic]
autoconf-archive/testing,now 20220903-3 all [installed]
autoconf/testing,now 2.72-3 all [installed]
automake/testing,now 1:1.16.5-1.3 all [installed,automatic]
autopoint/testing,now 0.22.5-2 all [installed]
autotools-dev/testing,now 20220109.1 all [installed,automatic]
base-files/testing,now 13.5 amd64 [installed,automatic]
base-passwd/testing,now 3.6.4 amd64 [installed,automatic]
bash/now 5.2.21-2.1+b1 amd64 [installed,upgradable to: 5.2.32-1]
binfmt-support/testing,now 2.2.2-7 amd64 [installed,automatic]
binutils-common/testing,now 2.43.1-3 amd64 [installed,automatic]
binutils-x86-64-linux-gnu/testing,now 2.43.1-3 amd64 [installed,automatic]
binutils/testing,now 2.43.1-3 amd64 [installed,automatic]
bsdutils/testing,now 1:2.40.2-7 amd64 [installed,automatic]
build-essential/testing,now 12.10 amd64 [installed,automatic]
bzip2-doc/testing,now 1.0.8-6 all [installed,automatic]
bzip2/testing,now 1.0.8-6 amd64 [installed,automatic]
ca-certificates-java/testing,now 20240118 all [installed,automatic]
ca-certificates/testing,now 20240203 all [installed,automatic]
clang-16/testing,now 1:16.0.6-27+b1 amd64 [installed,automatic]
clang-tools-16/testing,now 1:16.0.6-27+b1 amd64 [installed,automatic]
clang-tools/testing,now 1:16.0-58.1 amd64 [installed]
clang/testing,now 1:16.0-58.1 amd64 [installed]
coreutils/testing,now 9.4-3.1 amd64 [installed,automatic]
cpp-14-x86-64-linux-gnu/testing,now 14.2.0-3 amd64 [installed,automatic]
cpp-14/testing,now 14.2.0-3 amd64 [installed,automatic]
cpp-x86-64-linux-gnu/testing,now 4:14.1.0-2 amd64 [installed,automatic]
cpp/testing,now 4:14.1.0-2 amd64 [installed,automatic]
cppcheck/testing,now 2.14.0-1+b1 amd64 [installed]
ctk-update-icon-cache/unknown,now 3.25.5-1 amd64 [installed,automatic]
curl/testing,now 8.9.1-2 amd64 [installed,automatic]
dash/testing,now 0.5.12-9 amd64 [installed,automatic]
dblatex-doc/testing,now 0.3.12py3-4 all [installed,automatic]
dblatex/testing,now 0.3.12py3-4 all [installed,automatic]
dbus-bin/testing,now 1.14.10-4+b1 amd64 [installed,automatic]
dbus-daemon/testing,now 1.14.10-4+b1 amd64 [installed,automatic]
dbus-session-bus-common/testing,now 1.14.10-4 all [installed,automatic]
dbus-system-bus-common/testing,now 1.14.10-4 all [installed,automatic]
dbus-user-session/testing,now 1.14.10-4+b1 amd64 [installed,automatic]
dbus/testing,now 1.14.10-4+b1 amd64 [installed,automatic]
dconf-gsettings-backend/testing,now 0.40.0-4+b2 amd64 [installed,automatic]
dconf-service/testing,now 0.40.0-4+b2 amd64 [installed,automatic]
debconf/testing,now 1.5.87 all [installed,automatic]
debian-archive-keyring/testing,now 2023.4 all [installed,automatic]
debianutils/testing,now 5.20 amd64 [installed,automatic]
default-jre-headless/testing,now 2:1.21-76 amd64 [installed,automatic]
default-jre/testing,now 2:1.21-76 amd64 [installed,automatic]
diffutils/testing,now 1:3.10-1 amd64 [installed,automatic]
dirmngr/testing,now 2.2.43-8 amd64 [installed,automatic]
distro-info-data/testing,now 0.62 all [installed,automatic]
dmsetup/testing,now 2:1.02.196-1+b1 amd64 [installed,automatic]
docbook-to-man/testing,now 1:2.0.0-47 amd64 [installed,automatic]
docbook-xml/testing,now 4.5-13 all [installed,automatic]
docbook-xsl/testing,now 1.79.2+dfsg-7 all [installed,automatic]
docbook/testing,now 4.5-11 all [installed,automatic]
dpkg-dev/testing,now 1.22.11 all [installed,automatic]
dpkg/testing,now 1.22.11 amd64 [installed,automatic]
dvisvgm/testing,now 3.4+ds-1 amd64 [installed,automatic]
e2fsprogs/testing,now 1.47.1-1 amd64 [installed,automatic]
expect/testing,now 5.45.4-3 amd64 [installed]
fakeroot/testing,now 1.36-1 amd64 [installed,automatic]
file/testing,now 1:5.45-3 amd64 [installed,automatic]
findutils/now 4.10.0-2 amd64 [installed,upgradable to: 4.10.0-3]
fontconfig-config/testing,now 2.15.0-1.1 amd64 [installed,automatic]
fontconfig/testing,now 2.15.0-1.1 amd64 [installed,automatic]
fonts-dejavu-core/testing,now 2.37-8 all [installed,automatic]
fonts-dejavu-extra/testing,now 2.37-8 all [installed,automatic]
fonts-dejavu-mono/testing,now 2.37-8 all [installed,automatic]
fonts-droid-fallback/testing,now 1:6.0.1r16-1.1 all [installed,automatic]
fonts-gfs-baskerville/testing,now 1.1-6 all [installed,automatic]
fonts-gfs-porson/testing,now 1.1-7 all [installed,automatic]
fonts-lato/testing,now 2.015-1 all [installed,automatic]
fonts-lmodern/testing,now 2.005-1 all [installed,automatic]
fonts-noto-mono/testing,now 20201225-2 all [installed,automatic]
fonts-texgyre-math/testing,now 20180621-6 all [installed,automatic]
fonts-texgyre/testing,now 20180621-6 all [installed,automatic]
fonts-urw-base35/testing,now 20200910-8 all [installed,automatic]
g++-14-x86-64-linux-gnu/testing,now 14.2.0-3 amd64 [installed,automatic]
g++-14/testing,now 14.2.0-3 amd64 [installed,automatic]
g++-x86-64-linux-gnu/testing,now 4:14.1.0-2 amd64 [installed,automatic]
g++/testing,now 4:14.1.0-2 amd64 [installed,automatic]
gcc-13-base/testing,now 13.3.0-5 amd64 [installed,automatic]
gcc-14-base/testing,now 14.2.0-3 amd64 [installed,automatic]
gcc-14-x86-64-linux-gnu/testing,now 14.2.0-3 amd64 [installed,automatic]
gcc-14/testing,now 14.2.0-3 amd64 [installed,automatic]
gcc-x86-64-linux-gnu/testing,now 4:14.1.0-2 amd64 [installed,automatic]
gcc/testing,now 4:14.1.0-2 amd64 [installed]
gettext-base/testing,now 0.22.5-2 amd64 [installed,automatic]
gettext/testing,now 0.22.5-2 amd64 [installed]
ghostscript/testing,now 10.03.1~dfsg-2 amd64 [installed,automatic]
gir1.2-atk-1.0/testing,now 2.53.1-2 amd64 [installed,automatic]
gir1.2-atspi-2.0/testing,now 2.53.1-2 amd64 [installed,automatic]
gir1.2-ctk-3.0/unknown,now 3.25.5-1 amd64 [installed,automatic]
gir1.2-freedesktop-dev/testing,now 1.80.1-3+b1 amd64 [installed,automatic]
gir1.2-freedesktop/testing,now 1.80.1-3+b1 amd64 [installed,automatic]
gir1.2-gdkpixbuf-2.0/testing,now 2.42.12+dfsg-1 amd64 [installed,automatic]
gir1.2-girepository-2.0-dev/testing,now 1.80.1-3+b1 amd64 [installed,automatic]
gir1.2-girepository-2.0/testing,now 1.80.1-3+b1 amd64 [installed,automatic]
gir1.2-glib-2.0-dev/testing,now 2.81.2-1 amd64 [installed,automatic]
gir1.2-glib-2.0/testing,now 2.81.2-1 amd64 [installed,automatic]
gir1.2-harfbuzz-0.0/testing,now 9.0.0-1 amd64 [installed,automatic]
gir1.2-notify-0.7/testing,now 0.8.3-1+b1 amd64 [installed,automatic]
gir1.2-pango-1.0/testing,now 1.54.0+ds-2 amd64 [installed,automatic]
gir1.2-xkl-1.0/testing,now 5.4-5+b1 amd64 [installed,automatic]
git-man/testing,now 1:2.45.2-1 all [installed,automatic]
git/testing,now 1:2.45.2-1 amd64 [installed]
gnupg-l10n/testing,now 2.2.43-8 all [installed,automatic]
gnupg-utils/testing,now 2.2.43-8 amd64 [installed,automatic]
gnupg/testing,now 2.2.43-8 all [installed,automatic]
gobject-introspection-bin/testing,now 1.80.1-3+b1 amd64 [installed,automatic]
gobject-introspection/testing,now 1.80.1-3+b1 amd64 [installed]
gpg-agent/testing,now 2.2.43-8 amd64 [installed,automatic]
gpg-wks-client/testing,now 2.2.43-8 amd64 [installed,automatic]
gpg/testing,now 2.2.43-8 amd64 [installed,automatic]
gpgconf/testing,now 2.2.43-8 amd64 [installed,automatic]
gpgsm/testing,now 2.2.43-8 amd64 [installed,automatic]
gpgv/testing,now 2.2.43-8 amd64 [installed,automatic]
grep/testing,now 3.11-4 amd64 [installed,automatic]
gsettings-desktop-schemas/testing,now 47~beta-1 all [installed,automatic]
gtk-doc-tools/testing,now 1.34.0-1 all [installed]
gtk-update-icon-cache/testing,now 3.24.43-3 amd64 [installed,automatic]
gzip/testing,now 1.12-1.1 amd64 [installed,automatic]
hicolor-icon-theme/testing,now 0.18-1 all [installed,automatic]
hostname/testing,now 3.23+nmu2 amd64 [installed,automatic]
icu-devtools/testing,now 72.1-5 amd64 [installed,automatic]
init-system-helpers/testing,now 1.66 all [installed,automatic]
intltool/testing,now 0.51.0-6 all [installed]
iso-codes/testing,now 4.16.0-1 all [installed]
java-common/testing,now 0.76 all [installed,automatic]
javascript-common/testing,now 11+nmu1 all [installed,automatic]
krb5-locales/testing,now 1.21.3-3 all [installed,automatic]
less/testing,now 643-1 amd64 [installed,automatic]
lib32gcc-s1/testing,now 14.2.0-3 amd64 [installed,automatic]
lib32stdc++6/testing,now 14.2.0-3 amd64 [installed,automatic]
libacl1/testing,now 2.3.2-2 amd64 [installed,automatic]
libalgorithm-c3-perl/testing,now 0.11-2 all [installed,automatic]
libalgorithm-diff-perl/testing,now 1.201-1 all [installed,automatic]
libalgorithm-diff-xs-perl/testing,now 0.04-8+b3 amd64 [installed,automatic]
libalgorithm-merge-perl/testing,now 0.08-5 all [installed,automatic]
libapache-pom-java/testing,now 29-2 all [installed,automatic]
libapparmor1/testing,now 3.1.7-1+b1 amd64 [installed,automatic]
libapt-pkg6.0t64/now 2.9.7 amd64 [installed,upgradable to: 2.9.8]
libasan8/testing,now 14.2.0-3 amd64 [installed,automatic]
libasound2-data/testing,now 1.2.12-1 all [installed,automatic]
libasound2t64/testing,now 1.2.12-1 amd64 [installed,automatic]
libassuan0/testing,now 2.5.6-1+b1 amd64 [installed,automatic]
libatk-bridge2.0-0t64/testing,now 2.53.1-2 amd64 [installed,automatic]
libatk-bridge2.0-dev/testing,now 2.53.1-2 amd64 [installed,automatic]
libatk-wrapper-java-jni/testing,now 0.40.0-3+b2 amd64 [installed,automatic]
libatk-wrapper-java/testing,now 0.40.0-3 all [installed,automatic]
libatk1.0-0t64/testing,now 2.53.1-2 amd64 [installed,automatic]
libatk1.0-dev/testing,now 2.53.1-2 amd64 [installed,automatic]
libatomic1/testing,now 14.2.0-3 amd64 [installed,automatic]
libatspi2.0-0t64/testing,now 2.53.1-2 amd64 [installed,automatic]
libatspi2.0-dev/testing,now 2.53.1-2 amd64 [installed,automatic]
libattr1/testing,now 1:2.5.2-1 amd64 [installed,automatic]
libaudit-common/testing,now 1:3.1.2-4 all [installed,automatic]
libaudit1/testing,now 1:3.1.2-4+b1 amd64 [installed,automatic]
libauthen-sasl-perl/testing,now 2.1700-1 all [installed,automatic]
libavahi-client3/testing,now 0.8-13+b2 amd64 [installed,automatic]
libavahi-common-data/testing,now 0.8-13+b2 amd64 [installed,automatic]
libavahi-common3/testing,now 0.8-13+b2 amd64 [installed,automatic]
libb-hooks-endofscope-perl/testing,now 0.28-1 all [installed,automatic]
libb-hooks-op-check-perl/testing,now 0.22-3+b1 amd64 [installed,automatic]
libbibtex-parser-perl/testing,now 1.04+dfsg-1 all [installed,automatic]
libbinutils/testing,now 2.43.1-3 amd64 [installed,automatic]
libbit-vector-perl/testing,now 7.4-3+b1 amd64 [installed,automatic]
libblkid-dev/testing,now 2.40.2-7 amd64 [installed,automatic]
libblkid1/testing,now 2.40.2-7 amd64 [installed,automatic]
libboost-iostreams1.83.0/testing,now 1.83.0-3.2 amd64 [installed,automatic]
libbrotli-dev/testing,now 1.1.0-2+b4 amd64 [installed,automatic]
libbrotli1/testing,now 1.1.0-2+b4 amd64 [installed,automatic]
libbsd0/testing,now 0.12.2-1 amd64 [installed,automatic]
libbz2-1.0/testing,now 1.0.8-6 amd64 [installed,automatic]
libbz2-dev/testing,now 1.0.8-6 amd64 [installed,automatic]
libc-bin/testing,now 2.40-2 amd64 [installed,automatic]
libc-dev-bin/testing,now 2.40-2 amd64 [installed,automatic]
libc6-dev/testing,now 2.40-2 amd64 [installed,automatic]
libc6-i386/testing,now 2.40-2 amd64 [installed,automatic]
libc6/testing,now 2.40-2 amd64 [installed,automatic]
libcairo-gobject2/testing,now 1.18.0-3+b1 amd64 [installed,automatic]
libcairo-script-interpreter2/testing,now 1.18.0-3+b1 amd64 [installed,automatic]
libcairo2-dev/testing,now 1.18.0-3+b1 amd64 [installed,automatic]
libcairo2/testing,now 1.18.0-3+b1 amd64 [installed,automatic]
libcap-ng0/now 0.8.5-1+b1 amd64 [installed,upgradable to: 0.8.5-2]
libcap2/testing,now 1:2.66-5 amd64 [installed,automatic]
libcarp-clan-perl/testing,now 6.08-2 all [installed,automatic]
libcbor0.10/testing,now 0.10.2-1.1 amd64 [installed,automatic]
libcc1-0/testing,now 14.2.0-3 amd64 [installed,automatic]
libclang-common-16-dev/testing,now 1:16.0.6-27+b1 amd64 [installed,automatic]
libclang-cpp16t64/testing,now 1:16.0.6-27+b1 amd64 [installed,automatic]
libclang-rt-16-dev/testing,now 1:16.0.6-27+b1 amd64 [installed,automatic]
libclang1-16t64/testing,now 1:16.0.6-27+b1 amd64 [installed,automatic]
libclass-c3-perl/testing,now 0.35-2 all [installed,automatic]
libclass-c3-xs-perl/testing,now 0.15-1+b5 amd64 [installed,automatic]
libclass-data-inheritable-perl/testing,now 0.08-3 all [installed,automatic]
libclass-method-modifiers-perl/testing,now 2.15-1 all [installed,automatic]
libclass-xsaccessor-perl/testing,now 1.19-4+b3 amd64 [installed,automatic]
libclone-perl/testing,now 0.46-1+b2 amd64 [installed,automatic]
libcloudproviders0/testing,now 0.3.6-1 amd64 [installed,automatic]
libcolord2/testing,now 1.4.7-1+b1 amd64 [installed,automatic]
libcom-err2/testing,now 1.47.1-1 amd64 [installed,automatic]
libcommon-sense-perl/testing,now 3.75-3+b2 amd64 [installed,automatic]
libcommons-logging-java/testing,now 1.3.0-1 all [installed,automatic]
libcommons-parent-java/testing,now 56-1 all [installed,automatic]
libcrypt-dev/testing,now 1:4.4.36-5 amd64 [installed,automatic]
libcrypt-rc4-perl/testing,now 2.02-5 all [installed,automatic]
libcrypt1/testing,now 1:4.4.36-5 amd64 [installed,automatic]
libcryptsetup12/testing,now 2:2.7.4-1 amd64 [installed,automatic]
libctf-nobfd0/testing,now 2.43.1-3 amd64 [installed,automatic]
libctf0/testing,now 2.43.1-3 amd64 [installed,automatic]
libctk-3-0/unknown,now 3.25.5-1 amd64 [installed,automatic]
libctk-3-bin/unknown,now 3.25.5-1 amd64 [installed,automatic]
libctk-3-common/unknown,now 3.25.5-1 all [installed,automatic]
libctk-3-dev/unknown,now 3.25.5-1 amd64 [installed]
libcups2t64/testing,now 2.4.10-1 amd64 [installed,automatic]
libcurl3t64-gnutls/testing,now 8.9.1-2 amd64 [installed,automatic]
libcurl4t64/testing,now 8.9.1-2 amd64 [installed,automatic]
libcwidget4/testing,now 0.5.18-6+b1 amd64 [installed,automatic]
libdata-dump-perl/testing,now 1.25-1 all [installed,automatic]
libdata-optlist-perl/testing,now 0.114-1 all [installed,automatic]
libdate-calc-perl/testing,now 6.4-2 all [installed,automatic]
libdate-calc-xs-perl/testing,now 6.4-2+b3 amd64 [installed,automatic]
libdate-manip-perl/testing,now 6.95-1 all [installed,automatic]
libdatrie-dev/testing,now 0.2.13-3 amd64 [installed,automatic]
libdatrie1/testing,now 0.2.13-3 amd64 [installed,automatic]
libdb5.3t64/testing,now 5.3.28+dfsg2-7 amd64 [installed,automatic]
libdbus-1-3/testing,now 1.14.10-4+b1 amd64 [installed,automatic]
libdbus-1-dev/testing,now 1.14.10-4+b1 amd64 [installed,automatic]
libdbus-glib-1-2/testing,now 0.112-3+b2 amd64 [installed,automatic]
libdbus-glib-1-dev-bin/testing,now 0.112-3+b2 amd64 [installed,automatic]
libdbus-glib-1-dev/testing,now 0.112-3+b2 amd64 [installed]
libdconf-dev/testing,now 0.40.0-4+b2 amd64 [installed]
libdconf-doc/testing,now 0.40.0-4 all [installed,automatic]
libdconf1/testing,now 0.40.0-4+b2 amd64 [installed,automatic]
libdebconfclient0/testing,now 0.272 amd64 [installed,automatic]
libdeflate-dev/testing,now 1.21-1 amd64 [installed,automatic]
libdeflate0/testing,now 1.21-1 amd64 [installed,automatic]
libdevel-callchecker-perl/testing,now 0.009-1 amd64 [installed,automatic]
libdevel-caller-perl/testing,now 2.07-1+b2 amd64 [installed,automatic]
libdevel-globaldestruction-perl/testing,now 0.14-4 all [installed,automatic]
libdevel-lexalias-perl/testing,now 0.05-3+b3 amd64 [installed,automatic]
libdevel-stacktrace-perl/testing,now 2.0500-1 all [installed,automatic]
libdevmapper1.02.1/testing,now 2:1.02.196-1+b1 amd64 [installed,automatic]
libdigest-perl-md5-perl/testing,now 1.9-5 all [installed,automatic]
libdist-checkconflicts-perl/testing,now 0.11-2 all [installed,automatic]
libdpkg-perl/testing,now 1.22.11 all [installed,automatic]
libdrm-amdgpu1/testing,now 2.4.122-1 amd64 [installed,automatic]
libdrm-common/testing,now 2.4.122-1 all [installed,automatic]
libdrm-intel1/testing,now 2.4.122-1 amd64 [installed,automatic]
libdrm-radeon1/testing,now 2.4.122-1 amd64 [installed,automatic]
libdrm2/testing,now 2.4.122-1 amd64 [installed,automatic]
libdynaloader-functions-perl/testing,now 0.004-1 all [installed,automatic]
libedit2/testing,now 3.1-20240517-1 amd64 [installed,automatic]
libegl-dev/testing,now 1.7.0-1+b1 amd64 [installed,automatic]
libegl-mesa0/testing,now 24.1.3-2 amd64 [installed,automatic]
libegl1-mesa-dev/testing,now 24.1.3-2 amd64 [installed,automatic]
libegl1/testing,now 1.7.0-1+b1 amd64 [installed,automatic]
libelf1t64/testing,now 0.191-2 amd64 [installed,automatic]
libemail-date-format-perl/testing,now 1.008-1 all [installed,automatic]
libencode-locale-perl/testing,now 1.05-3 all [installed,automatic]
libepoxy-dev/testing,now 1.5.10-1+b2 amd64 [installed,automatic]
libepoxy0/testing,now 1.5.10-1+b2 amd64 [installed,automatic]
liberror-perl/testing,now 0.17029-2 all [installed,automatic]
libeval-closure-perl/testing,now 0.14-3 all [installed,automatic]
libexception-class-perl/testing,now 1.45-1 all [installed,automatic]
libexpat1-dev/testing,now 2.6.2-1 amd64 [installed,automatic]
libexpat1/testing,now 2.6.2-1 amd64 [installed,automatic]
libext2fs2t64/testing,now 1.47.1-1 amd64 [installed,automatic]
libfakeroot/testing,now 1.36-1 amd64 [installed,automatic]
libffi-dev/testing,now 3.4.6-1 amd64 [installed,automatic]
libffi8/testing,now 3.4.6-1 amd64 [installed,automatic]
libfido2-1/testing,now 1.15.0-1 amd64 [installed,automatic]
libfile-basedir-perl/testing,now 0.09-2 all [installed,automatic]
libfile-desktopentry-perl/testing,now 0.22-3 all [installed,automatic]
libfile-fcntllock-perl/testing,now 0.22-4+b3 amd64 [installed,automatic]
libfile-homedir-perl/testing,now 1.006-2 all [installed,automatic]
libfile-listing-perl/testing,now 6.16-1 all [installed,automatic]
libfile-mimeinfo-perl/testing,now 0.35-1 all [installed,automatic]
libfile-which-perl/testing,now 1.27-2 all [installed,automatic]
libfont-afm-perl/testing,now 1.20-4 all [installed,automatic]
libfontbox-java/testing,now 1:1.8.16-5 all [installed,automatic]
libfontconfig-dev/testing,now 2.15.0-1.1 amd64 [installed,automatic]
libfontconfig1/testing,now 2.15.0-1.1 amd64 [installed,automatic]
libfontenc1/testing,now 1:1.1.8-1 amd64 [installed,automatic]
libfreetype-dev/testing,now 2.13.2+dfsg-1+b4 amd64 [installed,automatic]
libfreetype6/testing,now 2.13.2+dfsg-1+b4 amd64 [installed,automatic]
libfribidi-dev/testing,now 1.0.15-1 amd64 [installed,automatic]
libfribidi0/testing,now 1.0.15-1 amd64 [installed,automatic]
libgbm1/testing,now 24.1.3-2 amd64 [installed,automatic]
libgc1/testing,now 1:8.2.6-2 amd64 [installed,automatic]
libgcc-13-dev/testing,now 13.3.0-5 amd64 [installed,automatic]
libgcc-14-dev/testing,now 14.2.0-3 amd64 [installed,automatic]
libgcc-s1/testing,now 14.2.0-3 amd64 [installed,automatic]
libgcrypt20/now 1.11.0-2 amd64 [installed,upgradable to: 1.11.0-6]
libgdbm-compat4t64/testing,now 1.24-2 amd64 [installed,automatic]
libgdbm6t64/testing,now 1.24-2 amd64 [installed,automatic]
libgdk-pixbuf-2.0-0/testing,now 2.42.12+dfsg-1 amd64 [installed,automatic]
libgdk-pixbuf-2.0-dev/testing,now 2.42.12+dfsg-1 amd64 [installed,automatic]
libgdk-pixbuf2.0-bin/testing,now 2.42.12+dfsg-1 amd64 [installed,automatic]
libgdk-pixbuf2.0-common/testing,now 2.42.12+dfsg-1 all [installed,automatic]
libgif7/testing,now 5.2.2-1 amd64 [installed,automatic]
libgirepository-1.0-1/testing,now 1.80.1-3+b1 amd64 [installed,automatic]
libgirepository-1.0-dev/testing,now 1.80.1-3+b1 amd64 [installed,automatic]
libgirepository-2.0-0/testing,now 2.81.2-1 amd64 [installed,automatic]
libgirepository1.0-dev/testing,now 1.80.1-3+b1 amd64 [installed]
libgl-dev/testing,now 1.7.0-1+b1 amd64 [installed,automatic]
libgl1-mesa-dri/testing,now 24.1.3-2 amd64 [installed,automatic]
libgl1/testing,now 1.7.0-1+b1 amd64 [installed,automatic]
libglapi-mesa/testing,now 24.1.3-2 amd64 [installed,automatic]
libgles-dev/testing,now 1.7.0-1+b1 amd64 [installed,automatic]
libgles1/testing,now 1.7.0-1+b1 amd64 [installed,automatic]
libgles2/testing,now 1.7.0-1+b1 amd64 [installed,automatic]
libglib2.0-0t64/testing,now 2.81.2-1 amd64 [installed,automatic]
libglib2.0-bin/testing,now 2.81.2-1 amd64 [installed,automatic]
libglib2.0-data/testing,now 2.81.2-1 all [installed,automatic]
libglib2.0-dev-bin/testing,now 2.81.2-1 amd64 [installed,automatic]
libglib2.0-dev/testing,now 2.81.2-1 amd64 [installed]
libglib2.0-doc/testing,now 2.81.2-1 all [installed]
libglvnd-core-dev/testing,now 1.7.0-1+b1 amd64 [installed,automatic]
libglvnd-dev/testing,now 1.7.0-1+b1 amd64 [installed,automatic]
libglvnd0/testing,now 1.7.0-1+b1 amd64 [installed,automatic]
libglx-dev/testing,now 1.7.0-1+b1 amd64 [installed,automatic]
libglx-mesa0/testing,now 24.1.3-2 amd64 [installed,automatic]
libglx0/testing,now 1.7.0-1+b1 amd64 [installed,automatic]
libgmp10/testing,now 2:6.3.0+dfsg-2+b1 amd64 [installed,automatic]
libgnutls30t64/testing,now 3.8.6-2 amd64 [installed,automatic]
libgomp1/testing,now 14.2.0-3 amd64 [installed,automatic]
libgpg-error0/now 1.49-2 amd64 [installed,upgradable to: 1.50-3]
libgpm2/testing,now 1.20.7-11 amd64 [installed,automatic]
libgprofng0/testing,now 2.43.1-3 amd64 [installed,automatic]
libgraphite2-3/testing,now 1.3.14-2 amd64 [installed,automatic]
libgraphite2-dev/testing,now 1.3.14-2 amd64 [installed,automatic]
libgs-common/testing,now 10.03.1~dfsg-2 all [installed,automatic]
libgs10-common/testing,now 10.03.1~dfsg-2 all [installed,automatic]
libgs10/testing,now 10.03.1~dfsg-2 amd64 [installed,automatic]
libgssapi-krb5-2/testing,now 1.21.3-3 amd64 [installed,automatic]
libgtk-3-0t64/testing,now 3.24.43-3 amd64 [installed,automatic]
libgtk-3-bin/testing,now 3.24.43-3 amd64 [installed,automatic]
libgtk-3-common/testing,now 3.24.43-3 all [installed,automatic]
libgumbo2/testing,now 0.12.0+dfsg-2+b1 amd64 [installed,automatic]
libharfbuzz-cairo0/testing,now 9.0.0-1 amd64 [installed,automatic]
libharfbuzz-dev/testing,now 9.0.0-1 amd64 [installed,automatic]
libharfbuzz-gobject0/testing,now 9.0.0-1 amd64 [installed,automatic]
libharfbuzz-icu0/testing,now 9.0.0-1 amd64 [installed,automatic]
libharfbuzz-subset0/testing,now 9.0.0-1 amd64 [installed,automatic]
libharfbuzz0b/testing,now 9.0.0-1 amd64 [installed,automatic]
libhogweed6t64/testing,now 3.10-1 amd64 [installed,automatic]
libhtml-form-perl/testing,now 6.11-1 all [installed,automatic]
libhtml-format-perl/testing,now 2.16-2 all [installed,automatic]
libhtml-parser-perl/testing,now 3.83-1 amd64 [installed,automatic]
libhtml-tagset-perl/testing,now 3.24-1 all [installed,automatic]
libhtml-tree-perl/testing,now 5.07-3 all [installed,automatic]
libhttp-cookies-perl/testing,now 6.11-1 all [installed,automatic]
libhttp-daemon-perl/testing,now 6.16-1 all [installed,automatic]
libhttp-date-perl/testing,now 6.06-1 all [installed,automatic]
libhttp-message-perl/testing,now 6.46-1 all [installed,automatic]
libhttp-negotiate-perl/testing,now 6.01-2 all [installed,automatic]
libhwasan0/testing,now 14.2.0-3 amd64 [installed,automatic]
libice-dev/testing,now 2:1.0.10-1+b1 amd64 [installed,automatic]
libice6/testing,now 2:1.0.10-1+b1 amd64 [installed,automatic]
libicu-dev/testing,now 72.1-5 amd64 [installed,automatic]
libicu72/testing,now 72.1-5 amd64 [installed,automatic]
libidn12/testing,now 1.42-2 amd64 [installed,automatic]
libidn2-0/testing,now 2.3.7-2 amd64 [installed,automatic]
libijs-0.35/testing,now 0.35-15.1+b1 amd64 [installed,automatic]
libio-compress-brotli-perl/testing,now 0.004001-2+b2 amd64 [installed,automatic]
libio-html-perl/testing,now 1.004-3 all [installed,automatic]
libio-socket-ssl-perl/testing,now 2.088-1 all [installed,automatic]
libio-string-perl/testing,now 1.08-4 all [installed,automatic]
libio-stringy-perl/testing,now 2.113-2 all [installed,automatic]
libipc-shareable-perl/testing,now 1.13-1 all [installed,automatic]
libipc-system-simple-perl/testing,now 1.30-2 all [installed,automatic]
libisl23/testing,now 0.26-3+b2 amd64 [installed,automatic]
libitm1/testing,now 14.2.0-3 amd64 [installed,automatic]
libjansson4/testing,now 2.14-2+b2 amd64 [installed,automatic]
libjbig-dev/testing,now 2.1-6.1+b1 amd64 [installed,automatic]
libjbig0/testing,now 2.1-6.1+b1 amd64 [installed,automatic]
libjbig2dec0/testing,now 0.20-1+b2 amd64 [installed,automatic]
libjcode-pm-perl/testing,now 2.06-1.1 amd64 [installed,automatic]
libjpeg-dev/testing,now 1:2.1.5-3 amd64 [installed,automatic]
libjpeg62-turbo-dev/testing,now 1:2.1.5-3 amd64 [installed,automatic]
libjpeg62-turbo/testing,now 1:2.1.5-3 amd64 [installed,automatic]
libjs-jquery/testing,now 3.6.1+dfsg+~3.5.14-1 all [installed,automatic]
libjson-c5/testing,now 0.17-1+b1 amd64 [installed,automatic]
libjson-perl/testing,now 4.10000-1 all [installed,automatic]
libjson-xs-perl/testing,now 4.030-2+b3 amd64 [installed,automatic]
libk5crypto3/testing,now 1.21.3-3 amd64 [installed,automatic]
libkeyutils1/testing,now 1.6.3-3 amd64 [installed,automatic]
libkmod2/testing,now 33+20240816-2 amd64 [installed,automatic]
libkpathsea6/testing,now 2024.20240313.70630+ds-4 amd64 [installed,automatic]
libkrb5-3/testing,now 1.21.3-3 amd64 [installed,automatic]
libkrb5support0/testing,now 1.21.3-3 amd64 [installed,automatic]
libksba8/testing,now 1.6.7-2 amd64 [installed,automatic]
liblatex-tounicode-perl/testing,now 0.54-2 all [installed,automatic]
liblcms2-2/testing,now 2.14-2+b1 amd64 [installed,automatic]
libldap-2.5-0/testing,now 2.5.18+dfsg-3 amd64 [installed,automatic]
libldap-common/testing,now 2.5.18+dfsg-3 all [installed,automatic]
liblerc-dev/testing,now 4.0.0+ds-4+b1 amd64 [installed,automatic]
liblerc4/testing,now 4.0.0+ds-4+b1 amd64 [installed,automatic]
libllvm16t64/testing,now 1:16.0.6-27+b1 amd64 [installed,automatic]
libllvm17t64/testing,now 1:17.0.6-15 amd64 [installed,automatic]
liblocale-gettext-perl/testing,now 1.07-7 amd64 [installed,automatic]
liblog-dispatch-perl/testing,now 2.71-1 all [installed,automatic]
liblog-log4perl-perl/testing,now 1.57-1 all [installed,automatic]
liblsan0/testing,now 14.2.0-3 amd64 [installed,automatic]
libltdl-dev/testing,now 2.4.7-7+b1 amd64 [installed,automatic]
libltdl7/testing,now 2.4.7-7+b1 amd64 [installed,automatic]
liblwp-mediatypes-perl/testing,now 6.04-2 all [installed,automatic]
liblwp-protocol-https-perl/testing,now 6.14-1 all [installed,automatic]
liblz4-1/testing,now 1.9.4-3 amd64 [installed,automatic]
liblzma-dev/testing,now 5.6.2-2 amd64 [installed,automatic]
liblzma5/testing,now 5.6.2-2 amd64 [installed,automatic]
liblzo2-2/testing,now 2.10-3 amd64 [installed,automatic]
libmagic-mgc/testing,now 1:5.45-3 amd64 [installed,automatic]
libmagic1t64/testing,now 1:5.45-3 amd64 [installed,automatic]
libmail-sendmail-perl/testing,now 0.80-3 all [installed,automatic]
libmailtools-perl/testing,now 2.21-3 all [installed,automatic]
libmd0/testing,now 1.1.0-2 amd64 [installed,automatic]
libmime-charset-perl/testing,now 1.013.1-2 all [installed,automatic]
libmime-lite-perl/testing,now 3.033-2 all [installed,automatic]
libmime-types-perl/testing,now 2.26-1 all [installed,automatic]
libmodule-implementation-perl/testing,now 0.09-2 all [installed,automatic]
libmodule-runtime-perl/testing,now 0.016-2 all [installed,automatic]
libmount-dev/testing,now 2.40.2-7 amd64 [installed,automatic]
libmount1/testing,now 2.40.2-7 amd64 [installed,automatic]
libmpc3/testing,now 1.3.1-1+b2 amd64 [installed,automatic]
libmpfi0/testing,now 1.5.4+ds-3 amd64 [installed,automatic]
libmpfr6/testing,now 4.2.1-1+b1 amd64 [installed,automatic]
libmro-compat-perl/testing,now 0.15-2 all [installed,automatic]
libmujs3/testing,now 1.3.3-3+b2 amd64 [installed,automatic]
libnamespace-autoclean-perl/testing,now 0.29-2 all [installed,automatic]
libnamespace-clean-perl/testing,now 0.27-2 all [installed,automatic]
libncurses-dev/testing,now 6.5-2 amd64 [installed,automatic]
libncurses6/testing,now 6.5-2 amd64 [installed,automatic]
libncursesw6/testing,now 6.5-2 amd64 [installed,automatic]
libnet-dbus-perl/testing,now 1.2.0-2+b2 amd64 [installed,automatic]
libnet-http-perl/testing,now 6.23-1 all [installed,automatic]
libnet-smtp-ssl-perl/testing,now 1.04-2 all [installed,automatic]
libnet-ssleay-perl/testing,now 1.94-1+b1 amd64 [installed,automatic]
libnettle8t64/testing,now 3.10-1 amd64 [installed,automatic]
libnghttp2-14/testing,now 1.62.1-2 amd64 [installed,automatic]
libnghttp3-9/testing,now 1.4.0-1 amd64 [installed,automatic]
libngtcp2-16/testing,now 1.6.0-1 amd64 [installed,automatic]
libngtcp2-crypto-gnutls8/testing,now 1.6.0-1 amd64 [installed,automatic]
libnotify-dev/testing,now 0.8.3-1+b1 amd64 [installed]
libnotify4/testing,now 0.8.3-1+b1 amd64 [installed,automatic]
libnpth0t64/testing,now 1.6-3.1 amd64 [installed,automatic]
libnsl2/testing,now 1.3.0-3+b2 amd64 [installed,automatic]
libnspr4/testing,now 2:4.35-1.1+b1 amd64 [installed,automatic]
libnss-systemd/testing,now 256.5-1 amd64 [installed,automatic]
libnss3/testing,now 2:3.103-1 amd64 [installed,automatic]
libobjc-13-dev/testing,now 13.3.0-5 amd64 [installed,automatic]
libobjc4/testing,now 14.2.0-3 amd64 [installed,automatic]
libole-storage-lite-perl/testing,now 0.22-1 all [installed,automatic]
libopengl-dev/testing,now 1.7.0-1+b1 amd64 [installed,automatic]
libopengl0/testing,now 1.7.0-1+b1 amd64 [installed,automatic]
libopenjp2-7/testing,now 2.5.0-2+b3 amd64 [installed,automatic]
libosp5/testing,now 1.5.2-15 amd64 [installed,automatic]
libp11-kit0/testing,now 0.25.5-2 amd64 [installed,automatic]
libpackage-stash-perl/testing,now 0.40-1 all [installed,automatic]
libpackage-stash-xs-perl/testing,now 0.30-1+b3 amd64 [installed,automatic]
libpadwalker-perl/testing,now 2.5-1+b5 amd64 [installed,automatic]
libpam-modules-bin/testing,now 1.5.3-7 amd64 [installed,automatic]
libpam-modules/testing,now 1.5.3-7 amd64 [installed,automatic]
libpam-runtime/testing,now 1.5.3-7 all [installed,automatic]
libpam-systemd/testing,now 256.5-1 amd64 [installed,automatic]
libpam0g-dev/testing,now 1.5.3-7 amd64 [installed]
libpam0g/testing,now 1.5.3-7 amd64 [installed,automatic]
libpango-1.0-0/testing,now 1.54.0+ds-2 amd64 [installed,automatic]
libpango1.0-dev/testing,now 1.54.0+ds-2 amd64 [installed,automatic]
libpangocairo-1.0-0/testing,now 1.54.0+ds-2 amd64 [installed,automatic]
libpangoft2-1.0-0/testing,now 1.54.0+ds-2 amd64 [installed,automatic]
libpangoxft-1.0-0/testing,now 1.54.0+ds-2 amd64 [installed,automatic]
libpaper-utils/testing,now 1.1.29+b1 amd64 [installed,automatic]
libpaper1/testing,now 1.1.29+b1 amd64 [installed,automatic]
libparams-classify-perl/testing,now 0.015-2+b3 amd64 [installed,automatic]
libparams-util-perl/testing,now 1.102-3 amd64 [installed,automatic]
libparams-validationcompiler-perl/testing,now 0.31-1 all [installed,automatic]
libparse-recdescent-perl/testing,now 1.967015+dfsg-4 all [installed,automatic]
libpciaccess0/testing,now 0.17-3+b1 amd64 [installed,automatic]
libpcre2-16-0/testing,now 10.42-4+b1 amd64 [installed,automatic]
libpcre2-32-0/testing,now 10.42-4+b1 amd64 [installed,automatic]
libpcre2-8-0/testing,now 10.42-4+b1 amd64 [installed,automatic]
libpcre2-dev/testing,now 10.42-4+b1 amd64 [installed,automatic]
libpcre2-posix3/testing,now 10.42-4+b1 amd64 [installed,automatic]
libpcsclite1/testing,now 2.3.0-1 amd64 [installed,automatic]
libpdfbox-java/testing,now 1:1.8.16-5 all [installed,automatic]
libperl5.38t64/testing,now 5.38.2-5 amd64 [installed,automatic]
libpfm4/testing,now 4.13.0+git32-g0d4ed0e-1 amd64 [installed,automatic]
libpipeline1/testing,now 1.5.8-1 amd64 [installed,automatic]
libpixman-1-0/testing,now 0.42.2-1+b1 amd64 [installed,automatic]
libpixman-1-dev/testing,now 0.42.2-1+b1 amd64 [installed,automatic]
libpkgconf3/testing,now 1.8.1-3 amd64 [installed,automatic]
libpng-dev/testing,now 1.6.43-5 amd64 [installed,automatic]
libpng-tools/testing,now 1.6.43-5 amd64 [installed,automatic]
libpng16-16t64/testing,now 1.6.43-5 amd64 [installed,automatic]
libpotrace0/testing,now 1.16-2+b1 amd64 [installed,automatic]
libproc2-0/testing,now 2:4.0.4-5 amd64 [installed,automatic]
libpsl5t64/testing,now 0.21.2-1.1 amd64 [installed,automatic]
libptexenc1/testing,now 2024.20240313.70630+ds-4 amd64 [installed,automatic]
libpython3-stdlib/testing,now 3.12.5-1 amd64 [installed,automatic]
libpython3.12-minimal/testing,now 3.12.5-4 amd64 [installed,automatic]
libpython3.12-stdlib/testing,now 3.12.5-4 amd64 [installed,automatic]
libquadmath0/testing,now 14.2.0-3 amd64 [installed,automatic]
libreadline8t64/testing,now 8.2-5 amd64 [installed,automatic]
libreadonly-perl/testing,now 2.050-3 all [installed,automatic]
libref-util-perl/testing,now 0.204-2 all [installed,automatic]
libref-util-xs-perl/testing,now 0.117-2+b3 amd64 [installed,automatic]
librole-tiny-perl/testing,now 2.002004-1 all [installed,automatic]
librsvg2-2/testing,now 2.58.0+dfsg-1 amd64 [installed,automatic]
librsvg2-common/testing,now 2.58.0+dfsg-1 amd64 [installed,automatic]
librtmp1/testing,now 2.4+20151223.gitfa8646d.1-2+b4 amd64 [installed,automatic]
libruby3.1t64/testing,now 3.1.2-8.4 amd64 [installed,automatic]
libruby/testing,now 1:3.1+nmu1 amd64 [installed,automatic]
libsasl2-2/testing,now 2.1.28+dfsg1-7 amd64 [installed,automatic]
libsasl2-modules-db/testing,now 2.1.28+dfsg1-7 amd64 [installed,automatic]
libsasl2-modules/testing,now 2.1.28+dfsg1-7 amd64 [installed,automatic]
libseccomp2/testing,now 2.5.5-1+b1 amd64 [installed,automatic]
libselinux1-dev/testing,now 3.7-1+b1 amd64 [installed,automatic]
libselinux1/testing,now 3.7-1+b1 amd64 [installed,automatic]
libsemanage-common/testing,now 3.5-1 all [installed,automatic]
libsemanage2/testing,now 3.5-1+b4 amd64 [installed,automatic]
libsensors-config/testing,now 1:3.6.0-10 all [installed,automatic]
libsensors5/testing,now 1:3.6.0-10 amd64 [installed,automatic]
libsepol-dev/testing,now 3.7-1 amd64 [installed,automatic]
libsepol2/testing,now 3.7-1 amd64 [installed,automatic]
libsframe1/testing,now 2.43.1-3 amd64 [installed,automatic]
libsharpyuv-dev/testing,now 1.4.0-0.1 amd64 [installed,automatic]
libsharpyuv0/testing,now 1.4.0-0.1 amd64 [installed,automatic]
libsigc++-2.0-0v5/testing,now 2.12.1-2 amd64 [installed,automatic]
libsm-dev/testing,now 2:1.2.3-1+b1 amd64 [installed,automatic]
libsm6/testing,now 2:1.2.3-1+b1 amd64 [installed,automatic]
libsmartcols1/testing,now 2.40.2-7 amd64 [installed,automatic]
libsombok3/testing,now 2.4.0-2+b1 amd64 [installed,automatic]
libspecio-perl/testing,now 0.48-1 all [installed,automatic]
libspreadsheet-parseexcel-perl/testing,now 0.6600-1 all [installed,automatic]
libspreadsheet-writeexcel-perl/testing,now 2.40-4 all [installed,automatic]
libsqlite3-0/testing,now 3.46.0-1 amd64 [installed,automatic]
libss2/testing,now 1.47.1-1 amd64 [installed,automatic]
libssh2-1t64/testing,now 1.11.0-7 amd64 [installed,automatic]
libssl3t64/testing,now 3.3.1-7 amd64 [installed,automatic]
libstartup-notification0-dev/testing,now 0.12-7 amd64 [installed]
libstartup-notification0/testing,now 0.12-7 amd64 [installed,automatic]
libstdc++-13-dev/testing,now 13.3.0-5 amd64 [installed,automatic]
libstdc++-14-dev/testing,now 14.2.0-3 amd64 [installed,automatic]
libstdc++6/testing,now 14.2.0-3 amd64 [installed,automatic]
libstring-crc32-perl/testing,now 2.100-2+b2 amd64 [installed,automatic]
libsub-exporter-perl/testing,now 0.990-1 all [installed,automatic]
libsub-exporter-progressive-perl/testing,now 0.001013-3 all [installed,automatic]
libsub-identify-perl/testing,now 0.14-3+b2 amd64 [installed,automatic]
libsub-install-perl/testing,now 0.929-1 all [installed,automatic]
libsub-name-perl/testing,now 0.27-1+b2 amd64 [installed,automatic]
libsub-quote-perl/testing,now 2.006008-1 all [installed,automatic]
libsynctex2/testing,now 2024.20240313.70630+ds-4 amd64 [installed,automatic]
libsys-hostname-long-perl/testing,now 1.5-3 all [installed,automatic]
libsysprof-capture-4-dev/testing,now 46.0-2 amd64 [installed,automatic]
libsystemd-dev/testing,now 256.5-1 amd64 [installed]
libsystemd-shared/testing,now 256.5-1 amd64 [installed,automatic]
libsystemd0/testing,now 256.5-1 amd64 [installed,automatic]
libtasn1-6/testing,now 4.19.0-3+b2 amd64 [installed,automatic]
libtcl8.6/testing,now 8.6.14+dfsg-1 amd64 [installed,automatic]
libteckit0/testing,now 2.5.12+ds1-1 amd64 [installed,automatic]
libtexlua53-5/testing,now 2024.20240313.70630+ds-4 amd64 [installed,automatic]
libtext-iconv-perl/testing,now 1.7-8+b3 amd64 [installed,automatic]
libthai-data/testing,now 0.1.29-2 all [installed,automatic]
libthai-dev/testing,now 0.1.29-2 amd64 [installed,automatic]
libthai0/testing,now 0.1.29-2 amd64 [installed,automatic]
libtie-ixhash-perl/testing,now 1.23-4 all [installed,automatic]
libtiff-dev/testing,now 4.5.1+git230720-5 amd64 [installed,automatic]
libtiff6/testing,now 4.5.1+git230720-5 amd64 [installed,automatic]
libtiffxx6/testing,now 4.5.1+git230720-5 amd64 [installed,automatic]
libtimedate-perl/testing,now 2.3300-2 all [installed,automatic]
libtinfo6/testing,now 6.5-2 amd64 [installed,automatic]
libtinyxml2-10/testing,now 10.0.0+dfsg-2+b1 amd64 [installed,automatic]
libtirpc-common/testing,now 1.3.4+ds-1.3 all [installed,automatic]
libtirpc3t64/testing,now 1.3.4+ds-1.3 amd64 [installed,automatic]
libtk8.6/testing,now 8.6.14-1 amd64 [installed,automatic]
libtool/testing,now 2.4.7-7 all [installed]
libtry-tiny-perl/testing,now 0.32-1 all [installed,automatic]
libtsan2/testing,now 14.2.0-3 amd64 [installed,automatic]
libtypes-serialiser-perl/testing,now 1.01-1 all [installed,automatic]
libubsan1/testing,now 14.2.0-3 amd64 [installed,automatic]
libudev1/testing,now 256.5-1 amd64 [installed,automatic]
libunicode-linebreak-perl/testing,now 0.0.20190101-1+b7 amd64 [installed,automatic]
libunicode-map-perl/testing,now 0.112-13+b3 amd64 [installed,automatic]
libunistring5/testing,now 1.2-1 amd64 [installed,automatic]
liburi-perl/testing,now 5.28-1 all [installed,automatic]
libuuid1/testing,now 2.40.2-7 amd64 [installed,automatic]
libvariable-magic-perl/testing,now 0.64-1 amd64 [installed,automatic]
libvulkan1/testing,now 1.3.283.0-1 amd64 [installed,automatic]
libwayland-bin/testing,now 1.23.0-1 amd64 [installed,automatic]
libwayland-client0/testing,now 1.23.0-1 amd64 [installed,automatic]
libwayland-cursor0/testing,now 1.23.0-1 amd64 [installed,automatic]
libwayland-dev/testing,now 1.23.0-1 amd64 [installed,automatic]
libwayland-egl1/testing,now 1.23.0-1 amd64 [installed,automatic]
libwayland-server0/testing,now 1.23.0-1 amd64 [installed,automatic]
libwebp-dev/testing,now 1.4.0-0.1 amd64 [installed,automatic]
libwebp7/testing,now 1.4.0-0.1 amd64 [installed,automatic]
libwebpdecoder3/testing,now 1.4.0-0.1 amd64 [installed,automatic]
libwebpdemux2/testing,now 1.4.0-0.1 amd64 [installed,automatic]
libwebpmux3/testing,now 1.4.0-0.1 amd64 [installed,automatic]
libwoff1/testing,now 1.0.2-2+b1 amd64 [installed,automatic]
libwww-perl/testing,now 6.77-1 all [installed,automatic]
libwww-robotrules-perl/testing,now 6.02-1 all [installed,automatic]
libx11-6/testing,now 2:1.8.7-1+b1 amd64 [installed,automatic]
libx11-data/testing,now 2:1.8.7-1 all [installed,automatic]
libx11-dev/testing,now 2:1.8.7-1+b1 amd64 [installed]
libx11-protocol-perl/testing,now 0.56-9 all [installed,automatic]
libx11-xcb1/testing,now 2:1.8.7-1+b1 amd64 [installed,automatic]
libxapian30/testing,now 1.4.25-1 amd64 [installed,automatic]
libxau-dev/testing,now 1:1.0.9-1+b1 amd64 [installed,automatic]
libxau6/testing,now 1:1.0.9-1+b1 amd64 [installed,automatic]
libxaw7/testing,now 2:1.0.14-1+b2 amd64 [installed,automatic]
libxcb-dri2-0/testing,now 1.17.0-2 amd64 [installed,automatic]
libxcb-dri3-0/testing,now 1.17.0-2 amd64 [installed,automatic]
libxcb-glx0/testing,now 1.17.0-2 amd64 [installed,automatic]
libxcb-present0/testing,now 1.17.0-2 amd64 [installed,automatic]
libxcb-randr0/testing,now 1.17.0-2 amd64 [installed,automatic]
libxcb-render0-dev/testing,now 1.17.0-2 amd64 [installed,automatic]
libxcb-render0/testing,now 1.17.0-2 amd64 [installed,automatic]
libxcb-shape0/testing,now 1.17.0-2 amd64 [installed,automatic]
libxcb-shm0-dev/testing,now 1.17.0-2 amd64 [installed,automatic]
libxcb-shm0/testing,now 1.17.0-2 amd64 [installed,automatic]
libxcb-sync1/testing,now 1.17.0-2 amd64 [installed,automatic]
libxcb-util1/testing,now 0.4.0-1+b1 amd64 [installed,automatic]
libxcb-xfixes0/testing,now 1.17.0-2 amd64 [installed,automatic]
libxcb1-dev/testing,now 1.17.0-2 amd64 [installed,automatic]
libxcb1/testing,now 1.17.0-2 amd64 [installed,automatic]
libxcomposite-dev/testing,now 1:0.4.5-1+b1 amd64 [installed,automatic]
libxcomposite1/testing,now 1:0.4.5-1+b1 amd64 [installed,automatic]
libxcursor-dev/testing,now 1:1.2.2-1 amd64 [installed,automatic]
libxcursor1/testing,now 1:1.2.2-1 amd64 [installed,automatic]
libxdamage-dev/testing,now 1:1.1.6-1+b1 amd64 [installed,automatic]
libxdamage1/testing,now 1:1.1.6-1+b1 amd64 [installed,automatic]
libxdmcp-dev/testing,now 1:1.1.2-3+b1 amd64 [installed,automatic]
libxdmcp6/testing,now 1:1.1.2-3+b1 amd64 [installed,automatic]
libxext-dev/testing,now 2:1.3.4-1+b1 amd64 [installed]
libxext6/testing,now 2:1.3.4-1+b1 amd64 [installed,automatic]
libxfixes-dev/testing,now 1:6.0.0-2+b1 amd64 [installed,automatic]
libxfixes3/testing,now 1:6.0.0-2+b1 amd64 [installed,automatic]
libxft-dev/testing,now 2.3.6-1+b1 amd64 [installed,automatic]
libxft2/testing,now 2.3.6-1+b1 amd64 [installed,automatic]
libxi-dev/testing,now 2:1.8.1-1 amd64 [installed,automatic]
libxi6/testing,now 2:1.8.1-1 amd64 [installed,automatic]
libxinerama-dev/testing,now 2:1.1.4-3+b1 amd64 [installed,automatic]
libxinerama1/testing,now 2:1.1.4-3+b1 amd64 [installed,automatic]
libxkbcommon-dev/testing,now 1.6.0-1+b1 amd64 [installed,automatic]
libxkbcommon0/testing,now 1.6.0-1+b1 amd64 [installed,automatic]
libxkbfile1/testing,now 1:1.1.0-1+b1 amd64 [installed,automatic]
libxklavier-dev/testing,now 5.4-5+b1 amd64 [installed]
libxklavier16/testing,now 5.4-5+b1 amd64 [installed,automatic]
libxml-parser-perl/testing,now 2.47-1+b2 amd64 [installed,automatic]
libxml-twig-perl/testing,now 1:3.52-3 all [installed,automatic]
libxml-xpathengine-perl/testing,now 0.14-2 all [installed,automatic]
libxml2-dev/testing,now 2.9.14+dfsg-1.3+b3 amd64 [installed]
libxml2-utils/testing,now 2.9.14+dfsg-1.3+b3 amd64 [installed]
libxml2/testing,now 2.9.14+dfsg-1.3+b3 amd64 [installed,automatic]
libxmu6/testing,now 2:1.1.3-3+b2 amd64 [installed,automatic]
libxmuu1/testing,now 2:1.1.3-3+b2 amd64 [installed,automatic]
libxpm4/testing,now 1:3.5.17-1+b1 amd64 [installed,automatic]
libxrandr-dev/testing,now 2:1.5.4-1 amd64 [installed,automatic]
libxrandr2/testing,now 2:1.5.4-1 amd64 [installed,automatic]
libxrender-dev/testing,now 1:0.9.10-1.1+b1 amd64 [installed,automatic]
libxrender1/testing,now 1:0.9.10-1.1+b1 amd64 [installed,automatic]
libxshmfence1/testing,now 1.3-1+b1 amd64 [installed,automatic]
libxslt1.1/testing,now 1.1.35-1.1 amd64 [installed,automatic]
libxss-dev/testing,now 1:1.2.3-1+b1 amd64 [installed]
libxss1/testing,now 1:1.2.3-1+b1 amd64 [installed,automatic]
libxstring-perl/testing,now 0.005-2+b3 amd64 [installed,automatic]
libxt-dev/testing,now 1:1.2.1-1.2 amd64 [installed]
libxt6t64/testing,now 1:1.2.1-1.2 amd64 [installed,automatic]
libxtst-dev/testing,now 2:1.2.3-1.1+b1 amd64 [installed,automatic]
libxtst6/testing,now 2:1.2.3-1.1+b1 amd64 [installed,automatic]
libxv1/testing,now 2:1.0.11-1.1+b1 amd64 [installed,automatic]
libxxf86dga1/testing,now 2:1.1.5-1+b1 amd64 [installed,automatic]
libxxf86vm-dev/testing,now 1:1.1.4-1+b2 amd64 [installed]
libxxf86vm1/testing,now 1:1.1.4-1+b2 amd64 [installed,automatic]
libxxhash0/testing,now 0.8.2-2+b1 amd64 [installed,automatic]
libyaml-0-2/testing,now 0.2.5-1+b1 amd64 [installed,automatic]
libyaml-tiny-perl/testing,now 1.74-1 all [installed,automatic]
libz3-4/testing,now 4.8.12-3.1+b2 amd64 [installed,automatic]
libz3-dev/testing,now 4.8.12-3.1+b2 amd64 [installed,automatic]
libzstd-dev/testing,now 1.5.6+dfsg-1 amd64 [installed,automatic]
libzstd1/testing,now 1.5.6+dfsg-1 amd64 [installed,automatic]
libzzip-0-13t64/testing,now 0.13.72+dfsg.1-1.2+b1 amd64 [installed,automatic]
linux-libc-dev/testing,now 6.10.6-1 all [installed,automatic]
linux-sysctl-defaults/testing,now 4.10.1 all [installed,automatic]
llvm-16-dev/testing,now 1:16.0.6-27+b1 amd64 [installed,automatic]
llvm-16-linker-tools/testing,now 1:16.0.6-27+b1 amd64 [installed,automatic]
llvm-16-runtime/testing,now 1:16.0.6-27+b1 amd64 [installed,automatic]
llvm-16-tools/testing,now 1:16.0.6-27+b1 amd64 [installed,automatic]
llvm-16/testing,now 1:16.0.6-27+b1 amd64 [installed,automatic]
lmodern/testing,now 2.005-1 all [installed,automatic]
login.defs/testing,now 1:4.16.0-4 all [installed,automatic]
login/testing,now 1:4.16.0-2+really2.40.2-7 amd64 [installed,automatic]
logsave/testing,now 1.47.1-1 amd64 [installed,automatic]
lsb-release/testing,now 12.1-1 all [installed,automatic]
luit/testing,now 2.0.20221028-1 amd64 [installed,automatic]
m4/testing,now 1.4.19-4 amd64 [installed,automatic]
make/testing,now 4.3-4.1 amd64 [installed]
manpages-dev/testing,now 6.8-2 all [installed,automatic]
manpages/testing,now 6.8-2 all [installed,automatic]
mawk/now 1.3.4.20240622-2 amd64 [installed,upgradable to: 1.3.4.20240819-3]
media-types/testing,now 10.1.0 all [installed,automatic]
mesa-vulkan-drivers/testing,now 24.1.3-2 amd64 [installed,automatic]
meson/testing,now 1.5.1-1 all [installed]
mount/testing,now 2.40.2-7 amd64 [installed,automatic]
mupdf-tools/testing,now 1.24.3+ds1-1+b1 amd64 [installed,automatic]
ncurses-base/testing,now 6.5-2 all [installed,automatic]
ncurses-bin/testing,now 6.5-2 amd64 [installed,automatic]
netbase/testing,now 6.4 all [installed,automatic]
ninja-build/testing,now 1.12.1-1 amd64 [installed,automatic]
openjdk-21-jre-headless/testing,now 21.0.4+7-3 amd64 [installed,automatic]
openjdk-21-jre/testing,now 21.0.4+7-3 amd64 [installed,automatic]
opensp/testing,now 1.5.2-15 amd64 [installed,automatic]
openssh-client/testing,now 1:9.8p1-4 amd64 [installed,automatic]
openssl-provider-legacy/testing,now 3.3.1-7 amd64 [installed,automatic]
openssl/testing,now 3.3.1-7 amd64 [installed,automatic]
pango1.0-tools/testing,now 1.54.0+ds-2 amd64 [installed,automatic]
passwd/testing,now 1:4.16.0-4 amd64 [installed,automatic]
patch/testing,now 2.7.6-7 amd64 [installed,automatic]
perl-base/testing,now 5.38.2-5 amd64 [installed,automatic]
perl-modules-5.38/testing,now 5.38.2-5 all [installed,automatic]
perl-openssl-defaults/testing,now 7+b2 amd64 [installed,automatic]
perl/testing,now 5.38.2-5 amd64 [installed,automatic]
pinentry-curses/testing,now 1.2.1-4 amd64 [installed,automatic]
pkgconf-bin/testing,now 1.8.1-3 amd64 [installed,automatic]
pkgconf/testing,now 1.8.1-3 amd64 [installed,automatic]
poppler-data/testing,now 0.4.12-1 all [installed,automatic]
preview-latex-style/testing,now 13.2-1 all [installed,automatic]
procps/testing,now 2:4.0.4-5 amd64 [installed,automatic]
psmisc/testing,now 23.7-1 amd64 [installed,automatic]
publicsuffix/testing,now 20231001.0357-0.1 all [installed,automatic]
python-apt-common/testing,now 2.9.0 all [installed,automatic]
python3-apt/testing,now 2.9.0+b1 amd64 [installed,automatic]
python3-bs4/testing,now 4.12.3-3 all [installed,automatic]
python3-chardet/testing,now 5.2.0+dfsg-1 all [installed,automatic]
python3-cssselect/testing,now 1.2.0-4 all [installed,automatic]
python3-html5lib/testing,now 1.1-6 all [installed,automatic]
python3-lxml/testing,now 5.3.0-1 amd64 [installed,automatic]
python3-mako/testing,now 1.3.5-1.1 all [installed,automatic]
python3-markdown/testing,now 3.6-1 all [installed,automatic]
python3-markupsafe/testing,now 2.1.5-1+b1 amd64 [installed,automatic]
python3-minimal/testing,now 3.12.5-1 amd64 [installed,automatic]
python3-packaging/testing,now 24.1-1 all [installed,automatic]
python3-pkg-resources/testing,now 70.3.0-2 all [installed,automatic]
python3-pygments/testing,now 2.18.0+dfsg-1 all [installed,automatic]
python3-setuptools/testing,now 70.3.0-2 all [installed,automatic]
python3-six/testing,now 1.16.0-7 all [installed,automatic]
python3-soupsieve/testing,now 2.6-1 all [installed,automatic]
python3-webencodings/testing,now 0.5.1-5 all [installed,automatic]
python3-yaml/testing,now 6.0.2-1 amd64 [installed,automatic]
python3.12-minimal/testing,now 3.12.5-4 amd64 [installed,automatic]
python3.12/testing,now 3.12.5-4 amd64 [installed,automatic]
python3/testing,now 3.12.5-1 amd64 [installed,automatic]
rake/testing,now 13.2.1-1 all [installed,automatic]
readline-common/testing,now 8.2-5 all [installed,automatic]
rpcsvc-proto/testing,now 1.4.3-1 amd64 [installed,automatic]
ruby-net-telnet/testing,now 0.2.0-1 all [installed,automatic]
ruby-rubygems/testing,now 3.4.20-1 all [installed,automatic]
ruby-sdbm/testing,now 1.0.0-5+b4 amd64 [installed,automatic]
ruby-webrick/testing,now 1.8.1-1 all [installed,automatic]
ruby-xmlrpc/testing,now 0.3.3-2 all [installed,automatic]
ruby3.1/testing,now 3.1.2-8.4 amd64 [installed,automatic]
ruby/testing,now 1:3.1+nmu1 amd64 [installed,automatic]
rubygems-integration/testing,now 1.18 all [installed,automatic]
sed/testing,now 4.9-2 amd64 [installed,automatic]
sensible-utils/testing,now 0.0.24 all [installed,automatic]
sgml-base/testing,now 1.31 all [installed,automatic]
sgml-data/testing,now 2.0.11+nmu1 all [installed,automatic]
shared-mime-info/testing,now 2.4-5 amd64 [installed,automatic]
systemd-cryptsetup/testing,now 256.5-1 amd64 [installed,automatic]
systemd-sysv/testing,now 256.5-1 amd64 [installed,automatic]
systemd-timesyncd/testing,now 256.5-1 amd64 [installed,automatic]
systemd/testing,now 256.5-1 amd64 [installed,automatic]
sysvinit-utils/now 3.09-2 amd64 [installed,upgradable to: 3.10-1]
t1utils/testing,now 1.41-4 amd64 [installed,automatic]
tar/testing,now 1.35+dfsg-3 amd64 [installed,automatic]
tcl-expect/testing,now 5.45.4-3 amd64 [installed,automatic]
tcl8.6/testing,now 8.6.14+dfsg-1 amd64 [installed,automatic]
tcl/testing,now 8.6.14 amd64 [installed,automatic]
tex-common/testing,now 6.18 all [installed,automatic]
tex-gyre/testing,now 20180621-6 all [installed,automatic]
texlive-base/testing,now 2024.20240706-1 all [installed,automatic]
texlive-bibtex-extra/testing,now 2024.20240706-2 all [installed,automatic]
texlive-binaries/testing,now 2024.20240313.70630+ds-4 amd64 [installed,automatic]
texlive-extra-utils/testing,now 2024.20240706-2 all [installed,automatic]
texlive-fonts-recommended/testing,now 2024.20240706-1 all [installed,automatic]
texlive-lang-greek/testing,now 2024.20240706-2 all [installed,automatic]
texlive-latex-base/testing,now 2024.20240706-1 all [installed,automatic]
texlive-latex-extra/testing,now 2024.20240706-2 all [installed,automatic]
texlive-latex-recommended/testing,now 2024.20240706-1 all [installed,automatic]
texlive-luatex/testing,now 2024.20240706-1 all [installed,automatic]
texlive-pictures/testing,now 2024.20240706-1 all [installed,automatic]
texlive-plain-generic/testing,now 2024.20240706-2 all [installed,automatic]
texlive-science/testing,now 2024.20240706-2 all [installed,automatic]
texlive/testing,now 2024.20240706-1 all [installed,automatic]
tipa/testing,now 2:1.3-21 all [installed,automatic]
tk8.6/testing,now 8.6.14-1 amd64 [installed,automatic]
tk/testing,now 8.6.14 amd64 [installed,automatic]
tzdata/testing,now 2024a-4 all [installed,automatic]
ucf/testing,now 3.0043+nmu1 all [installed,automatic]
unzip/testing,now 6.0-28 amd64 [installed,automatic]
usr-is-merged/testing,now 39 all [installed,automatic]
util-linux/testing,now 2.40.2-7 amd64 [installed,automatic]
uuid-dev/testing,now 2.40.2-7 amd64 [installed,automatic]
wayland-protocols/testing,now 1.36-1 all [installed,automatic]
x11-common/testing,now 1:7.7+23.1 all [installed,automatic]
x11-utils/testing,now 7.7+6+b1 amd64 [installed,automatic]
x11-xkb-utils/testing,now 7.7+9 amd64 [installed,automatic]
x11-xserver-utils/testing,now 7.7+10+b1 amd64 [installed,automatic]
x11proto-dev/testing,now 2024.1-1 all [installed,automatic]
x11proto-scrnsaver-dev/testing,now 2024.1-1 all [installed]
x11proto-xext-dev/testing,now 2024.1-1 all [installed]
x11proto-xf86vidmode-dev/testing,now 2024.1-1 all [installed]
xauth/testing,now 1:1.1.2-1 amd64 [installed,automatic]
xdg-user-dirs/testing,now 0.18-1 amd64 [installed,automatic]
xdg-utils/testing,now 1.1.3-4.1 all [installed,automatic]
xfonts-encodings/testing,now 1:1.0.4-2.2 all [installed,automatic]
xfonts-utils/testing,now 1:7.7+6 amd64 [installed,automatic]
xkb-data/testing,now 2.42-1 all [installed,automatic]
xml-core/testing,now 0.19 all [installed,automatic]
xmlto/testing,now 0.0.28-3.1 amd64 [installed]
xorg-sgml-doctools/testing,now 1:1.11-1.1 all [installed,automatic]
xsltproc/testing,now 1.1.35-1.1 amd64 [installed,automatic]
xtrans-dev/testing,now 1.4.0-1 all [installed,automatic]
xz-utils/testing,now 5.6.2-2 amd64 [installed,automatic]
zip/testing,now 3.0-14 amd64 [installed,automatic]
zlib1g-dev/testing,now 1:1.3.dfsg+really1.3.1-1 amd64 [installed,automatic]
zlib1g/testing,now 1:1.3.dfsg+really1.3.1-1 amd64 [installed,automatic]
zutty/testing,now 0.16.0.20240607+dfsg1-1 amd64 [installed,automatic]
Errors detected in the build 0
Warnings detected in the logs 287
cppcheck defects detected in the logs 74
TOTAL warnings detected in the logs 361
